<?xml version="1.0" encoding="UTF-8"?>
<!-- Generated by org.testng.reporters.JUnitXMLReporter -->
<testsuite ignored="0" hostname="DIOT4" failures="1" tests="1" name="Simple TestNG Test" time="24.544" errors="0" timestamp="2025-11-27T20:05:01 IST">
  <testcase classname="comcart.CartCheck" name="checkAddcart" time="15.521">
    <failure type="org.openqa.selenium.JavascriptException" message="javascript error: Unexpected token &amp;apos;:&amp;apos;
  (Session info: chrome=142.0.7444.176)
Build info: version: &amp;apos;4.34.0&amp;apos;, revision: &amp;apos;707dcb4246*&amp;apos;
System info: os.name: &amp;apos;Windows 10&amp;apos;, os.arch: &amp;apos;amd64&amp;apos;, os.version: &amp;apos;10.0&amp;apos;, java.version: &amp;apos;21.0.7&amp;apos;
Driver info: org.openqa.selenium.chrome.ChromeDriver
Command: [a62bf8e6cc69d996c9fc9072f02a9fa6, executeScript {args=[], script=browserstack_executor:{&amp;quot;action&amp;quot;:&amp;quot;setSessionStatus&amp;quot;, &amp;quot;arguments&amp;quot;: {&amp;quot;status&amp;quot;:&amp;quot; failed &amp;quot;, &amp;quot;reason&amp;quot;: &amp;quot;Add to Cart Failed javascript error: Unexpected token &amp;apos;:&amp;apos;
  (Session info: chrome=142.0.7444.176)
Build info: version: &amp;apos;4.34.0&amp;apos;, revision: &amp;apos;707dcb4246*&amp;apos;
System info: os.name: &amp;apos;Windows 10&amp;apos;, os.arch: &amp;apos;amd64&amp;apos;, os.version: &amp;apos;10.0&amp;apos;, java.version: &amp;apos;21.0.7&amp;apos;
Driver info: org.openqa.selenium.chrome.ChromeDriver
Command: [a62bf8e6cc69d996c9fc9072f02a9fa6, executeScript {args=[], script=browserstack_executor:{&amp;quot;action&amp;quot;:&amp;quot;setSessionStatus&amp;quot;, &amp;quot;arguments&amp;quot;: {&amp;quot;status&amp;quot;:&amp;quot; pass &amp;quot;, &amp;quot;reason&amp;quot;: &amp;quot;Add to Cart &amp;quot;}}}]
Capabilities {acceptInsecureCerts: false, browserName: chrome, browserVersion: 142.0.7444.176, chrome: {chromedriverVersion: 142.0.7444.175 (302067f14a4..., userDataDir: C:\Temp\scoped_dir20112_193...}, fedcm:accounts: true, goog:chromeOptions: {debuggerAddress: localhost:50275}, goog:processID: 19716, networkConnectionEnabled: false, pageLoadStrategy: normal, platformName: windows, proxy: Proxy(), se:cdp: ws://localhost:50275/devtoo..., se:cdpVersion: 142.0.7444.176, setWindowRect: true, strictFileInteractability: false, timeouts: {implicit: 0, pageLoad: 300000, script: 30000}, unhandledPromptBehavior: dismiss and notify, webauthn:extension:credBlob: true, webauthn:extension:largeBlob: true, webauthn:extension:minPinLength: true, webauthn:extension:prf: true, webauthn:virtualAuthenticators: true}
Session ID: a62bf8e6cc69d996c9fc9072f02a9fa6&amp;quot;}}}]
Capabilities {acceptInsecureCerts: false, browserName: chrome, browserVersion: 142.0.7444.176, chrome: {chromedriverVersion: 142.0.7444.175 (302067f14a4..., userDataDir: C:\Temp\scoped_dir20112_193...}, fedcm:accounts: true, goog:chromeOptions: {debuggerAddress: localhost:50275}, goog:processID: 19716, networkConnectionEnabled: false, pageLoadStrategy: normal, platformName: windows, proxy: Proxy(), se:cdp: ws://localhost:50275/devtoo..., se:cdpVersion: 142.0.7444.176, setWindowRect: true, strictFileInteractability: false, timeouts: {implicit: 0, pageLoad: 300000, script: 30000}, unhandledPromptBehavior: dismiss and notify, webauthn:extension:credBlob: true, webauthn:extension:largeBlob: true, webauthn:extension:minPinLength: true, webauthn:extension:prf: true, webauthn:virtualAuthenticators: true}
Session ID: a62bf8e6cc69d996c9fc9072f02a9fa6">
      <![CDATA[org.openqa.selenium.JavascriptException: javascript error: Unexpected token ':'
  (Session info: chrome=142.0.7444.176)
Build info: version: '4.34.0', revision: '707dcb4246*'
System info: os.name: 'Windows 10', os.arch: 'amd64', os.version: '10.0', java.version: '21.0.7'
Driver info: org.openqa.selenium.chrome.ChromeDriver
Command: [a62bf8e6cc69d996c9fc9072f02a9fa6, executeScript {args=[], script=browserstack_executor:{"action":"setSessionStatus", "arguments": {"status":" failed ", "reason": "Add to Cart Failed javascript error: Unexpected token ':'
  (Session info: chrome=142.0.7444.176)
Build info: version: '4.34.0', revision: '707dcb4246*'
System info: os.name: 'Windows 10', os.arch: 'amd64', os.version: '10.0', java.version: '21.0.7'
Driver info: org.openqa.selenium.chrome.ChromeDriver
Command: [a62bf8e6cc69d996c9fc9072f02a9fa6, executeScript {args=[], script=browserstack_executor:{"action":"setSessionStatus", "arguments": {"status":" pass ", "reason": "Add to Cart "}}}]
Capabilities {acceptInsecureCerts: false, browserName: chrome, browserVersion: 142.0.7444.176, chrome: {chromedriverVersion: 142.0.7444.175 (302067f14a4..., userDataDir: C:\Temp\scoped_dir20112_193...}, fedcm:accounts: true, goog:chromeOptions: {debuggerAddress: localhost:50275}, goog:processID: 19716, networkConnectionEnabled: false, pageLoadStrategy: normal, platformName: windows, proxy: Proxy(), se:cdp: ws://localhost:50275/devtoo..., se:cdpVersion: 142.0.7444.176, setWindowRect: true, strictFileInteractability: false, timeouts: {implicit: 0, pageLoad: 300000, script: 30000}, unhandledPromptBehavior: dismiss and notify, webauthn:extension:credBlob: true, webauthn:extension:largeBlob: true, webauthn:extension:minPinLength: true, webauthn:extension:prf: true, webauthn:virtualAuthenticators: true}
Session ID: a62bf8e6cc69d996c9fc9072f02a9fa6"}}}]
Capabilities {acceptInsecureCerts: false, browserName: chrome, browserVersion: 142.0.7444.176, chrome: {chromedriverVersion: 142.0.7444.175 (302067f14a4..., userDataDir: C:\Temp\scoped_dir20112_193...}, fedcm:accounts: true, goog:chromeOptions: {debuggerAddress: localhost:50275}, goog:processID: 19716, networkConnectionEnabled: false, pageLoadStrategy: normal, platformName: windows, proxy: Proxy(), se:cdp: ws://localhost:50275/devtoo..., se:cdpVersion: 142.0.7444.176, setWindowRect: true, strictFileInteractability: false, timeouts: {implicit: 0, pageLoad: 300000, script: 30000}, unhandledPromptBehavior: dismiss and notify, webauthn:extension:credBlob: true, webauthn:extension:largeBlob: true, webauthn:extension:minPinLength: true, webauthn:extension:prf: true, webauthn:virtualAuthenticators: true}
Session ID: a62bf8e6cc69d996c9fc9072f02a9fa6
at org.openqa.selenium.remote.ErrorCodec.decode(ErrorCodec.java:167)
at org.openqa.selenium.remote.codec.w3c.W3CHttpResponseCodec.decode(W3CHttpResponseCodec.java:138)
at org.openqa.selenium.remote.codec.w3c.W3CHttpResponseCodec.decode(W3CHttpResponseCodec.java:50)
at org.openqa.selenium.remote.HttpCommandExecutor.execute(HttpCommandExecutor.java:215)
at org.openqa.selenium.remote.service.DriverCommandExecutor.invokeExecute(DriverCommandExecutor.java:216)
at org.openqa.selenium.remote.service.DriverCommandExecutor.execute(DriverCommandExecutor.java:174)
at org.openqa.selenium.remote.RemoteWebDriver.execute(RemoteWebDriver.java:544)
at org.openqa.selenium.remote.RemoteWebDriver.executeScript(RemoteWebDriver.java:475)
at comcart.CartCheck.markTestStatus(CartCheck.java:35)
at comcart.CartCheck.checkAddcart(CartCheck.java:103)
at java.base/java.util.ArrayList.forEach(ArrayList.java:1596)
... Removed 28 stack frames]]>
    </failure>
  </testcase> <!-- checkAddcart -->
</testsuite> <!-- Simple TestNG Test -->
