<?xml version="1.0" encoding="UTF-8"?>
<!-- Generated by org.testng.reporters.JUnitXMLReporter -->
<testsuite ignored="0" hostname="DIOT4" failures="0" tests="2" name="Simple TestNG Tests" time="25.658" errors="0" timestamp="2025-11-25T16:04:40 IST">
  <testcase classname="ccstDemo.Login_SauceDemo_TestNG" name="testPositiveLoginSauceDemo" time="1.023"/>
  <testcase classname="ccstDemo.Login_SauceDemo_TestNG" name="testNegativeLoginSauceDemo" time="21.756"/>
</testsuite> <!-- Simple TestNG Tests -->
