<?xml version="1.0" encoding="UTF-8"?>
<!-- Generated by org.testng.reporters.JUnitReportReporter -->
<testsuite hostname="DIOT4" failures="0" tests="2" name="ccstDemo.Login_SauceDemo_TestNG" time="4.895" errors="0" timestamp="2025-11-26T15:08:54 IST" skipped="0">
  <testcase classname="ccstDemo.Login_SauceDemo_TestNG" name="testPositiveLoginSauceDemo" time="2.713"/>
  <testcase classname="ccstDemo.Login_SauceDemo_TestNG" name="testNegativeLoginSauceDemo" time="2.182"/>
</testsuite> <!-- ccstDemo.Login_SauceDemo_TestNG -->
