<?xml version="1.0" encoding="UTF-8"?>
<testng-results ignored="0" total="1" passed="1" failed="0" skipped="0">
  <reporter-output>
  </reporter-output>
  <suite started-at="2025-12-23T13:38:34 IST" name="Default suite" finished-at="2025-12-23T13:38:37 IST" duration-ms="3205">
    <groups>
    </groups>
    <test started-at="2025-12-23T13:38:34 IST" name="Default test" finished-at="2025-12-23T13:38:37 IST" duration-ms="3205">
      <class name="microservice.getTESTCASE">
        <test-method signature="ccst_GETTEST()[pri:0, instance:microservice.getTESTCASE@644baf4a]" started-at="2025-12-23T13:38:34 IST" name="ccst_GETTEST" finished-at="2025-12-23T13:38:37 IST" duration-ms="3161" status="PASS">
          <reporter-output>
          </reporter-output>
        </test-method> <!-- ccst_GETTEST -->
      </class> <!-- microservice.getTESTCASE -->
    </test> <!-- Default test -->
  </suite> <!-- Default suite -->
</testng-results>
