15:52:58.652 [main] TRACE c.b.config.BrowserStackConfig - isGaugeTestOpsSession called with testObservabilityExplicit: false, framework: null, returning: false
15:52:59.078 [main] DEBUG com.browserstack.v2.SdkCliUtils - Giving write permission to C:\Users\cdac\.browserstack
15:52:59.078 [main] WARN  com.browserstack.v2.SdkCliUtils - Unable to provide write permission to C:\Users\cdac\.browserstack
15:52:59.080 [main] DEBUG com.browserstack.v2.SdkCliUtils - getExistingCliPath: no binary found
15:52:59.080 [main] DEBUG com.browserstack.v2.SdkCliUtils - Current CLI Path Found: 
15:52:59.101 [main] ERROR com.browserstack.v2.SdkCliUtils - Error in setting up cli path directory, Exception: java.lang.NullPointerException: Parameter specified as non-null is null: method browserstack.shaded.okhttp3.Credentials.basic$default, parameter username
	at browserstack.shaded.okhttp3.Credentials.basic(Unknown Source)
	at browserstack.shaded.okhttp3.Credentials.basic$default(Unknown Source)
	at browserstack.shaded.okhttp3.Credentials.basic(Unknown Source)
	at com.browserstack.v2.SdkCliUtils.a(Unknown Source)
	at com.browserstack.v2.SdkCliUtils.checkAndUpdateCli(Unknown Source)
	at com.browserstack.v2.SdkCliUtils.setupCliPath(Unknown Source)
	at com.browserstack.v2.SdkCLI.<clinit>(Unknown Source)
	at com.browserstack.monitoring.PerformanceTester.measure(Unknown Source)
	at com.browserstack.monitoring.PerformanceTester.end(Unknown Source)
	at com.browserstack.testNgListeners.BrowserstackSuiteListener.a(Unknown Source)
	at com.browserstack.testNgListeners.BrowserstackSuiteListener.onStart(Unknown Source)
	at org.testng.SuiteRunner.invokeListeners(SuiteRunner.java:268)
	at org.testng.SuiteRunner.run(SuiteRunner.java:334)
	at org.testng.SuiteRunnerWorker.runSuite(SuiteRunnerWorker.java:52)
	at org.testng.SuiteRunnerWorker.run(SuiteRunnerWorker.java:95)
	at org.testng.TestNG.runSuitesSequentially(TestNG.java:1301)
	at org.testng.TestNG.runSuitesLocally(TestNG.java:1228)
	at org.testng.TestNG.runSuites(TestNG.java:1134)
	at org.testng.TestNG.run(TestNG.java:1101)
	at org.testng.remote.AbstractRemoteTestNG.run(AbstractRemoteTestNG.java:115)
	at org.testng.remote.RemoteTestNG.initAndRun(RemoteTestNG.java:293)
	at org.testng.remote.RemoteTestNG.main(RemoteTestNG.java:91)

15:53:28.039 [main] TRACE c.b.config.BrowserStackConfig - isGaugeTestOpsSession called with testObservabilityExplicit: false, framework: null, returning: false
15:53:28.052 [main] DEBUG c.b.utils.FunnelInstrumentation - Error in getting Product:
java.lang.NullPointerException: Cannot invoke "String.equalsIgnoreCase(String)" because the return value of "com.browserstack.config.BrowserStackConfig.getFramework()" is null
	at com.browserstack.utils.FunnelInstrumentation.a(Unknown Source)
	at java.base/java.util.stream.MatchOps$1MatchSink.accept(MatchOps.java:90)
	at java.base/java.util.Spliterators$ArraySpliterator.tryAdvance(Spliterators.java:1034)
	at java.base/java.util.stream.ReferencePipeline.forEachWithCancel(ReferencePipeline.java:129)
	at java.base/java.util.stream.AbstractPipeline.copyIntoWithCancel(AbstractPipeline.java:527)
	at java.base/java.util.stream.AbstractPipeline.copyInto(AbstractPipeline.java:513)
	at java.base/java.util.stream.AbstractPipeline.wrapAndCopyInto(AbstractPipeline.java:499)
	at java.base/java.util.stream.MatchOps$MatchOp.evaluateSequential(MatchOps.java:230)
	at java.base/java.util.stream.MatchOps$MatchOp.evaluateSequential(MatchOps.java:196)
	at java.base/java.util.stream.AbstractPipeline.evaluate(AbstractPipeline.java:234)
	at java.base/java.util.stream.ReferencePipeline.anyMatch(ReferencePipeline.java:632)
	at com.browserstack.utils.FunnelInstrumentation.getProducts(Unknown Source)
	at com.browserstack.utils.FunnelInstrumentation.createParamsForEvent(Unknown Source)
	at com.browserstack.utils.FunnelInstrumentation.sendSDKEvent(Unknown Source)
	at com.browserstack.testNgListeners.TmpSuiteListener.onFinish(Unknown Source)
	at org.testng.TestRunner.fireEvent(TestRunner.java:957)
	at org.testng.TestRunner.afterRun(TestRunner.java:914)
	at org.testng.TestRunner.run(TestRunner.java:622)
	at org.testng.SuiteRunner.runTest(SuiteRunner.java:443)
	at org.testng.SuiteRunner.runSequentially(SuiteRunner.java:437)
	at org.testng.SuiteRunner.privateRun(SuiteRunner.java:397)
	at org.testng.SuiteRunner.run(SuiteRunner.java:336)
	at org.testng.SuiteRunnerWorker.runSuite(SuiteRunnerWorker.java:52)
	at org.testng.SuiteRunnerWorker.run(SuiteRunnerWorker.java:95)
	at org.testng.TestNG.runSuitesSequentially(TestNG.java:1301)
	at org.testng.TestNG.runSuitesLocally(TestNG.java:1228)
	at org.testng.TestNG.runSuites(TestNG.java:1134)
	at org.testng.TestNG.run(TestNG.java:1101)
	at org.testng.remote.AbstractRemoteTestNG.run(AbstractRemoteTestNG.java:115)
	at org.testng.remote.RemoteTestNG.initAndRun(RemoteTestNG.java:293)
	at org.testng.remote.RemoteTestNG.main(RemoteTestNG.java:91)
15:53:28.054 [main] TRACE c.b.config.BrowserStackConfig - isGaugeTestOpsSession called with testObservabilityExplicit: false, framework: null, returning: false
15:53:28.059 [main] DEBUG c.b.utils.FrameworkDetectionUtils - Couldn't find dependency class: appium
15:53:28.094 [main] DEBUG com.browserstack.testOps.UsageStats - getFormattedData: Collecting data for TEST REPORTING AND ANALYTICS
15:53:28.094 [main] TRACE c.b.config.BrowserStackConfig - isGaugeTestOpsSession called with testObservabilityExplicit: false, framework: null, returning: false
15:53:28.114 [main] TRACE c.b.t.TestOrchestrationUtils - getInstrumentationData: invoked
15:53:28.119 [main] DEBUG c.b.utils.FunnelInstrumentation - Sending funnel data for SDKTestSuccessful with data: {"event_type":"SDKTestSuccessful","accessKey":"[REDACTED]","userName":"[REDACTED]","event_properties":{"isPercyAutoEnabled":false,"language":"java","sdkRunId":"c6a68caf-2b93-451d-9bb2-085043947509","buildIdentifier":"unknown","testhub_uuid":"","detectedAppiumVersion":"null","productMap":{"app_automate":false,"accessibility":null,"automate":true,"percy":false,"observability":false,"turboscale":false},"hostname":"DIOT4","measures":{"sdk:pre-test":0.019299998879432678},"productUsage":{"testObservability":{"buildHashedId":"","manuallySet":false,"enabled":false}},"browserStackConfig":{"browserstackLocal":null,"percy":false,"logLevel":"info","staticWebDriver":true,"autoDetectFramework":true,"percyCaptureMode":"AUTO","browserStackLocalOptions":null,"percyOptions":null,"testContextOptions":{"skipSessionName":false,"skipSessionStatus":false,"serenityOverridePlugin":false},"platforms":null,"parallelsPerPlatform":null,"framework":null,"accessibility":false,"accessibilityOptions":{},"turboScaleOptions":{},"disableAutoCaptureLogs":true,"testObservability":true,"browserstackAutomation":true,"turboScale":false,"testObservabilityOptions":{},"gradleMConfig":null,"proxySettings":null},"automationFrameworkVersion":null,"percyBuildId":null,"product":"[automate]","buildName":"unknown","os":"Windows 10","languageVersion":"21.0.7","appiumVersion":"null","frameworkDetectionInstrumentation":{},"detectedDependencies":"","referrer":"unknown","locationTrigger":"onFinish","accessibilityConfiguration":{"pollingTimeout":30},"language_framework":"unknown","testOrchestration":{"abortBuildOnFailure":{"enabled":false},"retryTestsOnFailure":{"enabled":false},"userConfig":{}},"detectedSeleniumVersion":"4.19.1","automationFramework":"selenium","seleniumVersion":"null"}}
15:53:28.120 [main] DEBUG c.b.utils.FunnelInstrumentation - sendAmplitudeEvent failed:
java.lang.NullPointerException: Parameter specified as non-null is null: method browserstack.shaded.okhttp3.Credentials.basic$default, parameter username
	at browserstack.shaded.okhttp3.Credentials.basic(Unknown Source)
	at browserstack.shaded.okhttp3.Credentials.basic$default(Unknown Source)
	at browserstack.shaded.okhttp3.Credentials.basic(Unknown Source)
	at com.browserstack.utils.FunnelInstrumentation.fireRequest(Unknown Source)
	at com.browserstack.utils.FunnelInstrumentation.sendSDKEvent(Unknown Source)
	at com.browserstack.testNgListeners.TmpSuiteListener.onFinish(Unknown Source)
	at org.testng.TestRunner.fireEvent(TestRunner.java:957)
	at org.testng.TestRunner.afterRun(TestRunner.java:914)
	at org.testng.TestRunner.run(TestRunner.java:622)
	at org.testng.SuiteRunner.runTest(SuiteRunner.java:443)
	at org.testng.SuiteRunner.runSequentially(SuiteRunner.java:437)
	at org.testng.SuiteRunner.privateRun(SuiteRunner.java:397)
	at org.testng.SuiteRunner.run(SuiteRunner.java:336)
	at org.testng.SuiteRunnerWorker.runSuite(SuiteRunnerWorker.java:52)
	at org.testng.SuiteRunnerWorker.run(SuiteRunnerWorker.java:95)
	at org.testng.TestNG.runSuitesSequentially(TestNG.java:1301)
	at org.testng.TestNG.runSuitesLocally(TestNG.java:1228)
	at org.testng.TestNG.runSuites(TestNG.java:1134)
	at org.testng.TestNG.run(TestNG.java:1101)
	at org.testng.remote.AbstractRemoteTestNG.run(AbstractRemoteTestNG.java:115)
	at org.testng.remote.RemoteTestNG.initAndRun(RemoteTestNG.java:293)
	at org.testng.remote.RemoteTestNG.main(RemoteTestNG.java:91)
15:53:28.123 [main] DEBUG c.browserstack.utils.CurrentTestMap - Searching for Test Run ID for Thread: 1
15:53:28.123 [main] TRACE c.b.config.BrowserStackConfig - isGaugeTestOpsSession called with testObservabilityExplicit: false, framework: null, returning: false
15:53:28.123 [main] DEBUG c.browserstack.utils.CurrentTestMap - Searching for Test Run ID for Thread: 1
15:53:28.123 [main] TRACE c.b.config.BrowserStackConfig - isGaugeTestOpsSession called with testObservabilityExplicit: false, framework: null, returning: false
15:53:28.124 [main] DEBUG c.browserstack.utils.CurrentTestMap - Searching for Test Run ID for Thread: 1
15:53:28.125 [main] TRACE c.b.config.BrowserStackConfig - isGaugeTestOpsSession called with testObservabilityExplicit: false, framework: null, returning: false
15:53:28.164 [main] DEBUG c.b.monitoring.PerformanceTester - Failed to append key metrics to file C:\Users\cdac\CCST_lATEST_iNDUSATRY\CCST_LITCCST_LIT\log\key-metrics.json
15:53:28.165 [main] DEBUG c.browserstack.utils.CurrentTestMap - Searching for Test Run ID for Thread: 1
15:53:28.165 [main] TRACE c.b.config.BrowserStackConfig - isGaugeTestOpsSession called with testObservabilityExplicit: false, framework: null, returning: false
16:04:14.024 [main] TRACE c.b.config.BrowserStackConfig - isGaugeTestOpsSession called with testObservabilityExplicit: false, framework: null, returning: false
16:04:14.421 [main] DEBUG com.browserstack.v2.SdkCliUtils - File C:\Users\cdac\.browserstack already exist
16:04:14.422 [main] DEBUG com.browserstack.v2.SdkCliUtils - getExistingCliPath: no binary found
16:04:14.422 [main] DEBUG com.browserstack.v2.SdkCliUtils - Current CLI Path Found: 
16:04:14.441 [main] ERROR com.browserstack.v2.SdkCliUtils - Error in setting up cli path directory, Exception: java.lang.NullPointerException: Parameter specified as non-null is null: method browserstack.shaded.okhttp3.Credentials.basic$default, parameter username
	at browserstack.shaded.okhttp3.Credentials.basic(Unknown Source)
	at browserstack.shaded.okhttp3.Credentials.basic$default(Unknown Source)
	at browserstack.shaded.okhttp3.Credentials.basic(Unknown Source)
	at com.browserstack.v2.SdkCliUtils.a(Unknown Source)
	at com.browserstack.v2.SdkCliUtils.checkAndUpdateCli(Unknown Source)
	at com.browserstack.v2.SdkCliUtils.setupCliPath(Unknown Source)
	at com.browserstack.v2.SdkCLI.<clinit>(Unknown Source)
	at com.browserstack.monitoring.PerformanceTester.measure(Unknown Source)
	at com.browserstack.monitoring.PerformanceTester.end(Unknown Source)
	at com.browserstack.testNgListeners.BrowserstackSuiteListener.a(Unknown Source)
	at com.browserstack.testNgListeners.BrowserstackSuiteListener.onStart(Unknown Source)
	at org.testng.SuiteRunner.invokeListeners(SuiteRunner.java:268)
	at org.testng.SuiteRunner.run(SuiteRunner.java:334)
	at org.testng.SuiteRunnerWorker.runSuite(SuiteRunnerWorker.java:52)
	at org.testng.SuiteRunnerWorker.run(SuiteRunnerWorker.java:95)
	at org.testng.TestNG.runSuitesSequentially(TestNG.java:1301)
	at org.testng.TestNG.runSuitesLocally(TestNG.java:1228)
	at org.testng.TestNG.runSuites(TestNG.java:1134)
	at org.testng.TestNG.run(TestNG.java:1101)
	at org.testng.remote.AbstractRemoteTestNG.run(AbstractRemoteTestNG.java:115)
	at org.testng.remote.RemoteTestNG.initAndRun(RemoteTestNG.java:293)
	at org.testng.remote.RemoteTestNG.main(RemoteTestNG.java:91)

16:04:14.449 [main] DEBUG c.b.monitoring.PerformanceTester - Failed to append key metrics to file C:\Users\cdac\CCST_lATEST_iNDUSATRY\CCST_LITCCST_LIT\log\key-metrics.json
16:04:40.116 [main] TRACE c.b.config.BrowserStackConfig - isGaugeTestOpsSession called with testObservabilityExplicit: false, framework: null, returning: false
16:04:40.118 [main] DEBUG c.b.utils.FunnelInstrumentation - Error in getting Product:
java.lang.NullPointerException: Cannot invoke "String.equalsIgnoreCase(String)" because the return value of "com.browserstack.config.BrowserStackConfig.getFramework()" is null
	at com.browserstack.utils.FunnelInstrumentation.a(Unknown Source)
	at java.base/java.util.stream.MatchOps$1MatchSink.accept(MatchOps.java:90)
	at java.base/java.util.Spliterators$ArraySpliterator.tryAdvance(Spliterators.java:1034)
	at java.base/java.util.stream.ReferencePipeline.forEachWithCancel(ReferencePipeline.java:129)
	at java.base/java.util.stream.AbstractPipeline.copyIntoWithCancel(AbstractPipeline.java:527)
	at java.base/java.util.stream.AbstractPipeline.copyInto(AbstractPipeline.java:513)
	at java.base/java.util.stream.AbstractPipeline.wrapAndCopyInto(AbstractPipeline.java:499)
	at java.base/java.util.stream.MatchOps$MatchOp.evaluateSequential(MatchOps.java:230)
	at java.base/java.util.stream.MatchOps$MatchOp.evaluateSequential(MatchOps.java:196)
	at java.base/java.util.stream.AbstractPipeline.evaluate(AbstractPipeline.java:234)
	at java.base/java.util.stream.ReferencePipeline.anyMatch(ReferencePipeline.java:632)
	at com.browserstack.utils.FunnelInstrumentation.getProducts(Unknown Source)
	at com.browserstack.utils.FunnelInstrumentation.createParamsForEvent(Unknown Source)
	at com.browserstack.utils.FunnelInstrumentation.sendSDKEvent(Unknown Source)
	at com.browserstack.testNgListeners.TmpSuiteListener.onFinish(Unknown Source)
	at org.testng.TestRunner.fireEvent(TestRunner.java:957)
	at org.testng.TestRunner.afterRun(TestRunner.java:914)
	at org.testng.TestRunner.run(TestRunner.java:622)
	at org.testng.SuiteRunner.runTest(SuiteRunner.java:443)
	at org.testng.SuiteRunner.runSequentially(SuiteRunner.java:437)
	at org.testng.SuiteRunner.privateRun(SuiteRunner.java:397)
	at org.testng.SuiteRunner.run(SuiteRunner.java:336)
	at org.testng.SuiteRunnerWorker.runSuite(SuiteRunnerWorker.java:52)
	at org.testng.SuiteRunnerWorker.run(SuiteRunnerWorker.java:95)
	at org.testng.TestNG.runSuitesSequentially(TestNG.java:1301)
	at org.testng.TestNG.runSuitesLocally(TestNG.java:1228)
	at org.testng.TestNG.runSuites(TestNG.java:1134)
	at org.testng.TestNG.run(TestNG.java:1101)
	at org.testng.remote.AbstractRemoteTestNG.run(AbstractRemoteTestNG.java:115)
	at org.testng.remote.RemoteTestNG.initAndRun(RemoteTestNG.java:293)
	at org.testng.remote.RemoteTestNG.main(RemoteTestNG.java:91)
16:04:40.119 [main] TRACE c.b.config.BrowserStackConfig - isGaugeTestOpsSession called with testObservabilityExplicit: false, framework: null, returning: false
16:04:40.125 [main] DEBUG c.b.utils.FrameworkDetectionUtils - Couldn't find dependency class: appium
16:04:40.160 [main] DEBUG com.browserstack.testOps.UsageStats - getFormattedData: Collecting data for TEST REPORTING AND ANALYTICS
16:04:40.160 [main] TRACE c.b.config.BrowserStackConfig - isGaugeTestOpsSession called with testObservabilityExplicit: false, framework: null, returning: false
16:04:40.203 [main] TRACE c.b.t.TestOrchestrationUtils - getInstrumentationData: invoked
16:04:40.216 [main] DEBUG c.b.utils.FunnelInstrumentation - Sending funnel data for SDKTestSuccessful with data: {"event_type":"SDKTestSuccessful","accessKey":"[REDACTED]","userName":"[REDACTED]","event_properties":{"isPercyAutoEnabled":false,"language":"java","sdkRunId":"5d22a43c-1ea9-497c-88f3-3a753b579f16","buildIdentifier":"unknown","testhub_uuid":"","detectedAppiumVersion":"null","productMap":{"app_automate":false,"accessibility":null,"automate":true,"percy":false,"observability":false,"turboscale":false},"hostname":"DIOT4","measures":{"sdk:pre-test":0.020400000736117363},"productUsage":{"testObservability":{"buildHashedId":"","manuallySet":false,"enabled":false}},"browserStackConfig":{"browserstackLocal":null,"percy":false,"logLevel":"info","staticWebDriver":true,"autoDetectFramework":true,"percyCaptureMode":"AUTO","browserStackLocalOptions":null,"percyOptions":null,"testContextOptions":{"skipSessionStatus":false,"serenityOverridePlugin":false,"skipSessionName":false},"platforms":null,"parallelsPerPlatform":null,"framework":null,"accessibility":false,"accessibilityOptions":{},"turboScaleOptions":{},"disableAutoCaptureLogs":true,"testObservability":true,"browserstackAutomation":true,"turboScale":false,"testObservabilityOptions":{},"gradleMConfig":null,"proxySettings":null},"automationFrameworkVersion":null,"percyBuildId":null,"product":"[automate]","buildName":"unknown","os":"Windows 10","languageVersion":"21.0.7","appiumVersion":"null","frameworkDetectionInstrumentation":{},"detectedDependencies":"","referrer":"unknown","locationTrigger":"onFinish","accessibilityConfiguration":{"pollingTimeout":30},"language_framework":"unknown","testOrchestration":{"abortBuildOnFailure":{"enabled":false},"retryTestsOnFailure":{"enabled":false},"userConfig":{}},"detectedSeleniumVersion":"4.19.1","automationFramework":"selenium","seleniumVersion":"null"}}
16:04:40.217 [main] DEBUG c.b.utils.FunnelInstrumentation - sendAmplitudeEvent failed:
java.lang.NullPointerException: Parameter specified as non-null is null: method browserstack.shaded.okhttp3.Credentials.basic$default, parameter username
	at browserstack.shaded.okhttp3.Credentials.basic(Unknown Source)
	at browserstack.shaded.okhttp3.Credentials.basic$default(Unknown Source)
	at browserstack.shaded.okhttp3.Credentials.basic(Unknown Source)
	at com.browserstack.utils.FunnelInstrumentation.fireRequest(Unknown Source)
	at com.browserstack.utils.FunnelInstrumentation.sendSDKEvent(Unknown Source)
	at com.browserstack.testNgListeners.TmpSuiteListener.onFinish(Unknown Source)
	at org.testng.TestRunner.fireEvent(TestRunner.java:957)
	at org.testng.TestRunner.afterRun(TestRunner.java:914)
	at org.testng.TestRunner.run(TestRunner.java:622)
	at org.testng.SuiteRunner.runTest(SuiteRunner.java:443)
	at org.testng.SuiteRunner.runSequentially(SuiteRunner.java:437)
	at org.testng.SuiteRunner.privateRun(SuiteRunner.java:397)
	at org.testng.SuiteRunner.run(SuiteRunner.java:336)
	at org.testng.SuiteRunnerWorker.runSuite(SuiteRunnerWorker.java:52)
	at org.testng.SuiteRunnerWorker.run(SuiteRunnerWorker.java:95)
	at org.testng.TestNG.runSuitesSequentially(TestNG.java:1301)
	at org.testng.TestNG.runSuitesLocally(TestNG.java:1228)
	at org.testng.TestNG.runSuites(TestNG.java:1134)
	at org.testng.TestNG.run(TestNG.java:1101)
	at org.testng.remote.AbstractRemoteTestNG.run(AbstractRemoteTestNG.java:115)
	at org.testng.remote.RemoteTestNG.initAndRun(RemoteTestNG.java:293)
	at org.testng.remote.RemoteTestNG.main(RemoteTestNG.java:91)
16:04:40.242 [main] DEBUG c.b.monitoring.PerformanceTester - Failed to append key metrics to file C:\Users\cdac\CCST_lATEST_iNDUSATRY\CCST_LITCCST_LIT\log\key-metrics.json
16:04:40.247 [main] DEBUG c.browserstack.utils.CurrentTestMap - Searching for Test Run ID for Thread: 1
16:04:40.247 [main] TRACE c.b.config.BrowserStackConfig - isGaugeTestOpsSession called with testObservabilityExplicit: false, framework: null, returning: false
14:49:57.937 [main] TRACE c.b.config.BrowserStackConfig - isGaugeTestOpsSession called with testObservabilityExplicit: false, framework: null, returning: false
14:49:58.830 [main] DEBUG com.browserstack.v2.SdkCliUtils - File C:\Users\cdac\.browserstack already exist
14:49:58.848 [main] DEBUG com.browserstack.v2.SdkCliUtils - getExistingCliPath: no binary found
14:49:58.848 [main] DEBUG com.browserstack.v2.SdkCliUtils - Current CLI Path Found: 
14:49:58.877 [main] ERROR com.browserstack.v2.SdkCliUtils - Error in setting up cli path directory, Exception: java.lang.NullPointerException: Parameter specified as non-null is null: method browserstack.shaded.okhttp3.Credentials.basic$default, parameter username
	at browserstack.shaded.okhttp3.Credentials.basic(Unknown Source)
	at browserstack.shaded.okhttp3.Credentials.basic$default(Unknown Source)
	at browserstack.shaded.okhttp3.Credentials.basic(Unknown Source)
	at com.browserstack.v2.SdkCliUtils.a(Unknown Source)
	at com.browserstack.v2.SdkCliUtils.checkAndUpdateCli(Unknown Source)
	at com.browserstack.v2.SdkCliUtils.setupCliPath(Unknown Source)
	at com.browserstack.v2.SdkCLI.<clinit>(Unknown Source)
	at com.browserstack.monitoring.PerformanceTester.measure(Unknown Source)
	at com.browserstack.monitoring.PerformanceTester.end(Unknown Source)
	at com.browserstack.testNgListeners.BrowserstackSuiteListener.a(Unknown Source)
	at com.browserstack.testNgListeners.BrowserstackSuiteListener.onStart(Unknown Source)
	at org.testng.SuiteRunner.invokeListeners(SuiteRunner.java:268)
	at org.testng.SuiteRunner.run(SuiteRunner.java:334)
	at org.testng.SuiteRunnerWorker.runSuite(SuiteRunnerWorker.java:52)
	at org.testng.SuiteRunnerWorker.run(SuiteRunnerWorker.java:95)
	at org.testng.TestNG.runSuitesSequentially(TestNG.java:1301)
	at org.testng.TestNG.runSuitesLocally(TestNG.java:1228)
	at org.testng.TestNG.runSuites(TestNG.java:1134)
	at org.testng.TestNG.run(TestNG.java:1101)
	at org.testng.remote.AbstractRemoteTestNG.run(AbstractRemoteTestNG.java:115)
	at org.testng.remote.RemoteTestNG.initAndRun(RemoteTestNG.java:293)
	at org.testng.remote.RemoteTestNG.main(RemoteTestNG.java:91)

14:49:58.905 [main] DEBUG c.b.monitoring.PerformanceTester - Failed to append key metrics to file C:\Users\cdac\CCST_lATEST_iNDUSATRY\CCST_LITCCST_LIT\log\key-metrics.json
14:50:50.256 [main] TRACE c.b.config.BrowserStackConfig - isGaugeTestOpsSession called with testObservabilityExplicit: false, framework: null, returning: false
14:50:50.258 [main] DEBUG c.b.utils.FunnelInstrumentation - Error in getting Product:
java.lang.NullPointerException: Cannot invoke "String.equalsIgnoreCase(String)" because the return value of "com.browserstack.config.BrowserStackConfig.getFramework()" is null
	at com.browserstack.utils.FunnelInstrumentation.a(Unknown Source)
	at java.base/java.util.stream.MatchOps$1MatchSink.accept(MatchOps.java:90)
	at java.base/java.util.Spliterators$ArraySpliterator.tryAdvance(Spliterators.java:1034)
	at java.base/java.util.stream.ReferencePipeline.forEachWithCancel(ReferencePipeline.java:129)
	at java.base/java.util.stream.AbstractPipeline.copyIntoWithCancel(AbstractPipeline.java:527)
	at java.base/java.util.stream.AbstractPipeline.copyInto(AbstractPipeline.java:513)
	at java.base/java.util.stream.AbstractPipeline.wrapAndCopyInto(AbstractPipeline.java:499)
	at java.base/java.util.stream.MatchOps$MatchOp.evaluateSequential(MatchOps.java:230)
	at java.base/java.util.stream.MatchOps$MatchOp.evaluateSequential(MatchOps.java:196)
	at java.base/java.util.stream.AbstractPipeline.evaluate(AbstractPipeline.java:234)
	at java.base/java.util.stream.ReferencePipeline.anyMatch(ReferencePipeline.java:632)
	at com.browserstack.utils.FunnelInstrumentation.getProducts(Unknown Source)
	at com.browserstack.utils.FunnelInstrumentation.createParamsForEvent(Unknown Source)
	at com.browserstack.utils.FunnelInstrumentation.sendSDKEvent(Unknown Source)
	at com.browserstack.testNgListeners.TmpSuiteListener.onFinish(Unknown Source)
	at org.testng.TestRunner.fireEvent(TestRunner.java:957)
	at org.testng.TestRunner.afterRun(TestRunner.java:914)
	at org.testng.TestRunner.run(TestRunner.java:622)
	at org.testng.SuiteRunner.runTest(SuiteRunner.java:443)
	at org.testng.SuiteRunner.runSequentially(SuiteRunner.java:437)
	at org.testng.SuiteRunner.privateRun(SuiteRunner.java:397)
	at org.testng.SuiteRunner.run(SuiteRunner.java:336)
	at org.testng.SuiteRunnerWorker.runSuite(SuiteRunnerWorker.java:52)
	at org.testng.SuiteRunnerWorker.run(SuiteRunnerWorker.java:95)
	at org.testng.TestNG.runSuitesSequentially(TestNG.java:1301)
	at org.testng.TestNG.runSuitesLocally(TestNG.java:1228)
	at org.testng.TestNG.runSuites(TestNG.java:1134)
	at org.testng.TestNG.run(TestNG.java:1101)
	at org.testng.remote.AbstractRemoteTestNG.run(AbstractRemoteTestNG.java:115)
	at org.testng.remote.RemoteTestNG.initAndRun(RemoteTestNG.java:293)
	at org.testng.remote.RemoteTestNG.main(RemoteTestNG.java:91)
14:50:50.259 [main] TRACE c.b.config.BrowserStackConfig - isGaugeTestOpsSession called with testObservabilityExplicit: false, framework: null, returning: false
14:50:50.281 [main] DEBUG c.b.utils.FrameworkDetectionUtils - Couldn't find dependency class: appium
14:50:50.320 [main] DEBUG com.browserstack.testOps.UsageStats - getFormattedData: Collecting data for TEST REPORTING AND ANALYTICS
14:50:50.320 [main] TRACE c.b.config.BrowserStackConfig - isGaugeTestOpsSession called with testObservabilityExplicit: false, framework: null, returning: false
14:50:50.354 [main] TRACE c.b.t.TestOrchestrationUtils - getInstrumentationData: invoked
14:50:50.369 [main] DEBUG c.b.utils.FunnelInstrumentation - Sending funnel data for SDKTestSuccessful with data: {"event_type":"SDKTestSuccessful","accessKey":"[REDACTED]","userName":"[REDACTED]","event_properties":{"isPercyAutoEnabled":false,"language":"java","sdkRunId":"e0b9538f-d5ae-4675-96d9-dd1ea159e88f","buildIdentifier":"unknown","testhub_uuid":"","detectedAppiumVersion":"null","productMap":{"app_automate":false,"accessibility":null,"automate":true,"percy":false,"observability":false,"turboscale":false},"hostname":"DIOT4","measures":{"sdk:pre-test":0.02479999978095293},"productUsage":{"testObservability":{"buildHashedId":"","manuallySet":false,"enabled":false}},"browserStackConfig":{"browserstackLocal":null,"percy":false,"logLevel":"info","staticWebDriver":true,"autoDetectFramework":true,"percyCaptureMode":"AUTO","browserStackLocalOptions":null,"percyOptions":null,"testContextOptions":{"skipSessionStatus":false,"serenityOverridePlugin":false,"skipSessionName":false},"platforms":null,"parallelsPerPlatform":null,"framework":null,"accessibility":false,"accessibilityOptions":{},"turboScaleOptions":{},"disableAutoCaptureLogs":true,"testObservability":true,"browserstackAutomation":true,"turboScale":false,"overrideLoadTesting":false,"testObservabilityOptions":{},"gradleMConfig":null,"proxySettings":null},"automationFrameworkVersion":null,"percyBuildId":null,"product":"[automate]","buildName":"unknown","os":"Windows 10","languageVersion":"21.0.7","appiumVersion":"null","frameworkDetectionInstrumentation":{},"detectedDependencies":"","referrer":"unknown","locationTrigger":"onFinish","accessibilityConfiguration":{"pollingTimeout":30},"language_framework":"unknown","testOrchestration":{"abortBuildOnFailure":{"enabled":false},"retryTestsOnFailure":{"enabled":false},"userConfig":{}},"detectedSeleniumVersion":"4.19.1","automationFramework":"selenium","seleniumVersion":"null"}}
14:50:50.370 [main] DEBUG c.b.utils.FunnelInstrumentation - sendAmplitudeEvent failed:
java.lang.NullPointerException: Parameter specified as non-null is null: method browserstack.shaded.okhttp3.Credentials.basic$default, parameter username
	at browserstack.shaded.okhttp3.Credentials.basic(Unknown Source)
	at browserstack.shaded.okhttp3.Credentials.basic$default(Unknown Source)
	at browserstack.shaded.okhttp3.Credentials.basic(Unknown Source)
	at com.browserstack.utils.FunnelInstrumentation.fireRequest(Unknown Source)
	at com.browserstack.utils.FunnelInstrumentation.sendSDKEvent(Unknown Source)
	at com.browserstack.testNgListeners.TmpSuiteListener.onFinish(Unknown Source)
	at org.testng.TestRunner.fireEvent(TestRunner.java:957)
	at org.testng.TestRunner.afterRun(TestRunner.java:914)
	at org.testng.TestRunner.run(TestRunner.java:622)
	at org.testng.SuiteRunner.runTest(SuiteRunner.java:443)
	at org.testng.SuiteRunner.runSequentially(SuiteRunner.java:437)
	at org.testng.SuiteRunner.privateRun(SuiteRunner.java:397)
	at org.testng.SuiteRunner.run(SuiteRunner.java:336)
	at org.testng.SuiteRunnerWorker.runSuite(SuiteRunnerWorker.java:52)
	at org.testng.SuiteRunnerWorker.run(SuiteRunnerWorker.java:95)
	at org.testng.TestNG.runSuitesSequentially(TestNG.java:1301)
	at org.testng.TestNG.runSuitesLocally(TestNG.java:1228)
	at org.testng.TestNG.runSuites(TestNG.java:1134)
	at org.testng.TestNG.run(TestNG.java:1101)
	at org.testng.remote.AbstractRemoteTestNG.run(AbstractRemoteTestNG.java:115)
	at org.testng.remote.RemoteTestNG.initAndRun(RemoteTestNG.java:293)
	at org.testng.remote.RemoteTestNG.main(RemoteTestNG.java:91)
14:50:50.422 [main] DEBUG c.b.monitoring.PerformanceTester - Failed to append key metrics to file C:\Users\cdac\CCST_lATEST_iNDUSATRY\CCST_LITCCST_LIT\log\key-metrics.json
14:50:50.425 [main] DEBUG c.browserstack.utils.CurrentTestMap - Searching for Test Run ID for Thread: 1
14:50:50.425 [main] TRACE c.b.config.BrowserStackConfig - isGaugeTestOpsSession called with testObservabilityExplicit: false, framework: null, returning: false
15:04:13.058 [main] TRACE c.b.config.BrowserStackConfig - isGaugeTestOpsSession called with testObservabilityExplicit: false, framework: null, returning: false
15:04:13.471 [main] DEBUG com.browserstack.v2.SdkCliUtils - File C:\Users\cdac\.browserstack already exist
15:04:13.472 [main] DEBUG com.browserstack.v2.SdkCliUtils - getExistingCliPath: no binary found
15:04:13.472 [main] DEBUG com.browserstack.v2.SdkCliUtils - Current CLI Path Found: 
15:04:13.492 [main] ERROR com.browserstack.v2.SdkCliUtils - Error in setting up cli path directory, Exception: java.lang.NullPointerException: Parameter specified as non-null is null: method browserstack.shaded.okhttp3.Credentials.basic$default, parameter username
	at browserstack.shaded.okhttp3.Credentials.basic(Unknown Source)
	at browserstack.shaded.okhttp3.Credentials.basic$default(Unknown Source)
	at browserstack.shaded.okhttp3.Credentials.basic(Unknown Source)
	at com.browserstack.v2.SdkCliUtils.a(Unknown Source)
	at com.browserstack.v2.SdkCliUtils.checkAndUpdateCli(Unknown Source)
	at com.browserstack.v2.SdkCliUtils.setupCliPath(Unknown Source)
	at com.browserstack.v2.SdkCLI.<clinit>(Unknown Source)
	at com.browserstack.monitoring.PerformanceTester.measure(Unknown Source)
	at com.browserstack.monitoring.PerformanceTester.end(Unknown Source)
	at com.browserstack.testNgListeners.BrowserstackSuiteListener.a(Unknown Source)
	at com.browserstack.testNgListeners.BrowserstackSuiteListener.onStart(Unknown Source)
	at org.testng.SuiteRunner.invokeListeners(SuiteRunner.java:268)
	at org.testng.SuiteRunner.run(SuiteRunner.java:334)
	at org.testng.SuiteRunnerWorker.runSuite(SuiteRunnerWorker.java:52)
	at org.testng.SuiteRunnerWorker.run(SuiteRunnerWorker.java:95)
	at org.testng.TestNG.runSuitesSequentially(TestNG.java:1301)
	at org.testng.TestNG.runSuitesLocally(TestNG.java:1228)
	at org.testng.TestNG.runSuites(TestNG.java:1134)
	at org.testng.TestNG.run(TestNG.java:1101)
	at org.testng.remote.AbstractRemoteTestNG.run(AbstractRemoteTestNG.java:115)
	at org.testng.remote.RemoteTestNG.initAndRun(RemoteTestNG.java:293)
	at org.testng.remote.RemoteTestNG.main(RemoteTestNG.java:91)

15:04:13.499 [main] DEBUG c.b.monitoring.PerformanceTester - Failed to append key metrics to file C:\Users\cdac\CCST_lATEST_iNDUSATRY\CCST_LITCCST_LIT\log\key-metrics.json
15:04:18.364 [main] TRACE c.b.config.BrowserStackConfig - isGaugeTestOpsSession called with testObservabilityExplicit: false, framework: null, returning: false
15:04:18.365 [main] DEBUG c.b.utils.FunnelInstrumentation - Error in getting Product:
java.lang.NullPointerException: Cannot invoke "String.equalsIgnoreCase(String)" because the return value of "com.browserstack.config.BrowserStackConfig.getFramework()" is null
	at com.browserstack.utils.FunnelInstrumentation.a(Unknown Source)
	at java.base/java.util.stream.MatchOps$1MatchSink.accept(MatchOps.java:90)
	at java.base/java.util.Spliterators$ArraySpliterator.tryAdvance(Spliterators.java:1034)
	at java.base/java.util.stream.ReferencePipeline.forEachWithCancel(ReferencePipeline.java:129)
	at java.base/java.util.stream.AbstractPipeline.copyIntoWithCancel(AbstractPipeline.java:527)
	at java.base/java.util.stream.AbstractPipeline.copyInto(AbstractPipeline.java:513)
	at java.base/java.util.stream.AbstractPipeline.wrapAndCopyInto(AbstractPipeline.java:499)
	at java.base/java.util.stream.MatchOps$MatchOp.evaluateSequential(MatchOps.java:230)
	at java.base/java.util.stream.MatchOps$MatchOp.evaluateSequential(MatchOps.java:196)
	at java.base/java.util.stream.AbstractPipeline.evaluate(AbstractPipeline.java:234)
	at java.base/java.util.stream.ReferencePipeline.anyMatch(ReferencePipeline.java:632)
	at com.browserstack.utils.FunnelInstrumentation.getProducts(Unknown Source)
	at com.browserstack.utils.FunnelInstrumentation.createParamsForEvent(Unknown Source)
	at com.browserstack.utils.FunnelInstrumentation.sendSDKEvent(Unknown Source)
	at com.browserstack.testNgListeners.TmpSuiteListener.onFinish(Unknown Source)
	at org.testng.TestRunner.fireEvent(TestRunner.java:957)
	at org.testng.TestRunner.afterRun(TestRunner.java:914)
	at org.testng.TestRunner.run(TestRunner.java:622)
	at org.testng.SuiteRunner.runTest(SuiteRunner.java:443)
	at org.testng.SuiteRunner.runSequentially(SuiteRunner.java:437)
	at org.testng.SuiteRunner.privateRun(SuiteRunner.java:397)
	at org.testng.SuiteRunner.run(SuiteRunner.java:336)
	at org.testng.SuiteRunnerWorker.runSuite(SuiteRunnerWorker.java:52)
	at org.testng.SuiteRunnerWorker.run(SuiteRunnerWorker.java:95)
	at org.testng.TestNG.runSuitesSequentially(TestNG.java:1301)
	at org.testng.TestNG.runSuitesLocally(TestNG.java:1228)
	at org.testng.TestNG.runSuites(TestNG.java:1134)
	at org.testng.TestNG.run(TestNG.java:1101)
	at org.testng.remote.AbstractRemoteTestNG.run(AbstractRemoteTestNG.java:115)
	at org.testng.remote.RemoteTestNG.initAndRun(RemoteTestNG.java:293)
	at org.testng.remote.RemoteTestNG.main(RemoteTestNG.java:91)
15:04:18.366 [main] TRACE c.b.config.BrowserStackConfig - isGaugeTestOpsSession called with testObservabilityExplicit: false, framework: null, returning: false
15:04:18.373 [main] DEBUG c.b.utils.FrameworkDetectionUtils - Couldn't find dependency class: appium
15:04:18.414 [main] DEBUG com.browserstack.testOps.UsageStats - getFormattedData: Collecting data for TEST REPORTING AND ANALYTICS
15:04:18.414 [main] TRACE c.b.config.BrowserStackConfig - isGaugeTestOpsSession called with testObservabilityExplicit: false, framework: null, returning: false
15:04:18.458 [main] TRACE c.b.t.TestOrchestrationUtils - getInstrumentationData: invoked
15:04:18.467 [main] DEBUG c.b.utils.FunnelInstrumentation - Sending funnel data for SDKTestSuccessful with data: {"event_type":"SDKTestSuccessful","accessKey":"[REDACTED]","userName":"[REDACTED]","event_properties":{"isPercyAutoEnabled":false,"language":"java","sdkRunId":"88e7cb7b-3cd2-4ccc-b580-cbf8a7510e6b","buildIdentifier":"unknown","testhub_uuid":"","detectedAppiumVersion":"null","productMap":{"app_automate":false,"accessibility":null,"automate":true,"percy":false,"observability":false,"turboscale":false},"hostname":"DIOT4","measures":{"sdk:pre-test":0.010099999606609344},"productUsage":{"testObservability":{"buildHashedId":"","manuallySet":false,"enabled":false}},"browserStackConfig":{"browserstackLocal":null,"percy":false,"logLevel":"info","staticWebDriver":true,"autoDetectFramework":true,"percyCaptureMode":"AUTO","browserStackLocalOptions":null,"percyOptions":null,"testContextOptions":{"skipSessionName":false,"skipSessionStatus":false,"serenityOverridePlugin":false},"platforms":null,"parallelsPerPlatform":null,"framework":null,"accessibility":false,"accessibilityOptions":{},"turboScaleOptions":{},"disableAutoCaptureLogs":true,"testObservability":true,"browserstackAutomation":true,"turboScale":false,"overrideLoadTesting":false,"testObservabilityOptions":{},"gradleMConfig":null,"proxySettings":null},"automationFrameworkVersion":null,"percyBuildId":null,"product":"[automate]","buildName":"unknown","os":"Windows 10","languageVersion":"21.0.7","appiumVersion":"null","frameworkDetectionInstrumentation":{},"detectedDependencies":"","referrer":"unknown","locationTrigger":"onFinish","accessibilityConfiguration":{"pollingTimeout":30},"language_framework":"unknown","testOrchestration":{"abortBuildOnFailure":{"enabled":false},"retryTestsOnFailure":{"enabled":false},"userConfig":{}},"detectedSeleniumVersion":"4.19.1","automationFramework":"selenium","seleniumVersion":"null"}}
15:04:18.468 [main] DEBUG c.b.utils.FunnelInstrumentation - sendAmplitudeEvent failed:
java.lang.NullPointerException: Parameter specified as non-null is null: method browserstack.shaded.okhttp3.Credentials.basic$default, parameter username
	at browserstack.shaded.okhttp3.Credentials.basic(Unknown Source)
	at browserstack.shaded.okhttp3.Credentials.basic$default(Unknown Source)
	at browserstack.shaded.okhttp3.Credentials.basic(Unknown Source)
	at com.browserstack.utils.FunnelInstrumentation.fireRequest(Unknown Source)
	at com.browserstack.utils.FunnelInstrumentation.sendSDKEvent(Unknown Source)
	at com.browserstack.testNgListeners.TmpSuiteListener.onFinish(Unknown Source)
	at org.testng.TestRunner.fireEvent(TestRunner.java:957)
	at org.testng.TestRunner.afterRun(TestRunner.java:914)
	at org.testng.TestRunner.run(TestRunner.java:622)
	at org.testng.SuiteRunner.runTest(SuiteRunner.java:443)
	at org.testng.SuiteRunner.runSequentially(SuiteRunner.java:437)
	at org.testng.SuiteRunner.privateRun(SuiteRunner.java:397)
	at org.testng.SuiteRunner.run(SuiteRunner.java:336)
	at org.testng.SuiteRunnerWorker.runSuite(SuiteRunnerWorker.java:52)
	at org.testng.SuiteRunnerWorker.run(SuiteRunnerWorker.java:95)
	at org.testng.TestNG.runSuitesSequentially(TestNG.java:1301)
	at org.testng.TestNG.runSuitesLocally(TestNG.java:1228)
	at org.testng.TestNG.runSuites(TestNG.java:1134)
	at org.testng.TestNG.run(TestNG.java:1101)
	at org.testng.remote.AbstractRemoteTestNG.run(AbstractRemoteTestNG.java:115)
	at org.testng.remote.RemoteTestNG.initAndRun(RemoteTestNG.java:293)
	at org.testng.remote.RemoteTestNG.main(RemoteTestNG.java:91)
15:04:18.489 [main] DEBUG c.b.monitoring.PerformanceTester - Failed to append key metrics to file C:\Users\cdac\CCST_lATEST_iNDUSATRY\CCST_LITCCST_LIT\log\key-metrics.json
15:04:18.494 [main] DEBUG c.browserstack.utils.CurrentTestMap - Searching for Test Run ID for Thread: 1
15:04:18.494 [main] TRACE c.b.config.BrowserStackConfig - isGaugeTestOpsSession called with testObservabilityExplicit: false, framework: null, returning: false
15:07:02.447 [main] TRACE c.b.config.BrowserStackConfig - isGaugeTestOpsSession called with testObservabilityExplicit: false, framework: null, returning: false
15:07:02.872 [main] DEBUG com.browserstack.v2.SdkCliUtils - File C:\Users\cdac\.browserstack already exist
15:07:02.874 [main] DEBUG com.browserstack.v2.SdkCliUtils - getExistingCliPath: no binary found
15:07:02.874 [main] DEBUG com.browserstack.v2.SdkCliUtils - Current CLI Path Found: 
15:07:02.893 [main] ERROR com.browserstack.v2.SdkCliUtils - Error in setting up cli path directory, Exception: java.lang.NullPointerException: Parameter specified as non-null is null: method browserstack.shaded.okhttp3.Credentials.basic$default, parameter username
	at browserstack.shaded.okhttp3.Credentials.basic(Unknown Source)
	at browserstack.shaded.okhttp3.Credentials.basic$default(Unknown Source)
	at browserstack.shaded.okhttp3.Credentials.basic(Unknown Source)
	at com.browserstack.v2.SdkCliUtils.a(Unknown Source)
	at com.browserstack.v2.SdkCliUtils.checkAndUpdateCli(Unknown Source)
	at com.browserstack.v2.SdkCliUtils.setupCliPath(Unknown Source)
	at com.browserstack.v2.SdkCLI.<clinit>(Unknown Source)
	at com.browserstack.monitoring.PerformanceTester.measure(Unknown Source)
	at com.browserstack.monitoring.PerformanceTester.end(Unknown Source)
	at com.browserstack.testNgListeners.BrowserstackSuiteListener.a(Unknown Source)
	at com.browserstack.testNgListeners.BrowserstackSuiteListener.onStart(Unknown Source)
	at org.testng.SuiteRunner.invokeListeners(SuiteRunner.java:268)
	at org.testng.SuiteRunner.run(SuiteRunner.java:334)
	at org.testng.SuiteRunnerWorker.runSuite(SuiteRunnerWorker.java:52)
	at org.testng.SuiteRunnerWorker.run(SuiteRunnerWorker.java:95)
	at org.testng.TestNG.runSuitesSequentially(TestNG.java:1301)
	at org.testng.TestNG.runSuitesLocally(TestNG.java:1228)
	at org.testng.TestNG.runSuites(TestNG.java:1134)
	at org.testng.TestNG.run(TestNG.java:1101)
	at org.testng.remote.AbstractRemoteTestNG.run(AbstractRemoteTestNG.java:115)
	at org.testng.remote.RemoteTestNG.initAndRun(RemoteTestNG.java:293)
	at org.testng.remote.RemoteTestNG.main(RemoteTestNG.java:91)

15:07:02.901 [main] DEBUG c.b.monitoring.PerformanceTester - Failed to append key metrics to file C:\Users\cdac\CCST_lATEST_iNDUSATRY\CCST_LITCCST_LIT\log\key-metrics.json
15:07:02.994 [main] TRACE c.b.config.BrowserStackConfig - isGaugeTestOpsSession called with testObservabilityExplicit: false, framework: null, returning: false
15:07:02.998 [main] DEBUG c.b.utils.FunnelInstrumentation - Error in getting Product:
java.lang.NullPointerException: Cannot invoke "String.equalsIgnoreCase(String)" because the return value of "com.browserstack.config.BrowserStackConfig.getFramework()" is null
	at com.browserstack.utils.FunnelInstrumentation.a(Unknown Source)
	at java.base/java.util.stream.MatchOps$1MatchSink.accept(MatchOps.java:90)
	at java.base/java.util.Spliterators$ArraySpliterator.tryAdvance(Spliterators.java:1034)
	at java.base/java.util.stream.ReferencePipeline.forEachWithCancel(ReferencePipeline.java:129)
	at java.base/java.util.stream.AbstractPipeline.copyIntoWithCancel(AbstractPipeline.java:527)
	at java.base/java.util.stream.AbstractPipeline.copyInto(AbstractPipeline.java:513)
	at java.base/java.util.stream.AbstractPipeline.wrapAndCopyInto(AbstractPipeline.java:499)
	at java.base/java.util.stream.MatchOps$MatchOp.evaluateSequential(MatchOps.java:230)
	at java.base/java.util.stream.MatchOps$MatchOp.evaluateSequential(MatchOps.java:196)
	at java.base/java.util.stream.AbstractPipeline.evaluate(AbstractPipeline.java:234)
	at java.base/java.util.stream.ReferencePipeline.anyMatch(ReferencePipeline.java:632)
	at com.browserstack.utils.FunnelInstrumentation.getProducts(Unknown Source)
	at com.browserstack.utils.FunnelInstrumentation.createParamsForEvent(Unknown Source)
	at com.browserstack.utils.FunnelInstrumentation.sendSDKEvent(Unknown Source)
	at com.browserstack.testNgListeners.TmpSuiteListener.onFinish(Unknown Source)
	at org.testng.TestRunner.fireEvent(TestRunner.java:957)
	at org.testng.TestRunner.afterRun(TestRunner.java:914)
	at org.testng.TestRunner.run(TestRunner.java:622)
	at org.testng.SuiteRunner.runTest(SuiteRunner.java:443)
	at org.testng.SuiteRunner.runSequentially(SuiteRunner.java:437)
	at org.testng.SuiteRunner.privateRun(SuiteRunner.java:397)
	at org.testng.SuiteRunner.run(SuiteRunner.java:336)
	at org.testng.SuiteRunnerWorker.runSuite(SuiteRunnerWorker.java:52)
	at org.testng.SuiteRunnerWorker.run(SuiteRunnerWorker.java:95)
	at org.testng.TestNG.runSuitesSequentially(TestNG.java:1301)
	at org.testng.TestNG.runSuitesLocally(TestNG.java:1228)
	at org.testng.TestNG.runSuites(TestNG.java:1134)
	at org.testng.TestNG.run(TestNG.java:1101)
	at org.testng.remote.AbstractRemoteTestNG.run(AbstractRemoteTestNG.java:115)
	at org.testng.remote.RemoteTestNG.initAndRun(RemoteTestNG.java:293)
	at org.testng.remote.RemoteTestNG.main(RemoteTestNG.java:91)
15:07:02.999 [main] TRACE c.b.config.BrowserStackConfig - isGaugeTestOpsSession called with testObservabilityExplicit: false, framework: null, returning: false
15:07:03.012 [main] DEBUG c.b.utils.FrameworkDetectionUtils - Couldn't find dependency class: appium
15:07:03.056 [main] DEBUG com.browserstack.testOps.UsageStats - getFormattedData: Collecting data for TEST REPORTING AND ANALYTICS
15:07:03.056 [main] TRACE c.b.config.BrowserStackConfig - isGaugeTestOpsSession called with testObservabilityExplicit: false, framework: null, returning: false
15:07:03.096 [main] TRACE c.b.t.TestOrchestrationUtils - getInstrumentationData: invoked
15:07:03.105 [main] DEBUG c.b.utils.FunnelInstrumentation - Sending funnel data for SDKTestSuccessful with data: {"event_type":"SDKTestSuccessful","accessKey":"[REDACTED]","userName":"[REDACTED]","event_properties":{"isPercyAutoEnabled":false,"language":"java","sdkRunId":"22858fe7-426d-4ed3-9138-bded3bf9452f","buildIdentifier":"unknown","testhub_uuid":"","detectedAppiumVersion":"null","productMap":{"app_automate":false,"accessibility":null,"automate":true,"percy":false,"observability":false,"turboscale":false},"hostname":"DIOT4","measures":{"sdk:pre-test":0.013199999928474426},"productUsage":{"testObservability":{"buildHashedId":"","manuallySet":false,"enabled":false}},"browserStackConfig":{"browserstackLocal":null,"percy":false,"logLevel":"info","staticWebDriver":true,"autoDetectFramework":true,"percyCaptureMode":"AUTO","browserStackLocalOptions":null,"percyOptions":null,"testContextOptions":{"skipSessionName":false,"skipSessionStatus":false,"serenityOverridePlugin":false},"platforms":null,"parallelsPerPlatform":null,"framework":null,"accessibility":false,"accessibilityOptions":{},"turboScaleOptions":{},"disableAutoCaptureLogs":true,"testObservability":true,"browserstackAutomation":true,"turboScale":false,"overrideLoadTesting":false,"testObservabilityOptions":{},"gradleMConfig":null,"proxySettings":null},"automationFrameworkVersion":null,"percyBuildId":null,"product":"[automate]","buildName":"unknown","os":"Windows 10","languageVersion":"21.0.7","appiumVersion":"null","frameworkDetectionInstrumentation":{},"detectedDependencies":"","referrer":"unknown","locationTrigger":"onFinish","accessibilityConfiguration":{"pollingTimeout":30},"language_framework":"unknown","testOrchestration":{"abortBuildOnFailure":{"enabled":false},"retryTestsOnFailure":{"enabled":false},"userConfig":{}},"detectedSeleniumVersion":"4.19.1","automationFramework":"selenium","seleniumVersion":"null"}}
15:07:03.106 [main] DEBUG c.b.utils.FunnelInstrumentation - sendAmplitudeEvent failed:
java.lang.NullPointerException: Parameter specified as non-null is null: method browserstack.shaded.okhttp3.Credentials.basic$default, parameter username
	at browserstack.shaded.okhttp3.Credentials.basic(Unknown Source)
	at browserstack.shaded.okhttp3.Credentials.basic$default(Unknown Source)
	at browserstack.shaded.okhttp3.Credentials.basic(Unknown Source)
	at com.browserstack.utils.FunnelInstrumentation.fireRequest(Unknown Source)
	at com.browserstack.utils.FunnelInstrumentation.sendSDKEvent(Unknown Source)
	at com.browserstack.testNgListeners.TmpSuiteListener.onFinish(Unknown Source)
	at org.testng.TestRunner.fireEvent(TestRunner.java:957)
	at org.testng.TestRunner.afterRun(TestRunner.java:914)
	at org.testng.TestRunner.run(TestRunner.java:622)
	at org.testng.SuiteRunner.runTest(SuiteRunner.java:443)
	at org.testng.SuiteRunner.runSequentially(SuiteRunner.java:437)
	at org.testng.SuiteRunner.privateRun(SuiteRunner.java:397)
	at org.testng.SuiteRunner.run(SuiteRunner.java:336)
	at org.testng.SuiteRunnerWorker.runSuite(SuiteRunnerWorker.java:52)
	at org.testng.SuiteRunnerWorker.run(SuiteRunnerWorker.java:95)
	at org.testng.TestNG.runSuitesSequentially(TestNG.java:1301)
	at org.testng.TestNG.runSuitesLocally(TestNG.java:1228)
	at org.testng.TestNG.runSuites(TestNG.java:1134)
	at org.testng.TestNG.run(TestNG.java:1101)
	at org.testng.remote.AbstractRemoteTestNG.run(AbstractRemoteTestNG.java:115)
	at org.testng.remote.RemoteTestNG.initAndRun(RemoteTestNG.java:293)
	at org.testng.remote.RemoteTestNG.main(RemoteTestNG.java:91)
15:07:03.109 [main] DEBUG c.browserstack.utils.CurrentTestMap - Searching for Test Run ID for Thread: 1
15:07:03.109 [main] TRACE c.b.config.BrowserStackConfig - isGaugeTestOpsSession called with testObservabilityExplicit: false, framework: null, returning: false
15:07:03.110 [main] DEBUG c.browserstack.utils.CurrentTestMap - Searching for Test Run ID for Thread: 1
15:07:03.110 [main] TRACE c.b.config.BrowserStackConfig - isGaugeTestOpsSession called with testObservabilityExplicit: false, framework: null, returning: false
15:07:03.110 [main] DEBUG c.browserstack.utils.CurrentTestMap - Searching for Test Run ID for Thread: 1
15:07:03.110 [main] TRACE c.b.config.BrowserStackConfig - isGaugeTestOpsSession called with testObservabilityExplicit: false, framework: null, returning: false
15:07:03.111 [main] DEBUG c.browserstack.utils.CurrentTestMap - Searching for Test Run ID for Thread: 1
15:07:03.111 [main] TRACE c.b.config.BrowserStackConfig - isGaugeTestOpsSession called with testObservabilityExplicit: false, framework: null, returning: false
15:07:03.112 [main] DEBUG c.browserstack.utils.CurrentTestMap - Searching for Test Run ID for Thread: 1
15:07:03.112 [main] TRACE c.b.config.BrowserStackConfig - isGaugeTestOpsSession called with testObservabilityExplicit: false, framework: null, returning: false
15:07:03.113 [main] DEBUG c.browserstack.utils.CurrentTestMap - Searching for Test Run ID for Thread: 1
15:07:03.114 [main] TRACE c.b.config.BrowserStackConfig - isGaugeTestOpsSession called with testObservabilityExplicit: false, framework: null, returning: false
15:07:03.116 [main] DEBUG c.browserstack.utils.CurrentTestMap - Searching for Test Run ID for Thread: 1
15:07:03.116 [main] TRACE c.b.config.BrowserStackConfig - isGaugeTestOpsSession called with testObservabilityExplicit: false, framework: null, returning: false
15:07:03.162 [main] DEBUG c.b.monitoring.PerformanceTester - Failed to append key metrics to file C:\Users\cdac\CCST_lATEST_iNDUSATRY\CCST_LITCCST_LIT\log\key-metrics.json
15:07:03.163 [main] DEBUG c.browserstack.utils.CurrentTestMap - Searching for Test Run ID for Thread: 1
15:07:03.164 [main] TRACE c.b.config.BrowserStackConfig - isGaugeTestOpsSession called with testObservabilityExplicit: false, framework: null, returning: false
15:07:34.864 [main] TRACE c.b.config.BrowserStackConfig - isGaugeTestOpsSession called with testObservabilityExplicit: false, framework: null, returning: false
15:07:35.255 [main] DEBUG com.browserstack.v2.SdkCliUtils - File C:\Users\cdac\.browserstack already exist
15:07:35.257 [main] DEBUG com.browserstack.v2.SdkCliUtils - getExistingCliPath: no binary found
15:07:35.257 [main] DEBUG com.browserstack.v2.SdkCliUtils - Current CLI Path Found: 
15:07:35.276 [main] ERROR com.browserstack.v2.SdkCliUtils - Error in setting up cli path directory, Exception: java.lang.NullPointerException: Parameter specified as non-null is null: method browserstack.shaded.okhttp3.Credentials.basic$default, parameter username
	at browserstack.shaded.okhttp3.Credentials.basic(Unknown Source)
	at browserstack.shaded.okhttp3.Credentials.basic$default(Unknown Source)
	at browserstack.shaded.okhttp3.Credentials.basic(Unknown Source)
	at com.browserstack.v2.SdkCliUtils.a(Unknown Source)
	at com.browserstack.v2.SdkCliUtils.checkAndUpdateCli(Unknown Source)
	at com.browserstack.v2.SdkCliUtils.setupCliPath(Unknown Source)
	at com.browserstack.v2.SdkCLI.<clinit>(Unknown Source)
	at com.browserstack.monitoring.PerformanceTester.measure(Unknown Source)
	at com.browserstack.monitoring.PerformanceTester.end(Unknown Source)
	at com.browserstack.testNgListeners.BrowserstackSuiteListener.a(Unknown Source)
	at com.browserstack.testNgListeners.BrowserstackSuiteListener.onStart(Unknown Source)
	at org.testng.SuiteRunner.invokeListeners(SuiteRunner.java:268)
	at org.testng.SuiteRunner.run(SuiteRunner.java:334)
	at org.testng.SuiteRunnerWorker.runSuite(SuiteRunnerWorker.java:52)
	at org.testng.SuiteRunnerWorker.run(SuiteRunnerWorker.java:95)
	at org.testng.TestNG.runSuitesSequentially(TestNG.java:1301)
	at org.testng.TestNG.runSuitesLocally(TestNG.java:1228)
	at org.testng.TestNG.runSuites(TestNG.java:1134)
	at org.testng.TestNG.run(TestNG.java:1101)
	at org.testng.remote.AbstractRemoteTestNG.run(AbstractRemoteTestNG.java:115)
	at org.testng.remote.RemoteTestNG.initAndRun(RemoteTestNG.java:293)
	at org.testng.remote.RemoteTestNG.main(RemoteTestNG.java:91)

15:07:35.285 [main] DEBUG c.b.monitoring.PerformanceTester - Failed to append key metrics to file C:\Users\cdac\CCST_lATEST_iNDUSATRY\CCST_LITCCST_LIT\log\key-metrics.json
15:07:35.390 [main] TRACE c.b.config.BrowserStackConfig - isGaugeTestOpsSession called with testObservabilityExplicit: false, framework: null, returning: false
15:07:35.393 [main] DEBUG c.b.utils.FunnelInstrumentation - Error in getting Product:
java.lang.NullPointerException: Cannot invoke "String.equalsIgnoreCase(String)" because the return value of "com.browserstack.config.BrowserStackConfig.getFramework()" is null
	at com.browserstack.utils.FunnelInstrumentation.a(Unknown Source)
	at java.base/java.util.stream.MatchOps$1MatchSink.accept(MatchOps.java:90)
	at java.base/java.util.Spliterators$ArraySpliterator.tryAdvance(Spliterators.java:1034)
	at java.base/java.util.stream.ReferencePipeline.forEachWithCancel(ReferencePipeline.java:129)
	at java.base/java.util.stream.AbstractPipeline.copyIntoWithCancel(AbstractPipeline.java:527)
	at java.base/java.util.stream.AbstractPipeline.copyInto(AbstractPipeline.java:513)
	at java.base/java.util.stream.AbstractPipeline.wrapAndCopyInto(AbstractPipeline.java:499)
	at java.base/java.util.stream.MatchOps$MatchOp.evaluateSequential(MatchOps.java:230)
	at java.base/java.util.stream.MatchOps$MatchOp.evaluateSequential(MatchOps.java:196)
	at java.base/java.util.stream.AbstractPipeline.evaluate(AbstractPipeline.java:234)
	at java.base/java.util.stream.ReferencePipeline.anyMatch(ReferencePipeline.java:632)
	at com.browserstack.utils.FunnelInstrumentation.getProducts(Unknown Source)
	at com.browserstack.utils.FunnelInstrumentation.createParamsForEvent(Unknown Source)
	at com.browserstack.utils.FunnelInstrumentation.sendSDKEvent(Unknown Source)
	at com.browserstack.testNgListeners.TmpSuiteListener.onFinish(Unknown Source)
	at org.testng.TestRunner.fireEvent(TestRunner.java:957)
	at org.testng.TestRunner.afterRun(TestRunner.java:914)
	at org.testng.TestRunner.run(TestRunner.java:622)
	at org.testng.SuiteRunner.runTest(SuiteRunner.java:443)
	at org.testng.SuiteRunner.runSequentially(SuiteRunner.java:437)
	at org.testng.SuiteRunner.privateRun(SuiteRunner.java:397)
	at org.testng.SuiteRunner.run(SuiteRunner.java:336)
	at org.testng.SuiteRunnerWorker.runSuite(SuiteRunnerWorker.java:52)
	at org.testng.SuiteRunnerWorker.run(SuiteRunnerWorker.java:95)
	at org.testng.TestNG.runSuitesSequentially(TestNG.java:1301)
	at org.testng.TestNG.runSuitesLocally(TestNG.java:1228)
	at org.testng.TestNG.runSuites(TestNG.java:1134)
	at org.testng.TestNG.run(TestNG.java:1101)
	at org.testng.remote.AbstractRemoteTestNG.run(AbstractRemoteTestNG.java:115)
	at org.testng.remote.RemoteTestNG.initAndRun(RemoteTestNG.java:293)
	at org.testng.remote.RemoteTestNG.main(RemoteTestNG.java:91)
15:07:35.395 [main] TRACE c.b.config.BrowserStackConfig - isGaugeTestOpsSession called with testObservabilityExplicit: false, framework: null, returning: false
15:07:35.408 [main] DEBUG c.b.utils.FrameworkDetectionUtils - Couldn't find dependency class: appium
15:07:35.449 [main] DEBUG com.browserstack.testOps.UsageStats - getFormattedData: Collecting data for TEST REPORTING AND ANALYTICS
15:07:35.450 [main] TRACE c.b.config.BrowserStackConfig - isGaugeTestOpsSession called with testObservabilityExplicit: false, framework: null, returning: false
15:07:35.487 [main] TRACE c.b.t.TestOrchestrationUtils - getInstrumentationData: invoked
15:07:35.497 [main] DEBUG c.b.utils.FunnelInstrumentation - Sending funnel data for SDKTestSuccessful with data: {"event_type":"SDKTestSuccessful","accessKey":"[REDACTED]","userName":"[REDACTED]","event_properties":{"isPercyAutoEnabled":false,"language":"java","sdkRunId":"72d9bbfc-d5a0-4ebd-bc4b-67e2169ea966","buildIdentifier":"unknown","testhub_uuid":"","detectedAppiumVersion":"null","productMap":{"app_automate":false,"accessibility":null,"automate":true,"percy":false,"observability":false,"turboscale":false},"hostname":"DIOT4","measures":{"sdk:pre-test":0.011099999770522118},"productUsage":{"testObservability":{"buildHashedId":"","manuallySet":false,"enabled":false}},"browserStackConfig":{"browserstackLocal":null,"percy":false,"logLevel":"info","staticWebDriver":true,"autoDetectFramework":true,"percyCaptureMode":"AUTO","browserStackLocalOptions":null,"percyOptions":null,"testContextOptions":{"skipSessionName":false,"skipSessionStatus":false,"serenityOverridePlugin":false},"platforms":null,"parallelsPerPlatform":null,"framework":null,"accessibility":false,"accessibilityOptions":{},"turboScaleOptions":{},"disableAutoCaptureLogs":true,"testObservability":true,"browserstackAutomation":true,"turboScale":false,"overrideLoadTesting":false,"testObservabilityOptions":{},"gradleMConfig":null,"proxySettings":null},"automationFrameworkVersion":null,"percyBuildId":null,"product":"[automate]","buildName":"unknown","os":"Windows 10","languageVersion":"21.0.7","appiumVersion":"null","frameworkDetectionInstrumentation":{},"detectedDependencies":"","referrer":"unknown","locationTrigger":"onFinish","accessibilityConfiguration":{"pollingTimeout":30},"language_framework":"unknown","testOrchestration":{"abortBuildOnFailure":{"enabled":false},"retryTestsOnFailure":{"enabled":false},"userConfig":{}},"detectedSeleniumVersion":"4.19.1","automationFramework":"selenium","seleniumVersion":"null"}}
15:07:35.497 [main] DEBUG c.b.utils.FunnelInstrumentation - sendAmplitudeEvent failed:
java.lang.NullPointerException: Parameter specified as non-null is null: method browserstack.shaded.okhttp3.Credentials.basic$default, parameter username
	at browserstack.shaded.okhttp3.Credentials.basic(Unknown Source)
	at browserstack.shaded.okhttp3.Credentials.basic$default(Unknown Source)
	at browserstack.shaded.okhttp3.Credentials.basic(Unknown Source)
	at com.browserstack.utils.FunnelInstrumentation.fireRequest(Unknown Source)
	at com.browserstack.utils.FunnelInstrumentation.sendSDKEvent(Unknown Source)
	at com.browserstack.testNgListeners.TmpSuiteListener.onFinish(Unknown Source)
	at org.testng.TestRunner.fireEvent(TestRunner.java:957)
	at org.testng.TestRunner.afterRun(TestRunner.java:914)
	at org.testng.TestRunner.run(TestRunner.java:622)
	at org.testng.SuiteRunner.runTest(SuiteRunner.java:443)
	at org.testng.SuiteRunner.runSequentially(SuiteRunner.java:437)
	at org.testng.SuiteRunner.privateRun(SuiteRunner.java:397)
	at org.testng.SuiteRunner.run(SuiteRunner.java:336)
	at org.testng.SuiteRunnerWorker.runSuite(SuiteRunnerWorker.java:52)
	at org.testng.SuiteRunnerWorker.run(SuiteRunnerWorker.java:95)
	at org.testng.TestNG.runSuitesSequentially(TestNG.java:1301)
	at org.testng.TestNG.runSuitesLocally(TestNG.java:1228)
	at org.testng.TestNG.runSuites(TestNG.java:1134)
	at org.testng.TestNG.run(TestNG.java:1101)
	at org.testng.remote.AbstractRemoteTestNG.run(AbstractRemoteTestNG.java:115)
	at org.testng.remote.RemoteTestNG.initAndRun(RemoteTestNG.java:293)
	at org.testng.remote.RemoteTestNG.main(RemoteTestNG.java:91)
15:07:35.501 [main] DEBUG c.browserstack.utils.CurrentTestMap - Searching for Test Run ID for Thread: 1
15:07:35.501 [main] TRACE c.b.config.BrowserStackConfig - isGaugeTestOpsSession called with testObservabilityExplicit: false, framework: null, returning: false
15:07:35.502 [main] DEBUG c.browserstack.utils.CurrentTestMap - Searching for Test Run ID for Thread: 1
15:07:35.502 [main] TRACE c.b.config.BrowserStackConfig - isGaugeTestOpsSession called with testObservabilityExplicit: false, framework: null, returning: false
15:07:35.502 [main] DEBUG c.browserstack.utils.CurrentTestMap - Searching for Test Run ID for Thread: 1
15:07:35.502 [main] TRACE c.b.config.BrowserStackConfig - isGaugeTestOpsSession called with testObservabilityExplicit: false, framework: null, returning: false
15:07:35.502 [main] DEBUG c.browserstack.utils.CurrentTestMap - Searching for Test Run ID for Thread: 1
15:07:35.502 [main] TRACE c.b.config.BrowserStackConfig - isGaugeTestOpsSession called with testObservabilityExplicit: false, framework: null, returning: false
15:07:35.503 [main] DEBUG c.browserstack.utils.CurrentTestMap - Searching for Test Run ID for Thread: 1
15:07:35.503 [main] TRACE c.b.config.BrowserStackConfig - isGaugeTestOpsSession called with testObservabilityExplicit: false, framework: null, returning: false
15:07:35.504 [main] DEBUG c.browserstack.utils.CurrentTestMap - Searching for Test Run ID for Thread: 1
15:07:35.504 [main] TRACE c.b.config.BrowserStackConfig - isGaugeTestOpsSession called with testObservabilityExplicit: false, framework: null, returning: false
15:07:35.505 [main] DEBUG c.browserstack.utils.CurrentTestMap - Searching for Test Run ID for Thread: 1
15:07:35.505 [main] TRACE c.b.config.BrowserStackConfig - isGaugeTestOpsSession called with testObservabilityExplicit: false, framework: null, returning: false
15:07:35.546 [main] DEBUG c.b.monitoring.PerformanceTester - Failed to append key metrics to file C:\Users\cdac\CCST_lATEST_iNDUSATRY\CCST_LITCCST_LIT\log\key-metrics.json
15:07:35.547 [main] DEBUG c.browserstack.utils.CurrentTestMap - Searching for Test Run ID for Thread: 1
15:07:35.547 [main] TRACE c.b.config.BrowserStackConfig - isGaugeTestOpsSession called with testObservabilityExplicit: false, framework: null, returning: false
15:08:48.890 [main] TRACE c.b.config.BrowserStackConfig - isGaugeTestOpsSession called with testObservabilityExplicit: false, framework: null, returning: false
15:08:49.302 [main] DEBUG com.browserstack.v2.SdkCliUtils - File C:\Users\cdac\.browserstack already exist
15:08:49.303 [main] DEBUG com.browserstack.v2.SdkCliUtils - getExistingCliPath: no binary found
15:08:49.304 [main] DEBUG com.browserstack.v2.SdkCliUtils - Current CLI Path Found: 
15:08:49.321 [main] ERROR com.browserstack.v2.SdkCliUtils - Error in setting up cli path directory, Exception: java.lang.NullPointerException: Parameter specified as non-null is null: method browserstack.shaded.okhttp3.Credentials.basic$default, parameter username
	at browserstack.shaded.okhttp3.Credentials.basic(Unknown Source)
	at browserstack.shaded.okhttp3.Credentials.basic$default(Unknown Source)
	at browserstack.shaded.okhttp3.Credentials.basic(Unknown Source)
	at com.browserstack.v2.SdkCliUtils.a(Unknown Source)
	at com.browserstack.v2.SdkCliUtils.checkAndUpdateCli(Unknown Source)
	at com.browserstack.v2.SdkCliUtils.setupCliPath(Unknown Source)
	at com.browserstack.v2.SdkCLI.<clinit>(Unknown Source)
	at com.browserstack.monitoring.PerformanceTester.measure(Unknown Source)
	at com.browserstack.monitoring.PerformanceTester.end(Unknown Source)
	at com.browserstack.testNgListeners.BrowserstackSuiteListener.a(Unknown Source)
	at com.browserstack.testNgListeners.BrowserstackSuiteListener.onStart(Unknown Source)
	at org.testng.SuiteRunner.invokeListeners(SuiteRunner.java:268)
	at org.testng.SuiteRunner.run(SuiteRunner.java:334)
	at org.testng.SuiteRunnerWorker.runSuite(SuiteRunnerWorker.java:52)
	at org.testng.SuiteRunnerWorker.run(SuiteRunnerWorker.java:95)
	at org.testng.TestNG.runSuitesSequentially(TestNG.java:1301)
	at org.testng.TestNG.runSuitesLocally(TestNG.java:1228)
	at org.testng.TestNG.runSuites(TestNG.java:1134)
	at org.testng.TestNG.run(TestNG.java:1101)
	at org.testng.remote.AbstractRemoteTestNG.run(AbstractRemoteTestNG.java:115)
	at org.testng.remote.RemoteTestNG.initAndRun(RemoteTestNG.java:293)
	at org.testng.remote.RemoteTestNG.main(RemoteTestNG.java:91)

15:08:49.328 [main] DEBUG c.b.monitoring.PerformanceTester - Failed to append key metrics to file C:\Users\cdac\CCST_lATEST_iNDUSATRY\CCST_LITCCST_LIT\log\key-metrics.json
15:08:54.283 [main] TRACE c.b.config.BrowserStackConfig - isGaugeTestOpsSession called with testObservabilityExplicit: false, framework: null, returning: false
15:08:54.285 [main] DEBUG c.b.utils.FunnelInstrumentation - Error in getting Product:
java.lang.NullPointerException: Cannot invoke "String.equalsIgnoreCase(String)" because the return value of "com.browserstack.config.BrowserStackConfig.getFramework()" is null
	at com.browserstack.utils.FunnelInstrumentation.a(Unknown Source)
	at java.base/java.util.stream.MatchOps$1MatchSink.accept(MatchOps.java:90)
	at java.base/java.util.Spliterators$ArraySpliterator.tryAdvance(Spliterators.java:1034)
	at java.base/java.util.stream.ReferencePipeline.forEachWithCancel(ReferencePipeline.java:129)
	at java.base/java.util.stream.AbstractPipeline.copyIntoWithCancel(AbstractPipeline.java:527)
	at java.base/java.util.stream.AbstractPipeline.copyInto(AbstractPipeline.java:513)
	at java.base/java.util.stream.AbstractPipeline.wrapAndCopyInto(AbstractPipeline.java:499)
	at java.base/java.util.stream.MatchOps$MatchOp.evaluateSequential(MatchOps.java:230)
	at java.base/java.util.stream.MatchOps$MatchOp.evaluateSequential(MatchOps.java:196)
	at java.base/java.util.stream.AbstractPipeline.evaluate(AbstractPipeline.java:234)
	at java.base/java.util.stream.ReferencePipeline.anyMatch(ReferencePipeline.java:632)
	at com.browserstack.utils.FunnelInstrumentation.getProducts(Unknown Source)
	at com.browserstack.utils.FunnelInstrumentation.createParamsForEvent(Unknown Source)
	at com.browserstack.utils.FunnelInstrumentation.sendSDKEvent(Unknown Source)
	at com.browserstack.testNgListeners.TmpSuiteListener.onFinish(Unknown Source)
	at org.testng.TestRunner.fireEvent(TestRunner.java:957)
	at org.testng.TestRunner.afterRun(TestRunner.java:914)
	at org.testng.TestRunner.run(TestRunner.java:622)
	at org.testng.SuiteRunner.runTest(SuiteRunner.java:443)
	at org.testng.SuiteRunner.runSequentially(SuiteRunner.java:437)
	at org.testng.SuiteRunner.privateRun(SuiteRunner.java:397)
	at org.testng.SuiteRunner.run(SuiteRunner.java:336)
	at org.testng.SuiteRunnerWorker.runSuite(SuiteRunnerWorker.java:52)
	at org.testng.SuiteRunnerWorker.run(SuiteRunnerWorker.java:95)
	at org.testng.TestNG.runSuitesSequentially(TestNG.java:1301)
	at org.testng.TestNG.runSuitesLocally(TestNG.java:1228)
	at org.testng.TestNG.runSuites(TestNG.java:1134)
	at org.testng.TestNG.run(TestNG.java:1101)
	at org.testng.remote.AbstractRemoteTestNG.run(AbstractRemoteTestNG.java:115)
	at org.testng.remote.RemoteTestNG.initAndRun(RemoteTestNG.java:293)
	at org.testng.remote.RemoteTestNG.main(RemoteTestNG.java:91)
15:08:54.286 [main] TRACE c.b.config.BrowserStackConfig - isGaugeTestOpsSession called with testObservabilityExplicit: false, framework: null, returning: false
15:08:54.292 [main] DEBUG c.b.utils.FrameworkDetectionUtils - Couldn't find dependency class: appium
15:08:54.330 [main] DEBUG com.browserstack.testOps.UsageStats - getFormattedData: Collecting data for TEST REPORTING AND ANALYTICS
15:08:54.330 [main] TRACE c.b.config.BrowserStackConfig - isGaugeTestOpsSession called with testObservabilityExplicit: false, framework: null, returning: false
15:08:54.371 [main] TRACE c.b.t.TestOrchestrationUtils - getInstrumentationData: invoked
15:08:54.380 [main] DEBUG c.b.utils.FunnelInstrumentation - Sending funnel data for SDKTestSuccessful with data: {"event_type":"SDKTestSuccessful","accessKey":"[REDACTED]","userName":"[REDACTED]","event_properties":{"isPercyAutoEnabled":false,"language":"java","sdkRunId":"60fd80ce-d062-4b92-a307-7910a1c5bb2a","buildIdentifier":"unknown","testhub_uuid":"","detectedAppiumVersion":"null","productMap":{"app_automate":false,"accessibility":null,"automate":true,"percy":false,"observability":false,"turboscale":false},"hostname":"DIOT4","measures":{"sdk:pre-test":0.014400001615285873},"productUsage":{"testObservability":{"buildHashedId":"","manuallySet":false,"enabled":false}},"browserStackConfig":{"browserstackLocal":null,"percy":false,"logLevel":"info","staticWebDriver":true,"autoDetectFramework":true,"percyCaptureMode":"AUTO","browserStackLocalOptions":null,"percyOptions":null,"testContextOptions":{"skipSessionStatus":false,"serenityOverridePlugin":false,"skipSessionName":false},"platforms":null,"parallelsPerPlatform":null,"framework":null,"accessibility":false,"accessibilityOptions":{},"turboScaleOptions":{},"disableAutoCaptureLogs":true,"testObservability":true,"browserstackAutomation":true,"turboScale":false,"overrideLoadTesting":false,"testObservabilityOptions":{},"gradleMConfig":null,"proxySettings":null},"automationFrameworkVersion":null,"percyBuildId":null,"product":"[automate]","buildName":"unknown","os":"Windows 10","languageVersion":"21.0.7","appiumVersion":"null","frameworkDetectionInstrumentation":{},"detectedDependencies":"","referrer":"unknown","locationTrigger":"onFinish","accessibilityConfiguration":{"pollingTimeout":30},"language_framework":"unknown","testOrchestration":{"abortBuildOnFailure":{"enabled":false},"retryTestsOnFailure":{"enabled":false},"userConfig":{}},"detectedSeleniumVersion":"4.19.1","automationFramework":"selenium","seleniumVersion":"null"}}
15:08:54.380 [main] DEBUG c.b.utils.FunnelInstrumentation - sendAmplitudeEvent failed:
java.lang.NullPointerException: Parameter specified as non-null is null: method browserstack.shaded.okhttp3.Credentials.basic$default, parameter username
	at browserstack.shaded.okhttp3.Credentials.basic(Unknown Source)
	at browserstack.shaded.okhttp3.Credentials.basic$default(Unknown Source)
	at browserstack.shaded.okhttp3.Credentials.basic(Unknown Source)
	at com.browserstack.utils.FunnelInstrumentation.fireRequest(Unknown Source)
	at com.browserstack.utils.FunnelInstrumentation.sendSDKEvent(Unknown Source)
	at com.browserstack.testNgListeners.TmpSuiteListener.onFinish(Unknown Source)
	at org.testng.TestRunner.fireEvent(TestRunner.java:957)
	at org.testng.TestRunner.afterRun(TestRunner.java:914)
	at org.testng.TestRunner.run(TestRunner.java:622)
	at org.testng.SuiteRunner.runTest(SuiteRunner.java:443)
	at org.testng.SuiteRunner.runSequentially(SuiteRunner.java:437)
	at org.testng.SuiteRunner.privateRun(SuiteRunner.java:397)
	at org.testng.SuiteRunner.run(SuiteRunner.java:336)
	at org.testng.SuiteRunnerWorker.runSuite(SuiteRunnerWorker.java:52)
	at org.testng.SuiteRunnerWorker.run(SuiteRunnerWorker.java:95)
	at org.testng.TestNG.runSuitesSequentially(TestNG.java:1301)
	at org.testng.TestNG.runSuitesLocally(TestNG.java:1228)
	at org.testng.TestNG.runSuites(TestNG.java:1134)
	at org.testng.TestNG.run(TestNG.java:1101)
	at org.testng.remote.AbstractRemoteTestNG.run(AbstractRemoteTestNG.java:115)
	at org.testng.remote.RemoteTestNG.initAndRun(RemoteTestNG.java:293)
	at org.testng.remote.RemoteTestNG.main(RemoteTestNG.java:91)
15:08:54.403 [main] DEBUG c.b.monitoring.PerformanceTester - Failed to append key metrics to file C:\Users\cdac\CCST_lATEST_iNDUSATRY\CCST_LITCCST_LIT\log\key-metrics.json
15:08:54.407 [main] DEBUG c.browserstack.utils.CurrentTestMap - Searching for Test Run ID for Thread: 1
15:08:54.407 [main] TRACE c.b.config.BrowserStackConfig - isGaugeTestOpsSession called with testObservabilityExplicit: false, framework: null, returning: false
15:11:05.902 [main] TRACE c.b.config.BrowserStackConfig - isGaugeTestOpsSession called with testObservabilityExplicit: false, framework: null, returning: false
15:11:06.313 [main] DEBUG com.browserstack.v2.SdkCliUtils - File C:\Users\cdac\.browserstack already exist
15:11:06.314 [main] DEBUG com.browserstack.v2.SdkCliUtils - getExistingCliPath: no binary found
15:11:06.314 [main] DEBUG com.browserstack.v2.SdkCliUtils - Current CLI Path Found: 
15:11:06.333 [main] ERROR com.browserstack.v2.SdkCliUtils - Error in setting up cli path directory, Exception: java.lang.NullPointerException: Parameter specified as non-null is null: method browserstack.shaded.okhttp3.Credentials.basic$default, parameter username
	at browserstack.shaded.okhttp3.Credentials.basic(Unknown Source)
	at browserstack.shaded.okhttp3.Credentials.basic$default(Unknown Source)
	at browserstack.shaded.okhttp3.Credentials.basic(Unknown Source)
	at com.browserstack.v2.SdkCliUtils.a(Unknown Source)
	at com.browserstack.v2.SdkCliUtils.checkAndUpdateCli(Unknown Source)
	at com.browserstack.v2.SdkCliUtils.setupCliPath(Unknown Source)
	at com.browserstack.v2.SdkCLI.<clinit>(Unknown Source)
	at com.browserstack.monitoring.PerformanceTester.measure(Unknown Source)
	at com.browserstack.monitoring.PerformanceTester.end(Unknown Source)
	at com.browserstack.testNgListeners.BrowserstackSuiteListener.a(Unknown Source)
	at com.browserstack.testNgListeners.BrowserstackSuiteListener.onStart(Unknown Source)
	at org.testng.SuiteRunner.invokeListeners(SuiteRunner.java:268)
	at org.testng.SuiteRunner.run(SuiteRunner.java:334)
	at org.testng.SuiteRunnerWorker.runSuite(SuiteRunnerWorker.java:52)
	at org.testng.SuiteRunnerWorker.run(SuiteRunnerWorker.java:95)
	at org.testng.TestNG.runSuitesSequentially(TestNG.java:1301)
	at org.testng.TestNG.runSuitesLocally(TestNG.java:1228)
	at org.testng.TestNG.runSuites(TestNG.java:1134)
	at org.testng.TestNG.run(TestNG.java:1101)
	at org.testng.remote.AbstractRemoteTestNG.run(AbstractRemoteTestNG.java:115)
	at org.testng.remote.RemoteTestNG.initAndRun(RemoteTestNG.java:293)
	at org.testng.remote.RemoteTestNG.main(RemoteTestNG.java:91)

15:11:06.341 [main] DEBUG c.b.monitoring.PerformanceTester - Failed to append key metrics to file C:\Users\cdac\CCST_lATEST_iNDUSATRY\CCST_LITCCST_LIT\log\key-metrics.json
15:11:22.533 [main] TRACE c.b.config.BrowserStackConfig - isGaugeTestOpsSession called with testObservabilityExplicit: false, framework: null, returning: false
15:11:22.535 [main] DEBUG c.b.utils.FunnelInstrumentation - Error in getting Product:
java.lang.NullPointerException: Cannot invoke "String.equalsIgnoreCase(String)" because the return value of "com.browserstack.config.BrowserStackConfig.getFramework()" is null
	at com.browserstack.utils.FunnelInstrumentation.a(Unknown Source)
	at java.base/java.util.stream.MatchOps$1MatchSink.accept(MatchOps.java:90)
	at java.base/java.util.Spliterators$ArraySpliterator.tryAdvance(Spliterators.java:1034)
	at java.base/java.util.stream.ReferencePipeline.forEachWithCancel(ReferencePipeline.java:129)
	at java.base/java.util.stream.AbstractPipeline.copyIntoWithCancel(AbstractPipeline.java:527)
	at java.base/java.util.stream.AbstractPipeline.copyInto(AbstractPipeline.java:513)
	at java.base/java.util.stream.AbstractPipeline.wrapAndCopyInto(AbstractPipeline.java:499)
	at java.base/java.util.stream.MatchOps$MatchOp.evaluateSequential(MatchOps.java:230)
	at java.base/java.util.stream.MatchOps$MatchOp.evaluateSequential(MatchOps.java:196)
	at java.base/java.util.stream.AbstractPipeline.evaluate(AbstractPipeline.java:234)
	at java.base/java.util.stream.ReferencePipeline.anyMatch(ReferencePipeline.java:632)
	at com.browserstack.utils.FunnelInstrumentation.getProducts(Unknown Source)
	at com.browserstack.utils.FunnelInstrumentation.createParamsForEvent(Unknown Source)
	at com.browserstack.utils.FunnelInstrumentation.sendSDKEvent(Unknown Source)
	at com.browserstack.testNgListeners.TmpSuiteListener.onFinish(Unknown Source)
	at org.testng.TestRunner.fireEvent(TestRunner.java:957)
	at org.testng.TestRunner.afterRun(TestRunner.java:914)
	at org.testng.TestRunner.run(TestRunner.java:622)
	at org.testng.SuiteRunner.runTest(SuiteRunner.java:443)
	at org.testng.SuiteRunner.runSequentially(SuiteRunner.java:437)
	at org.testng.SuiteRunner.privateRun(SuiteRunner.java:397)
	at org.testng.SuiteRunner.run(SuiteRunner.java:336)
	at org.testng.SuiteRunnerWorker.runSuite(SuiteRunnerWorker.java:52)
	at org.testng.SuiteRunnerWorker.run(SuiteRunnerWorker.java:95)
	at org.testng.TestNG.runSuitesSequentially(TestNG.java:1301)
	at org.testng.TestNG.runSuitesLocally(TestNG.java:1228)
	at org.testng.TestNG.runSuites(TestNG.java:1134)
	at org.testng.TestNG.run(TestNG.java:1101)
	at org.testng.remote.AbstractRemoteTestNG.run(AbstractRemoteTestNG.java:115)
	at org.testng.remote.RemoteTestNG.initAndRun(RemoteTestNG.java:293)
	at org.testng.remote.RemoteTestNG.main(RemoteTestNG.java:91)
15:11:22.537 [main] TRACE c.b.config.BrowserStackConfig - isGaugeTestOpsSession called with testObservabilityExplicit: false, framework: null, returning: false
15:11:22.543 [main] DEBUG c.b.utils.FrameworkDetectionUtils - Couldn't find dependency class: appium
15:11:22.578 [main] DEBUG com.browserstack.testOps.UsageStats - getFormattedData: Collecting data for TEST REPORTING AND ANALYTICS
15:11:22.578 [main] TRACE c.b.config.BrowserStackConfig - isGaugeTestOpsSession called with testObservabilityExplicit: false, framework: null, returning: false
15:11:22.617 [main] TRACE c.b.t.TestOrchestrationUtils - getInstrumentationData: invoked
15:11:22.626 [main] DEBUG c.b.utils.FunnelInstrumentation - Sending funnel data for SDKTestSuccessful with data: {"event_type":"SDKTestSuccessful","accessKey":"[REDACTED]","userName":"[REDACTED]","event_properties":{"isPercyAutoEnabled":false,"language":"java","sdkRunId":"5959820c-268a-42fc-ab3f-be5fb2b565d9","buildIdentifier":"unknown","testhub_uuid":"","detectedAppiumVersion":"null","productMap":{"app_automate":false,"accessibility":null,"automate":true,"percy":false,"observability":false,"turboscale":false},"hostname":"DIOT4","measures":{"sdk:pre-test":0.020999999716877937},"productUsage":{"testObservability":{"buildHashedId":"","manuallySet":false,"enabled":false}},"browserStackConfig":{"browserstackLocal":null,"percy":false,"logLevel":"info","staticWebDriver":true,"autoDetectFramework":true,"percyCaptureMode":"AUTO","browserStackLocalOptions":null,"percyOptions":null,"testContextOptions":{"skipSessionStatus":false,"serenityOverridePlugin":false,"skipSessionName":false},"platforms":null,"parallelsPerPlatform":null,"framework":null,"accessibility":false,"accessibilityOptions":{},"turboScaleOptions":{},"disableAutoCaptureLogs":true,"testObservability":true,"browserstackAutomation":true,"turboScale":false,"overrideLoadTesting":false,"testObservabilityOptions":{},"gradleMConfig":null,"proxySettings":null},"automationFrameworkVersion":null,"percyBuildId":null,"product":"[automate]","buildName":"unknown","os":"Windows 10","languageVersion":"21.0.7","appiumVersion":"null","frameworkDetectionInstrumentation":{},"detectedDependencies":"","referrer":"unknown","locationTrigger":"onFinish","accessibilityConfiguration":{"pollingTimeout":30},"language_framework":"unknown","testOrchestration":{"abortBuildOnFailure":{"enabled":false},"retryTestsOnFailure":{"enabled":false},"userConfig":{}},"detectedSeleniumVersion":"4.19.1","automationFramework":"selenium","seleniumVersion":"null"}}
15:11:22.627 [main] DEBUG c.b.utils.FunnelInstrumentation - sendAmplitudeEvent failed:
java.lang.NullPointerException: Parameter specified as non-null is null: method browserstack.shaded.okhttp3.Credentials.basic$default, parameter username
	at browserstack.shaded.okhttp3.Credentials.basic(Unknown Source)
	at browserstack.shaded.okhttp3.Credentials.basic$default(Unknown Source)
	at browserstack.shaded.okhttp3.Credentials.basic(Unknown Source)
	at com.browserstack.utils.FunnelInstrumentation.fireRequest(Unknown Source)
	at com.browserstack.utils.FunnelInstrumentation.sendSDKEvent(Unknown Source)
	at com.browserstack.testNgListeners.TmpSuiteListener.onFinish(Unknown Source)
	at org.testng.TestRunner.fireEvent(TestRunner.java:957)
	at org.testng.TestRunner.afterRun(TestRunner.java:914)
	at org.testng.TestRunner.run(TestRunner.java:622)
	at org.testng.SuiteRunner.runTest(SuiteRunner.java:443)
	at org.testng.SuiteRunner.runSequentially(SuiteRunner.java:437)
	at org.testng.SuiteRunner.privateRun(SuiteRunner.java:397)
	at org.testng.SuiteRunner.run(SuiteRunner.java:336)
	at org.testng.SuiteRunnerWorker.runSuite(SuiteRunnerWorker.java:52)
	at org.testng.SuiteRunnerWorker.run(SuiteRunnerWorker.java:95)
	at org.testng.TestNG.runSuitesSequentially(TestNG.java:1301)
	at org.testng.TestNG.runSuitesLocally(TestNG.java:1228)
	at org.testng.TestNG.runSuites(TestNG.java:1134)
	at org.testng.TestNG.run(TestNG.java:1101)
	at org.testng.remote.AbstractRemoteTestNG.run(AbstractRemoteTestNG.java:115)
	at org.testng.remote.RemoteTestNG.initAndRun(RemoteTestNG.java:293)
	at org.testng.remote.RemoteTestNG.main(RemoteTestNG.java:91)
15:11:22.648 [main] DEBUG c.b.monitoring.PerformanceTester - Failed to append key metrics to file C:\Users\cdac\CCST_lATEST_iNDUSATRY\CCST_LITCCST_LIT\log\key-metrics.json
15:11:22.652 [main] DEBUG c.browserstack.utils.CurrentTestMap - Searching for Test Run ID for Thread: 1
15:11:22.652 [main] TRACE c.b.config.BrowserStackConfig - isGaugeTestOpsSession called with testObservabilityExplicit: false, framework: null, returning: false
15:51:35.657 [main] TRACE c.b.config.BrowserStackConfig - isGaugeTestOpsSession called with testObservabilityExplicit: false, framework: null, returning: false
15:51:36.063 [main] DEBUG com.browserstack.v2.SdkCliUtils - File C:\Users\cdac\.browserstack already exist
15:51:36.077 [main] DEBUG com.browserstack.v2.SdkCliUtils - getExistingCliPath: no binary found
15:51:36.077 [main] DEBUG com.browserstack.v2.SdkCliUtils - Current CLI Path Found: 
15:51:36.095 [main] ERROR com.browserstack.v2.SdkCliUtils - Error in setting up cli path directory, Exception: java.lang.NullPointerException: Parameter specified as non-null is null: method browserstack.shaded.okhttp3.Credentials.basic$default, parameter username
	at browserstack.shaded.okhttp3.Credentials.basic(Unknown Source)
	at browserstack.shaded.okhttp3.Credentials.basic$default(Unknown Source)
	at browserstack.shaded.okhttp3.Credentials.basic(Unknown Source)
	at com.browserstack.v2.SdkCliUtils.a(Unknown Source)
	at com.browserstack.v2.SdkCliUtils.checkAndUpdateCli(Unknown Source)
	at com.browserstack.v2.SdkCliUtils.setupCliPath(Unknown Source)
	at com.browserstack.v2.SdkCLI.<clinit>(Unknown Source)
	at com.browserstack.monitoring.PerformanceTester.measure(Unknown Source)
	at com.browserstack.monitoring.PerformanceTester.end(Unknown Source)
	at com.browserstack.testNgListeners.BrowserstackSuiteListener.a(Unknown Source)
	at com.browserstack.testNgListeners.BrowserstackSuiteListener.onStart(Unknown Source)
	at org.testng.SuiteRunner.invokeListeners(SuiteRunner.java:268)
	at org.testng.SuiteRunner.run(SuiteRunner.java:334)
	at org.testng.SuiteRunnerWorker.runSuite(SuiteRunnerWorker.java:52)
	at org.testng.SuiteRunnerWorker.run(SuiteRunnerWorker.java:95)
	at org.testng.TestNG.runSuitesSequentially(TestNG.java:1301)
	at org.testng.TestNG.runSuitesLocally(TestNG.java:1228)
	at org.testng.TestNG.runSuites(TestNG.java:1134)
	at org.testng.TestNG.run(TestNG.java:1101)
	at org.testng.remote.AbstractRemoteTestNG.run(AbstractRemoteTestNG.java:115)
	at org.testng.remote.RemoteTestNG.initAndRun(RemoteTestNG.java:293)
	at org.testng.remote.RemoteTestNG.main(RemoteTestNG.java:91)

15:51:36.102 [main] DEBUG c.b.monitoring.PerformanceTester - Failed to append key metrics to file C:\Users\cdac\CCST_lATEST_iNDUSATRY\CCST_LITCCST_LIT\log\key-metrics.json
15:52:16.186 [main] TRACE c.b.config.BrowserStackConfig - isGaugeTestOpsSession called with testObservabilityExplicit: false, framework: null, returning: false
15:52:16.195 [main] DEBUG c.b.utils.FunnelInstrumentation - Error in getting Product:
java.lang.NullPointerException: Cannot invoke "String.equalsIgnoreCase(String)" because the return value of "com.browserstack.config.BrowserStackConfig.getFramework()" is null
	at com.browserstack.utils.FunnelInstrumentation.a(Unknown Source)
	at java.base/java.util.stream.MatchOps$1MatchSink.accept(MatchOps.java:90)
	at java.base/java.util.Spliterators$ArraySpliterator.tryAdvance(Spliterators.java:1034)
	at java.base/java.util.stream.ReferencePipeline.forEachWithCancel(ReferencePipeline.java:129)
	at java.base/java.util.stream.AbstractPipeline.copyIntoWithCancel(AbstractPipeline.java:527)
	at java.base/java.util.stream.AbstractPipeline.copyInto(AbstractPipeline.java:513)
	at java.base/java.util.stream.AbstractPipeline.wrapAndCopyInto(AbstractPipeline.java:499)
	at java.base/java.util.stream.MatchOps$MatchOp.evaluateSequential(MatchOps.java:230)
	at java.base/java.util.stream.MatchOps$MatchOp.evaluateSequential(MatchOps.java:196)
	at java.base/java.util.stream.AbstractPipeline.evaluate(AbstractPipeline.java:234)
	at java.base/java.util.stream.ReferencePipeline.anyMatch(ReferencePipeline.java:632)
	at com.browserstack.utils.FunnelInstrumentation.getProducts(Unknown Source)
	at com.browserstack.utils.FunnelInstrumentation.createParamsForEvent(Unknown Source)
	at com.browserstack.utils.FunnelInstrumentation.sendSDKEvent(Unknown Source)
	at com.browserstack.testNgListeners.TmpSuiteListener.onFinish(Unknown Source)
	at org.testng.TestRunner.fireEvent(TestRunner.java:957)
	at org.testng.TestRunner.afterRun(TestRunner.java:914)
	at org.testng.TestRunner.run(TestRunner.java:622)
	at org.testng.SuiteRunner.runTest(SuiteRunner.java:443)
	at org.testng.SuiteRunner.runSequentially(SuiteRunner.java:437)
	at org.testng.SuiteRunner.privateRun(SuiteRunner.java:397)
	at org.testng.SuiteRunner.run(SuiteRunner.java:336)
	at org.testng.SuiteRunnerWorker.runSuite(SuiteRunnerWorker.java:52)
	at org.testng.SuiteRunnerWorker.run(SuiteRunnerWorker.java:95)
	at org.testng.TestNG.runSuitesSequentially(TestNG.java:1301)
	at org.testng.TestNG.runSuitesLocally(TestNG.java:1228)
	at org.testng.TestNG.runSuites(TestNG.java:1134)
	at org.testng.TestNG.run(TestNG.java:1101)
	at org.testng.remote.AbstractRemoteTestNG.run(AbstractRemoteTestNG.java:115)
	at org.testng.remote.RemoteTestNG.initAndRun(RemoteTestNG.java:293)
	at org.testng.remote.RemoteTestNG.main(RemoteTestNG.java:91)
15:52:16.198 [main] TRACE c.b.config.BrowserStackConfig - isGaugeTestOpsSession called with testObservabilityExplicit: false, framework: null, returning: false
15:52:16.210 [main] DEBUG c.b.utils.FrameworkDetectionUtils - Couldn't find dependency class: appium
15:52:16.251 [main] DEBUG com.browserstack.testOps.UsageStats - getFormattedData: Collecting data for TEST REPORTING AND ANALYTICS
15:52:16.251 [main] TRACE c.b.config.BrowserStackConfig - isGaugeTestOpsSession called with testObservabilityExplicit: false, framework: null, returning: false
15:52:16.282 [main] TRACE c.b.t.TestOrchestrationUtils - getInstrumentationData: invoked
15:52:16.292 [main] DEBUG c.b.utils.FunnelInstrumentation - Sending funnel data for SDKTestSuccessful with data: {"event_type":"SDKTestSuccessful","accessKey":"[REDACTED]","userName":"[REDACTED]","event_properties":{"isPercyAutoEnabled":false,"language":"java","sdkRunId":"e15f06eb-5a00-4999-89c8-129273020f7d","buildIdentifier":"unknown","testhub_uuid":"","detectedAppiumVersion":"null","productMap":{"app_automate":false,"accessibility":null,"automate":true,"percy":false,"observability":false,"turboscale":false},"hostname":"DIOT4","measures":{"sdk:pre-test":0.013100000098347664},"productUsage":{"testObservability":{"buildHashedId":"","manuallySet":false,"enabled":false}},"browserStackConfig":{"browserstackLocal":null,"percy":false,"logLevel":"info","staticWebDriver":true,"autoDetectFramework":true,"percyCaptureMode":"AUTO","browserStackLocalOptions":null,"percyOptions":null,"testContextOptions":{"skipSessionName":false,"skipSessionStatus":false,"serenityOverridePlugin":false},"platforms":null,"parallelsPerPlatform":null,"framework":null,"accessibility":false,"accessibilityOptions":{},"turboScaleOptions":{},"disableAutoCaptureLogs":true,"testObservability":true,"browserstackAutomation":true,"turboScale":false,"overrideLoadTesting":false,"testObservabilityOptions":{},"gradleMConfig":null,"proxySettings":null},"automationFrameworkVersion":null,"percyBuildId":null,"product":"[automate]","buildName":"unknown","os":"Windows 10","languageVersion":"21.0.7","appiumVersion":"null","frameworkDetectionInstrumentation":{},"detectedDependencies":"","referrer":"unknown","locationTrigger":"onFinish","accessibilityConfiguration":{"pollingTimeout":30},"language_framework":"unknown","testOrchestration":{"abortBuildOnFailure":{"enabled":false},"retryTestsOnFailure":{"enabled":false},"userConfig":{}},"detectedSeleniumVersion":"4.19.1","automationFramework":"selenium","seleniumVersion":"null"}}
15:52:16.293 [main] DEBUG c.b.utils.FunnelInstrumentation - sendAmplitudeEvent failed:
java.lang.NullPointerException: Parameter specified as non-null is null: method browserstack.shaded.okhttp3.Credentials.basic$default, parameter username
	at browserstack.shaded.okhttp3.Credentials.basic(Unknown Source)
	at browserstack.shaded.okhttp3.Credentials.basic$default(Unknown Source)
	at browserstack.shaded.okhttp3.Credentials.basic(Unknown Source)
	at com.browserstack.utils.FunnelInstrumentation.fireRequest(Unknown Source)
	at com.browserstack.utils.FunnelInstrumentation.sendSDKEvent(Unknown Source)
	at com.browserstack.testNgListeners.TmpSuiteListener.onFinish(Unknown Source)
	at org.testng.TestRunner.fireEvent(TestRunner.java:957)
	at org.testng.TestRunner.afterRun(TestRunner.java:914)
	at org.testng.TestRunner.run(TestRunner.java:622)
	at org.testng.SuiteRunner.runTest(SuiteRunner.java:443)
	at org.testng.SuiteRunner.runSequentially(SuiteRunner.java:437)
	at org.testng.SuiteRunner.privateRun(SuiteRunner.java:397)
	at org.testng.SuiteRunner.run(SuiteRunner.java:336)
	at org.testng.SuiteRunnerWorker.runSuite(SuiteRunnerWorker.java:52)
	at org.testng.SuiteRunnerWorker.run(SuiteRunnerWorker.java:95)
	at org.testng.TestNG.runSuitesSequentially(TestNG.java:1301)
	at org.testng.TestNG.runSuitesLocally(TestNG.java:1228)
	at org.testng.TestNG.runSuites(TestNG.java:1134)
	at org.testng.TestNG.run(TestNG.java:1101)
	at org.testng.remote.AbstractRemoteTestNG.run(AbstractRemoteTestNG.java:115)
	at org.testng.remote.RemoteTestNG.initAndRun(RemoteTestNG.java:293)
	at org.testng.remote.RemoteTestNG.main(RemoteTestNG.java:91)
15:52:16.325 [main] DEBUG c.b.monitoring.PerformanceTester - Failed to append key metrics to file C:\Users\cdac\CCST_lATEST_iNDUSATRY\CCST_LITCCST_LIT\log\key-metrics.json
15:52:16.330 [main] DEBUG c.browserstack.utils.CurrentTestMap - Searching for Test Run ID for Thread: 1
15:52:16.330 [main] TRACE c.b.config.BrowserStackConfig - isGaugeTestOpsSession called with testObservabilityExplicit: false, framework: null, returning: false
15:52:33.835 [main] TRACE c.b.config.BrowserStackConfig - isGaugeTestOpsSession called with testObservabilityExplicit: false, framework: null, returning: false
15:52:34.242 [main] DEBUG com.browserstack.v2.SdkCliUtils - File C:\Users\cdac\.browserstack already exist
15:52:34.243 [main] DEBUG com.browserstack.v2.SdkCliUtils - getExistingCliPath: no binary found
15:52:34.243 [main] DEBUG com.browserstack.v2.SdkCliUtils - Current CLI Path Found: 
15:52:34.278 [main] ERROR com.browserstack.v2.SdkCliUtils - Error in setting up cli path directory, Exception: java.lang.NullPointerException: Parameter specified as non-null is null: method browserstack.shaded.okhttp3.Credentials.basic$default, parameter username
	at browserstack.shaded.okhttp3.Credentials.basic(Unknown Source)
	at browserstack.shaded.okhttp3.Credentials.basic$default(Unknown Source)
	at browserstack.shaded.okhttp3.Credentials.basic(Unknown Source)
	at com.browserstack.v2.SdkCliUtils.a(Unknown Source)
	at com.browserstack.v2.SdkCliUtils.checkAndUpdateCli(Unknown Source)
	at com.browserstack.v2.SdkCliUtils.setupCliPath(Unknown Source)
	at com.browserstack.v2.SdkCLI.<clinit>(Unknown Source)
	at com.browserstack.monitoring.PerformanceTester.measure(Unknown Source)
	at com.browserstack.monitoring.PerformanceTester.end(Unknown Source)
	at com.browserstack.testNgListeners.BrowserstackSuiteListener.a(Unknown Source)
	at com.browserstack.testNgListeners.BrowserstackSuiteListener.onStart(Unknown Source)
	at org.testng.SuiteRunner.invokeListeners(SuiteRunner.java:268)
	at org.testng.SuiteRunner.run(SuiteRunner.java:334)
	at org.testng.SuiteRunnerWorker.runSuite(SuiteRunnerWorker.java:52)
	at org.testng.SuiteRunnerWorker.run(SuiteRunnerWorker.java:95)
	at org.testng.TestNG.runSuitesSequentially(TestNG.java:1301)
	at org.testng.TestNG.runSuitesLocally(TestNG.java:1228)
	at org.testng.TestNG.runSuites(TestNG.java:1134)
	at org.testng.TestNG.run(TestNG.java:1101)
	at org.testng.remote.AbstractRemoteTestNG.run(AbstractRemoteTestNG.java:115)
	at org.testng.remote.RemoteTestNG.initAndRun(RemoteTestNG.java:293)
	at org.testng.remote.RemoteTestNG.main(RemoteTestNG.java:91)

15:52:34.285 [main] DEBUG c.b.monitoring.PerformanceTester - Failed to append key metrics to file C:\Users\cdac\CCST_lATEST_iNDUSATRY\CCST_LITCCST_LIT\log\key-metrics.json
15:52:34.390 [main] TRACE c.b.config.BrowserStackConfig - isGaugeTestOpsSession called with testObservabilityExplicit: false, framework: null, returning: false
15:52:34.393 [main] DEBUG c.b.utils.FunnelInstrumentation - Error in getting Product:
java.lang.NullPointerException: Cannot invoke "String.equalsIgnoreCase(String)" because the return value of "com.browserstack.config.BrowserStackConfig.getFramework()" is null
	at com.browserstack.utils.FunnelInstrumentation.a(Unknown Source)
	at java.base/java.util.stream.MatchOps$1MatchSink.accept(MatchOps.java:90)
	at java.base/java.util.Spliterators$ArraySpliterator.tryAdvance(Spliterators.java:1034)
	at java.base/java.util.stream.ReferencePipeline.forEachWithCancel(ReferencePipeline.java:129)
	at java.base/java.util.stream.AbstractPipeline.copyIntoWithCancel(AbstractPipeline.java:527)
	at java.base/java.util.stream.AbstractPipeline.copyInto(AbstractPipeline.java:513)
	at java.base/java.util.stream.AbstractPipeline.wrapAndCopyInto(AbstractPipeline.java:499)
	at java.base/java.util.stream.MatchOps$MatchOp.evaluateSequential(MatchOps.java:230)
	at java.base/java.util.stream.MatchOps$MatchOp.evaluateSequential(MatchOps.java:196)
	at java.base/java.util.stream.AbstractPipeline.evaluate(AbstractPipeline.java:234)
	at java.base/java.util.stream.ReferencePipeline.anyMatch(ReferencePipeline.java:632)
	at com.browserstack.utils.FunnelInstrumentation.getProducts(Unknown Source)
	at com.browserstack.utils.FunnelInstrumentation.createParamsForEvent(Unknown Source)
	at com.browserstack.utils.FunnelInstrumentation.sendSDKEvent(Unknown Source)
	at com.browserstack.testNgListeners.TmpSuiteListener.onFinish(Unknown Source)
	at org.testng.TestRunner.fireEvent(TestRunner.java:957)
	at org.testng.TestRunner.afterRun(TestRunner.java:914)
	at org.testng.TestRunner.run(TestRunner.java:622)
	at org.testng.SuiteRunner.runTest(SuiteRunner.java:443)
	at org.testng.SuiteRunner.runSequentially(SuiteRunner.java:437)
	at org.testng.SuiteRunner.privateRun(SuiteRunner.java:397)
	at org.testng.SuiteRunner.run(SuiteRunner.java:336)
	at org.testng.SuiteRunnerWorker.runSuite(SuiteRunnerWorker.java:52)
	at org.testng.SuiteRunnerWorker.run(SuiteRunnerWorker.java:95)
	at org.testng.TestNG.runSuitesSequentially(TestNG.java:1301)
	at org.testng.TestNG.runSuitesLocally(TestNG.java:1228)
	at org.testng.TestNG.runSuites(TestNG.java:1134)
	at org.testng.TestNG.run(TestNG.java:1101)
	at org.testng.remote.AbstractRemoteTestNG.run(AbstractRemoteTestNG.java:115)
	at org.testng.remote.RemoteTestNG.initAndRun(RemoteTestNG.java:293)
	at org.testng.remote.RemoteTestNG.main(RemoteTestNG.java:91)
15:52:34.394 [main] TRACE c.b.config.BrowserStackConfig - isGaugeTestOpsSession called with testObservabilityExplicit: false, framework: null, returning: false
15:52:34.409 [main] DEBUG c.b.utils.FrameworkDetectionUtils - Couldn't find dependency class: appium
15:52:34.447 [main] DEBUG com.browserstack.testOps.UsageStats - getFormattedData: Collecting data for TEST REPORTING AND ANALYTICS
15:52:34.447 [main] TRACE c.b.config.BrowserStackConfig - isGaugeTestOpsSession called with testObservabilityExplicit: false, framework: null, returning: false
15:52:34.484 [main] TRACE c.b.t.TestOrchestrationUtils - getInstrumentationData: invoked
15:52:34.493 [main] DEBUG c.b.utils.FunnelInstrumentation - Sending funnel data for SDKTestSuccessful with data: {"event_type":"SDKTestSuccessful","accessKey":"[REDACTED]","userName":"[REDACTED]","event_properties":{"isPercyAutoEnabled":false,"language":"java","sdkRunId":"c689b39a-39ec-4af3-8579-7f301bf847a4","buildIdentifier":"unknown","testhub_uuid":"","detectedAppiumVersion":"null","productMap":{"app_automate":false,"accessibility":null,"automate":true,"percy":false,"observability":false,"turboscale":false},"hostname":"DIOT4","measures":{"sdk:pre-test":0.011299999430775642},"productUsage":{"testObservability":{"buildHashedId":"","manuallySet":false,"enabled":false}},"browserStackConfig":{"browserstackLocal":null,"percy":false,"logLevel":"info","staticWebDriver":true,"autoDetectFramework":true,"percyCaptureMode":"AUTO","browserStackLocalOptions":null,"percyOptions":null,"testContextOptions":{"skipSessionName":false,"skipSessionStatus":false,"serenityOverridePlugin":false},"platforms":null,"parallelsPerPlatform":null,"framework":null,"accessibility":false,"accessibilityOptions":{},"turboScaleOptions":{},"disableAutoCaptureLogs":true,"testObservability":true,"browserstackAutomation":true,"turboScale":false,"overrideLoadTesting":false,"testObservabilityOptions":{},"gradleMConfig":null,"proxySettings":null},"automationFrameworkVersion":null,"percyBuildId":null,"product":"[automate]","buildName":"unknown","os":"Windows 10","languageVersion":"21.0.7","appiumVersion":"null","frameworkDetectionInstrumentation":{},"detectedDependencies":"","referrer":"unknown","locationTrigger":"onFinish","accessibilityConfiguration":{"pollingTimeout":30},"language_framework":"unknown","testOrchestration":{"abortBuildOnFailure":{"enabled":false},"retryTestsOnFailure":{"enabled":false},"userConfig":{}},"detectedSeleniumVersion":"4.19.1","automationFramework":"selenium","seleniumVersion":"null"}}
15:52:34.494 [main] DEBUG c.b.utils.FunnelInstrumentation - sendAmplitudeEvent failed:
java.lang.NullPointerException: Parameter specified as non-null is null: method browserstack.shaded.okhttp3.Credentials.basic$default, parameter username
	at browserstack.shaded.okhttp3.Credentials.basic(Unknown Source)
	at browserstack.shaded.okhttp3.Credentials.basic$default(Unknown Source)
	at browserstack.shaded.okhttp3.Credentials.basic(Unknown Source)
	at com.browserstack.utils.FunnelInstrumentation.fireRequest(Unknown Source)
	at com.browserstack.utils.FunnelInstrumentation.sendSDKEvent(Unknown Source)
	at com.browserstack.testNgListeners.TmpSuiteListener.onFinish(Unknown Source)
	at org.testng.TestRunner.fireEvent(TestRunner.java:957)
	at org.testng.TestRunner.afterRun(TestRunner.java:914)
	at org.testng.TestRunner.run(TestRunner.java:622)
	at org.testng.SuiteRunner.runTest(SuiteRunner.java:443)
	at org.testng.SuiteRunner.runSequentially(SuiteRunner.java:437)
	at org.testng.SuiteRunner.privateRun(SuiteRunner.java:397)
	at org.testng.SuiteRunner.run(SuiteRunner.java:336)
	at org.testng.SuiteRunnerWorker.runSuite(SuiteRunnerWorker.java:52)
	at org.testng.SuiteRunnerWorker.run(SuiteRunnerWorker.java:95)
	at org.testng.TestNG.runSuitesSequentially(TestNG.java:1301)
	at org.testng.TestNG.runSuitesLocally(TestNG.java:1228)
	at org.testng.TestNG.runSuites(TestNG.java:1134)
	at org.testng.TestNG.run(TestNG.java:1101)
	at org.testng.remote.AbstractRemoteTestNG.run(AbstractRemoteTestNG.java:115)
	at org.testng.remote.RemoteTestNG.initAndRun(RemoteTestNG.java:293)
	at org.testng.remote.RemoteTestNG.main(RemoteTestNG.java:91)
15:52:34.497 [main] DEBUG c.browserstack.utils.CurrentTestMap - Searching for Test Run ID for Thread: 1
15:52:34.497 [main] TRACE c.b.config.BrowserStackConfig - isGaugeTestOpsSession called with testObservabilityExplicit: false, framework: null, returning: false
15:52:34.498 [main] DEBUG c.browserstack.utils.CurrentTestMap - Searching for Test Run ID for Thread: 1
15:52:34.498 [main] TRACE c.b.config.BrowserStackConfig - isGaugeTestOpsSession called with testObservabilityExplicit: false, framework: null, returning: false
15:52:34.498 [main] DEBUG c.browserstack.utils.CurrentTestMap - Searching for Test Run ID for Thread: 1
15:52:34.498 [main] TRACE c.b.config.BrowserStackConfig - isGaugeTestOpsSession called with testObservabilityExplicit: false, framework: null, returning: false
15:52:34.498 [main] DEBUG c.browserstack.utils.CurrentTestMap - Searching for Test Run ID for Thread: 1
15:52:34.498 [main] TRACE c.b.config.BrowserStackConfig - isGaugeTestOpsSession called with testObservabilityExplicit: false, framework: null, returning: false
15:52:34.499 [main] DEBUG c.browserstack.utils.CurrentTestMap - Searching for Test Run ID for Thread: 1
15:52:34.500 [main] TRACE c.b.config.BrowserStackConfig - isGaugeTestOpsSession called with testObservabilityExplicit: false, framework: null, returning: false
15:52:34.500 [main] DEBUG c.browserstack.utils.CurrentTestMap - Searching for Test Run ID for Thread: 1
15:52:34.500 [main] TRACE c.b.config.BrowserStackConfig - isGaugeTestOpsSession called with testObservabilityExplicit: false, framework: null, returning: false
15:52:34.501 [main] DEBUG c.browserstack.utils.CurrentTestMap - Searching for Test Run ID for Thread: 1
15:52:34.501 [main] TRACE c.b.config.BrowserStackConfig - isGaugeTestOpsSession called with testObservabilityExplicit: false, framework: null, returning: false
15:52:34.540 [main] DEBUG c.b.monitoring.PerformanceTester - Failed to append key metrics to file C:\Users\cdac\CCST_lATEST_iNDUSATRY\CCST_LITCCST_LIT\log\key-metrics.json
15:52:34.542 [main] DEBUG c.browserstack.utils.CurrentTestMap - Searching for Test Run ID for Thread: 1
15:52:34.542 [main] TRACE c.b.config.BrowserStackConfig - isGaugeTestOpsSession called with testObservabilityExplicit: false, framework: null, returning: false
15:52:50.132 [main] TRACE c.b.config.BrowserStackConfig - isGaugeTestOpsSession called with testObservabilityExplicit: false, framework: null, returning: false
15:52:50.562 [main] DEBUG com.browserstack.v2.SdkCliUtils - File C:\Users\cdac\.browserstack already exist
15:52:50.563 [main] DEBUG com.browserstack.v2.SdkCliUtils - getExistingCliPath: no binary found
15:52:50.563 [main] DEBUG com.browserstack.v2.SdkCliUtils - Current CLI Path Found: 
15:52:50.583 [main] ERROR com.browserstack.v2.SdkCliUtils - Error in setting up cli path directory, Exception: java.lang.NullPointerException: Parameter specified as non-null is null: method browserstack.shaded.okhttp3.Credentials.basic$default, parameter username
	at browserstack.shaded.okhttp3.Credentials.basic(Unknown Source)
	at browserstack.shaded.okhttp3.Credentials.basic$default(Unknown Source)
	at browserstack.shaded.okhttp3.Credentials.basic(Unknown Source)
	at com.browserstack.v2.SdkCliUtils.a(Unknown Source)
	at com.browserstack.v2.SdkCliUtils.checkAndUpdateCli(Unknown Source)
	at com.browserstack.v2.SdkCliUtils.setupCliPath(Unknown Source)
	at com.browserstack.v2.SdkCLI.<clinit>(Unknown Source)
	at com.browserstack.monitoring.PerformanceTester.measure(Unknown Source)
	at com.browserstack.monitoring.PerformanceTester.end(Unknown Source)
	at com.browserstack.testNgListeners.BrowserstackSuiteListener.a(Unknown Source)
	at com.browserstack.testNgListeners.BrowserstackSuiteListener.onStart(Unknown Source)
	at org.testng.SuiteRunner.invokeListeners(SuiteRunner.java:268)
	at org.testng.SuiteRunner.run(SuiteRunner.java:334)
	at org.testng.SuiteRunnerWorker.runSuite(SuiteRunnerWorker.java:52)
	at org.testng.SuiteRunnerWorker.run(SuiteRunnerWorker.java:95)
	at org.testng.TestNG.runSuitesSequentially(TestNG.java:1301)
	at org.testng.TestNG.runSuitesLocally(TestNG.java:1228)
	at org.testng.TestNG.runSuites(TestNG.java:1134)
	at org.testng.TestNG.run(TestNG.java:1101)
	at org.testng.remote.AbstractRemoteTestNG.run(AbstractRemoteTestNG.java:115)
	at org.testng.remote.RemoteTestNG.initAndRun(RemoteTestNG.java:293)
	at org.testng.remote.RemoteTestNG.main(RemoteTestNG.java:91)

15:52:50.589 [main] DEBUG c.b.monitoring.PerformanceTester - Failed to append key metrics to file C:\Users\cdac\CCST_lATEST_iNDUSATRY\CCST_LITCCST_LIT\log\key-metrics.json
15:52:50.678 [main] TRACE c.b.config.BrowserStackConfig - isGaugeTestOpsSession called with testObservabilityExplicit: false, framework: null, returning: false
15:52:50.680 [main] DEBUG c.b.utils.FunnelInstrumentation - Error in getting Product:
java.lang.NullPointerException: Cannot invoke "String.equalsIgnoreCase(String)" because the return value of "com.browserstack.config.BrowserStackConfig.getFramework()" is null
	at com.browserstack.utils.FunnelInstrumentation.a(Unknown Source)
	at java.base/java.util.stream.MatchOps$1MatchSink.accept(MatchOps.java:90)
	at java.base/java.util.Spliterators$ArraySpliterator.tryAdvance(Spliterators.java:1034)
	at java.base/java.util.stream.ReferencePipeline.forEachWithCancel(ReferencePipeline.java:129)
	at java.base/java.util.stream.AbstractPipeline.copyIntoWithCancel(AbstractPipeline.java:527)
	at java.base/java.util.stream.AbstractPipeline.copyInto(AbstractPipeline.java:513)
	at java.base/java.util.stream.AbstractPipeline.wrapAndCopyInto(AbstractPipeline.java:499)
	at java.base/java.util.stream.MatchOps$MatchOp.evaluateSequential(MatchOps.java:230)
	at java.base/java.util.stream.MatchOps$MatchOp.evaluateSequential(MatchOps.java:196)
	at java.base/java.util.stream.AbstractPipeline.evaluate(AbstractPipeline.java:234)
	at java.base/java.util.stream.ReferencePipeline.anyMatch(ReferencePipeline.java:632)
	at com.browserstack.utils.FunnelInstrumentation.getProducts(Unknown Source)
	at com.browserstack.utils.FunnelInstrumentation.createParamsForEvent(Unknown Source)
	at com.browserstack.utils.FunnelInstrumentation.sendSDKEvent(Unknown Source)
	at com.browserstack.testNgListeners.TmpSuiteListener.onFinish(Unknown Source)
	at org.testng.TestRunner.fireEvent(TestRunner.java:957)
	at org.testng.TestRunner.afterRun(TestRunner.java:914)
	at org.testng.TestRunner.run(TestRunner.java:622)
	at org.testng.SuiteRunner.runTest(SuiteRunner.java:443)
	at org.testng.SuiteRunner.runSequentially(SuiteRunner.java:437)
	at org.testng.SuiteRunner.privateRun(SuiteRunner.java:397)
	at org.testng.SuiteRunner.run(SuiteRunner.java:336)
	at org.testng.SuiteRunnerWorker.runSuite(SuiteRunnerWorker.java:52)
	at org.testng.SuiteRunnerWorker.run(SuiteRunnerWorker.java:95)
	at org.testng.TestNG.runSuitesSequentially(TestNG.java:1301)
	at org.testng.TestNG.runSuitesLocally(TestNG.java:1228)
	at org.testng.TestNG.runSuites(TestNG.java:1134)
	at org.testng.TestNG.run(TestNG.java:1101)
	at org.testng.remote.AbstractRemoteTestNG.run(AbstractRemoteTestNG.java:115)
	at org.testng.remote.RemoteTestNG.initAndRun(RemoteTestNG.java:293)
	at org.testng.remote.RemoteTestNG.main(RemoteTestNG.java:91)
15:52:50.681 [main] TRACE c.b.config.BrowserStackConfig - isGaugeTestOpsSession called with testObservabilityExplicit: false, framework: null, returning: false
15:52:50.693 [main] DEBUG c.b.utils.FrameworkDetectionUtils - Couldn't find dependency class: appium
15:52:50.741 [main] DEBUG com.browserstack.testOps.UsageStats - getFormattedData: Collecting data for TEST REPORTING AND ANALYTICS
15:52:50.741 [main] TRACE c.b.config.BrowserStackConfig - isGaugeTestOpsSession called with testObservabilityExplicit: false, framework: null, returning: false
15:52:50.781 [main] TRACE c.b.t.TestOrchestrationUtils - getInstrumentationData: invoked
15:52:50.790 [main] DEBUG c.b.utils.FunnelInstrumentation - Sending funnel data for SDKTestSuccessful with data: {"event_type":"SDKTestSuccessful","accessKey":"[REDACTED]","userName":"[REDACTED]","event_properties":{"isPercyAutoEnabled":false,"language":"java","sdkRunId":"9aff0f36-e790-487b-86a6-9ad710ca90f3","buildIdentifier":"unknown","testhub_uuid":"","detectedAppiumVersion":"null","productMap":{"app_automate":false,"accessibility":null,"automate":true,"percy":false,"observability":false,"turboscale":false},"hostname":"DIOT4","measures":{"sdk:pre-test":0.021299999207258224},"productUsage":{"testObservability":{"buildHashedId":"","manuallySet":false,"enabled":false}},"browserStackConfig":{"browserstackLocal":null,"percy":false,"logLevel":"info","staticWebDriver":true,"autoDetectFramework":true,"percyCaptureMode":"AUTO","browserStackLocalOptions":null,"percyOptions":null,"testContextOptions":{"skipSessionName":false,"skipSessionStatus":false,"serenityOverridePlugin":false},"platforms":null,"parallelsPerPlatform":null,"framework":null,"accessibility":false,"accessibilityOptions":{},"turboScaleOptions":{},"disableAutoCaptureLogs":true,"testObservability":true,"browserstackAutomation":true,"turboScale":false,"overrideLoadTesting":false,"testObservabilityOptions":{},"gradleMConfig":null,"proxySettings":null},"automationFrameworkVersion":null,"percyBuildId":null,"product":"[automate]","buildName":"unknown","os":"Windows 10","languageVersion":"21.0.7","appiumVersion":"null","frameworkDetectionInstrumentation":{},"detectedDependencies":"","referrer":"unknown","locationTrigger":"onFinish","accessibilityConfiguration":{"pollingTimeout":30},"language_framework":"unknown","testOrchestration":{"abortBuildOnFailure":{"enabled":false},"retryTestsOnFailure":{"enabled":false},"userConfig":{}},"detectedSeleniumVersion":"4.19.1","automationFramework":"selenium","seleniumVersion":"null"}}
15:52:50.790 [main] DEBUG c.b.utils.FunnelInstrumentation - sendAmplitudeEvent failed:
java.lang.NullPointerException: Parameter specified as non-null is null: method browserstack.shaded.okhttp3.Credentials.basic$default, parameter username
	at browserstack.shaded.okhttp3.Credentials.basic(Unknown Source)
	at browserstack.shaded.okhttp3.Credentials.basic$default(Unknown Source)
	at browserstack.shaded.okhttp3.Credentials.basic(Unknown Source)
	at com.browserstack.utils.FunnelInstrumentation.fireRequest(Unknown Source)
	at com.browserstack.utils.FunnelInstrumentation.sendSDKEvent(Unknown Source)
	at com.browserstack.testNgListeners.TmpSuiteListener.onFinish(Unknown Source)
	at org.testng.TestRunner.fireEvent(TestRunner.java:957)
	at org.testng.TestRunner.afterRun(TestRunner.java:914)
	at org.testng.TestRunner.run(TestRunner.java:622)
	at org.testng.SuiteRunner.runTest(SuiteRunner.java:443)
	at org.testng.SuiteRunner.runSequentially(SuiteRunner.java:437)
	at org.testng.SuiteRunner.privateRun(SuiteRunner.java:397)
	at org.testng.SuiteRunner.run(SuiteRunner.java:336)
	at org.testng.SuiteRunnerWorker.runSuite(SuiteRunnerWorker.java:52)
	at org.testng.SuiteRunnerWorker.run(SuiteRunnerWorker.java:95)
	at org.testng.TestNG.runSuitesSequentially(TestNG.java:1301)
	at org.testng.TestNG.runSuitesLocally(TestNG.java:1228)
	at org.testng.TestNG.runSuites(TestNG.java:1134)
	at org.testng.TestNG.run(TestNG.java:1101)
	at org.testng.remote.AbstractRemoteTestNG.run(AbstractRemoteTestNG.java:115)
	at org.testng.remote.RemoteTestNG.initAndRun(RemoteTestNG.java:293)
	at org.testng.remote.RemoteTestNG.main(RemoteTestNG.java:91)
15:52:50.794 [main] DEBUG c.browserstack.utils.CurrentTestMap - Searching for Test Run ID for Thread: 1
15:52:50.795 [main] TRACE c.b.config.BrowserStackConfig - isGaugeTestOpsSession called with testObservabilityExplicit: false, framework: null, returning: false
15:52:50.795 [main] DEBUG c.browserstack.utils.CurrentTestMap - Searching for Test Run ID for Thread: 1
15:52:50.795 [main] TRACE c.b.config.BrowserStackConfig - isGaugeTestOpsSession called with testObservabilityExplicit: false, framework: null, returning: false
15:52:50.795 [main] DEBUG c.browserstack.utils.CurrentTestMap - Searching for Test Run ID for Thread: 1
15:52:50.795 [main] TRACE c.b.config.BrowserStackConfig - isGaugeTestOpsSession called with testObservabilityExplicit: false, framework: null, returning: false
15:52:50.795 [main] DEBUG c.browserstack.utils.CurrentTestMap - Searching for Test Run ID for Thread: 1
15:52:50.796 [main] TRACE c.b.config.BrowserStackConfig - isGaugeTestOpsSession called with testObservabilityExplicit: false, framework: null, returning: false
15:52:50.796 [main] DEBUG c.browserstack.utils.CurrentTestMap - Searching for Test Run ID for Thread: 1
15:52:50.797 [main] TRACE c.b.config.BrowserStackConfig - isGaugeTestOpsSession called with testObservabilityExplicit: false, framework: null, returning: false
15:52:50.797 [main] DEBUG c.browserstack.utils.CurrentTestMap - Searching for Test Run ID for Thread: 1
15:52:50.797 [main] TRACE c.b.config.BrowserStackConfig - isGaugeTestOpsSession called with testObservabilityExplicit: false, framework: null, returning: false
15:52:50.798 [main] DEBUG c.browserstack.utils.CurrentTestMap - Searching for Test Run ID for Thread: 1
15:52:50.798 [main] TRACE c.b.config.BrowserStackConfig - isGaugeTestOpsSession called with testObservabilityExplicit: false, framework: null, returning: false
15:52:50.845 [main] DEBUG c.b.monitoring.PerformanceTester - Failed to append key metrics to file C:\Users\cdac\CCST_lATEST_iNDUSATRY\CCST_LITCCST_LIT\log\key-metrics.json
15:52:50.847 [main] DEBUG c.browserstack.utils.CurrentTestMap - Searching for Test Run ID for Thread: 1
15:52:50.847 [main] TRACE c.b.config.BrowserStackConfig - isGaugeTestOpsSession called with testObservabilityExplicit: false, framework: null, returning: false
15:53:00.327 [main] TRACE c.b.config.BrowserStackConfig - isGaugeTestOpsSession called with testObservabilityExplicit: false, framework: null, returning: false
15:53:00.732 [main] DEBUG com.browserstack.v2.SdkCliUtils - File C:\Users\cdac\.browserstack already exist
15:53:00.733 [main] DEBUG com.browserstack.v2.SdkCliUtils - getExistingCliPath: no binary found
15:53:00.733 [main] DEBUG com.browserstack.v2.SdkCliUtils - Current CLI Path Found: 
15:53:00.753 [main] ERROR com.browserstack.v2.SdkCliUtils - Error in setting up cli path directory, Exception: java.lang.NullPointerException: Parameter specified as non-null is null: method browserstack.shaded.okhttp3.Credentials.basic$default, parameter username
	at browserstack.shaded.okhttp3.Credentials.basic(Unknown Source)
	at browserstack.shaded.okhttp3.Credentials.basic$default(Unknown Source)
	at browserstack.shaded.okhttp3.Credentials.basic(Unknown Source)
	at com.browserstack.v2.SdkCliUtils.a(Unknown Source)
	at com.browserstack.v2.SdkCliUtils.checkAndUpdateCli(Unknown Source)
	at com.browserstack.v2.SdkCliUtils.setupCliPath(Unknown Source)
	at com.browserstack.v2.SdkCLI.<clinit>(Unknown Source)
	at com.browserstack.monitoring.PerformanceTester.measure(Unknown Source)
	at com.browserstack.monitoring.PerformanceTester.end(Unknown Source)
	at com.browserstack.testNgListeners.BrowserstackSuiteListener.a(Unknown Source)
	at com.browserstack.testNgListeners.BrowserstackSuiteListener.onStart(Unknown Source)
	at org.testng.SuiteRunner.invokeListeners(SuiteRunner.java:268)
	at org.testng.SuiteRunner.run(SuiteRunner.java:334)
	at org.testng.SuiteRunnerWorker.runSuite(SuiteRunnerWorker.java:52)
	at org.testng.SuiteRunnerWorker.run(SuiteRunnerWorker.java:95)
	at org.testng.TestNG.runSuitesSequentially(TestNG.java:1301)
	at org.testng.TestNG.runSuitesLocally(TestNG.java:1228)
	at org.testng.TestNG.runSuites(TestNG.java:1134)
	at org.testng.TestNG.run(TestNG.java:1101)
	at org.testng.remote.AbstractRemoteTestNG.run(AbstractRemoteTestNG.java:115)
	at org.testng.remote.RemoteTestNG.initAndRun(RemoteTestNG.java:293)
	at org.testng.remote.RemoteTestNG.main(RemoteTestNG.java:91)

15:53:00.760 [main] DEBUG c.b.monitoring.PerformanceTester - Failed to append key metrics to file C:\Users\cdac\CCST_lATEST_iNDUSATRY\CCST_LITCCST_LIT\log\key-metrics.json
15:53:17.197 [main] TRACE c.b.config.BrowserStackConfig - isGaugeTestOpsSession called with testObservabilityExplicit: false, framework: null, returning: false
15:53:17.198 [main] DEBUG c.b.utils.FunnelInstrumentation - Error in getting Product:
java.lang.NullPointerException: Cannot invoke "String.equalsIgnoreCase(String)" because the return value of "com.browserstack.config.BrowserStackConfig.getFramework()" is null
	at com.browserstack.utils.FunnelInstrumentation.a(Unknown Source)
	at java.base/java.util.stream.MatchOps$1MatchSink.accept(MatchOps.java:90)
	at java.base/java.util.Spliterators$ArraySpliterator.tryAdvance(Spliterators.java:1034)
	at java.base/java.util.stream.ReferencePipeline.forEachWithCancel(ReferencePipeline.java:129)
	at java.base/java.util.stream.AbstractPipeline.copyIntoWithCancel(AbstractPipeline.java:527)
	at java.base/java.util.stream.AbstractPipeline.copyInto(AbstractPipeline.java:513)
	at java.base/java.util.stream.AbstractPipeline.wrapAndCopyInto(AbstractPipeline.java:499)
	at java.base/java.util.stream.MatchOps$MatchOp.evaluateSequential(MatchOps.java:230)
	at java.base/java.util.stream.MatchOps$MatchOp.evaluateSequential(MatchOps.java:196)
	at java.base/java.util.stream.AbstractPipeline.evaluate(AbstractPipeline.java:234)
	at java.base/java.util.stream.ReferencePipeline.anyMatch(ReferencePipeline.java:632)
	at com.browserstack.utils.FunnelInstrumentation.getProducts(Unknown Source)
	at com.browserstack.utils.FunnelInstrumentation.createParamsForEvent(Unknown Source)
	at com.browserstack.utils.FunnelInstrumentation.sendSDKEvent(Unknown Source)
	at com.browserstack.testNgListeners.TmpSuiteListener.onFinish(Unknown Source)
	at org.testng.TestRunner.fireEvent(TestRunner.java:957)
	at org.testng.TestRunner.afterRun(TestRunner.java:914)
	at org.testng.TestRunner.run(TestRunner.java:622)
	at org.testng.SuiteRunner.runTest(SuiteRunner.java:443)
	at org.testng.SuiteRunner.runSequentially(SuiteRunner.java:437)
	at org.testng.SuiteRunner.privateRun(SuiteRunner.java:397)
	at org.testng.SuiteRunner.run(SuiteRunner.java:336)
	at org.testng.SuiteRunnerWorker.runSuite(SuiteRunnerWorker.java:52)
	at org.testng.SuiteRunnerWorker.run(SuiteRunnerWorker.java:95)
	at org.testng.TestNG.runSuitesSequentially(TestNG.java:1301)
	at org.testng.TestNG.runSuitesLocally(TestNG.java:1228)
	at org.testng.TestNG.runSuites(TestNG.java:1134)
	at org.testng.TestNG.run(TestNG.java:1101)
	at org.testng.remote.AbstractRemoteTestNG.run(AbstractRemoteTestNG.java:115)
	at org.testng.remote.RemoteTestNG.initAndRun(RemoteTestNG.java:293)
	at org.testng.remote.RemoteTestNG.main(RemoteTestNG.java:91)
15:53:17.199 [main] TRACE c.b.config.BrowserStackConfig - isGaugeTestOpsSession called with testObservabilityExplicit: false, framework: null, returning: false
15:53:17.206 [main] DEBUG c.b.utils.FrameworkDetectionUtils - Couldn't find dependency class: appium
15:53:17.242 [main] DEBUG com.browserstack.testOps.UsageStats - getFormattedData: Collecting data for TEST REPORTING AND ANALYTICS
15:53:17.242 [main] TRACE c.b.config.BrowserStackConfig - isGaugeTestOpsSession called with testObservabilityExplicit: false, framework: null, returning: false
15:53:17.277 [main] TRACE c.b.t.TestOrchestrationUtils - getInstrumentationData: invoked
15:53:17.285 [main] DEBUG c.b.utils.FunnelInstrumentation - Sending funnel data for SDKTestSuccessful with data: {"event_type":"SDKTestSuccessful","accessKey":"[REDACTED]","userName":"[REDACTED]","event_properties":{"isPercyAutoEnabled":false,"language":"java","sdkRunId":"8c18a0e8-86ad-4b7a-a0cc-6a0fc0f9721f","buildIdentifier":"unknown","testhub_uuid":"","detectedAppiumVersion":"null","productMap":{"app_automate":false,"accessibility":null,"automate":true,"percy":false,"observability":false,"turboscale":false},"hostname":"DIOT4","measures":{"sdk:pre-test":0.013600001111626625},"productUsage":{"testObservability":{"buildHashedId":"","manuallySet":false,"enabled":false}},"browserStackConfig":{"browserstackLocal":null,"percy":false,"logLevel":"info","staticWebDriver":true,"autoDetectFramework":true,"percyCaptureMode":"AUTO","browserStackLocalOptions":null,"percyOptions":null,"testContextOptions":{"serenityOverridePlugin":false,"skipSessionStatus":false,"skipSessionName":false},"platforms":null,"parallelsPerPlatform":null,"framework":null,"accessibility":false,"accessibilityOptions":{},"turboScaleOptions":{},"disableAutoCaptureLogs":true,"testObservability":true,"browserstackAutomation":true,"turboScale":false,"overrideLoadTesting":false,"testObservabilityOptions":{},"gradleMConfig":null,"proxySettings":null},"automationFrameworkVersion":null,"percyBuildId":null,"product":"[automate]","buildName":"unknown","os":"Windows 10","languageVersion":"21.0.7","appiumVersion":"null","frameworkDetectionInstrumentation":{},"detectedDependencies":"","referrer":"unknown","locationTrigger":"onFinish","accessibilityConfiguration":{"pollingTimeout":30},"language_framework":"unknown","testOrchestration":{"abortBuildOnFailure":{"enabled":false},"retryTestsOnFailure":{"enabled":false},"userConfig":{}},"detectedSeleniumVersion":"4.19.1","automationFramework":"selenium","seleniumVersion":"null"}}
15:53:17.286 [main] DEBUG c.b.utils.FunnelInstrumentation - sendAmplitudeEvent failed:
java.lang.NullPointerException: Parameter specified as non-null is null: method browserstack.shaded.okhttp3.Credentials.basic$default, parameter username
	at browserstack.shaded.okhttp3.Credentials.basic(Unknown Source)
	at browserstack.shaded.okhttp3.Credentials.basic$default(Unknown Source)
	at browserstack.shaded.okhttp3.Credentials.basic(Unknown Source)
	at com.browserstack.utils.FunnelInstrumentation.fireRequest(Unknown Source)
	at com.browserstack.utils.FunnelInstrumentation.sendSDKEvent(Unknown Source)
	at com.browserstack.testNgListeners.TmpSuiteListener.onFinish(Unknown Source)
	at org.testng.TestRunner.fireEvent(TestRunner.java:957)
	at org.testng.TestRunner.afterRun(TestRunner.java:914)
	at org.testng.TestRunner.run(TestRunner.java:622)
	at org.testng.SuiteRunner.runTest(SuiteRunner.java:443)
	at org.testng.SuiteRunner.runSequentially(SuiteRunner.java:437)
	at org.testng.SuiteRunner.privateRun(SuiteRunner.java:397)
	at org.testng.SuiteRunner.run(SuiteRunner.java:336)
	at org.testng.SuiteRunnerWorker.runSuite(SuiteRunnerWorker.java:52)
	at org.testng.SuiteRunnerWorker.run(SuiteRunnerWorker.java:95)
	at org.testng.TestNG.runSuitesSequentially(TestNG.java:1301)
	at org.testng.TestNG.runSuitesLocally(TestNG.java:1228)
	at org.testng.TestNG.runSuites(TestNG.java:1134)
	at org.testng.TestNG.run(TestNG.java:1101)
	at org.testng.remote.AbstractRemoteTestNG.run(AbstractRemoteTestNG.java:115)
	at org.testng.remote.RemoteTestNG.initAndRun(RemoteTestNG.java:293)
	at org.testng.remote.RemoteTestNG.main(RemoteTestNG.java:91)
15:53:17.315 [main] DEBUG c.b.monitoring.PerformanceTester - Failed to append key metrics to file C:\Users\cdac\CCST_lATEST_iNDUSATRY\CCST_LITCCST_LIT\log\key-metrics.json
15:53:17.319 [main] DEBUG c.browserstack.utils.CurrentTestMap - Searching for Test Run ID for Thread: 1
15:53:17.319 [main] TRACE c.b.config.BrowserStackConfig - isGaugeTestOpsSession called with testObservabilityExplicit: false, framework: null, returning: false
15:54:45.240 [main] TRACE c.b.config.BrowserStackConfig - isGaugeTestOpsSession called with testObservabilityExplicit: false, framework: null, returning: false
15:54:45.723 [main] DEBUG com.browserstack.v2.SdkCliUtils - File C:\Users\cdac\.browserstack already exist
15:54:45.724 [main] DEBUG com.browserstack.v2.SdkCliUtils - getExistingCliPath: no binary found
15:54:45.724 [main] DEBUG com.browserstack.v2.SdkCliUtils - Current CLI Path Found: 
15:54:45.747 [main] ERROR com.browserstack.v2.SdkCliUtils - Error in setting up cli path directory, Exception: java.lang.NullPointerException: Parameter specified as non-null is null: method browserstack.shaded.okhttp3.Credentials.basic$default, parameter username
	at browserstack.shaded.okhttp3.Credentials.basic(Unknown Source)
	at browserstack.shaded.okhttp3.Credentials.basic$default(Unknown Source)
	at browserstack.shaded.okhttp3.Credentials.basic(Unknown Source)
	at com.browserstack.v2.SdkCliUtils.a(Unknown Source)
	at com.browserstack.v2.SdkCliUtils.checkAndUpdateCli(Unknown Source)
	at com.browserstack.v2.SdkCliUtils.setupCliPath(Unknown Source)
	at com.browserstack.v2.SdkCLI.<clinit>(Unknown Source)
	at com.browserstack.monitoring.PerformanceTester.measure(Unknown Source)
	at com.browserstack.monitoring.PerformanceTester.end(Unknown Source)
	at com.browserstack.testNgListeners.BrowserstackSuiteListener.a(Unknown Source)
	at com.browserstack.testNgListeners.BrowserstackSuiteListener.onStart(Unknown Source)
	at org.testng.SuiteRunner.invokeListeners(SuiteRunner.java:268)
	at org.testng.SuiteRunner.run(SuiteRunner.java:334)
	at org.testng.SuiteRunnerWorker.runSuite(SuiteRunnerWorker.java:52)
	at org.testng.SuiteRunnerWorker.run(SuiteRunnerWorker.java:95)
	at org.testng.TestNG.runSuitesSequentially(TestNG.java:1301)
	at org.testng.TestNG.runSuitesLocally(TestNG.java:1228)
	at org.testng.TestNG.runSuites(TestNG.java:1134)
	at org.testng.TestNG.run(TestNG.java:1101)
	at org.testng.remote.AbstractRemoteTestNG.run(AbstractRemoteTestNG.java:115)
	at org.testng.remote.RemoteTestNG.initAndRun(RemoteTestNG.java:293)
	at org.testng.remote.RemoteTestNG.main(RemoteTestNG.java:91)

15:54:45.755 [main] DEBUG c.b.monitoring.PerformanceTester - Failed to append key metrics to file C:\Users\cdac\CCST_lATEST_iNDUSATRY\CCST_LITCCST_LIT\log\key-metrics.json
15:54:45.846 [main] TRACE c.b.config.BrowserStackConfig - isGaugeTestOpsSession called with testObservabilityExplicit: false, framework: null, returning: false
15:54:45.849 [main] DEBUG c.b.utils.FunnelInstrumentation - Error in getting Product:
java.lang.NullPointerException: Cannot invoke "String.equalsIgnoreCase(String)" because the return value of "com.browserstack.config.BrowserStackConfig.getFramework()" is null
	at com.browserstack.utils.FunnelInstrumentation.a(Unknown Source)
	at java.base/java.util.stream.MatchOps$1MatchSink.accept(MatchOps.java:90)
	at java.base/java.util.Spliterators$ArraySpliterator.tryAdvance(Spliterators.java:1034)
	at java.base/java.util.stream.ReferencePipeline.forEachWithCancel(ReferencePipeline.java:129)
	at java.base/java.util.stream.AbstractPipeline.copyIntoWithCancel(AbstractPipeline.java:527)
	at java.base/java.util.stream.AbstractPipeline.copyInto(AbstractPipeline.java:513)
	at java.base/java.util.stream.AbstractPipeline.wrapAndCopyInto(AbstractPipeline.java:499)
	at java.base/java.util.stream.MatchOps$MatchOp.evaluateSequential(MatchOps.java:230)
	at java.base/java.util.stream.MatchOps$MatchOp.evaluateSequential(MatchOps.java:196)
	at java.base/java.util.stream.AbstractPipeline.evaluate(AbstractPipeline.java:234)
	at java.base/java.util.stream.ReferencePipeline.anyMatch(ReferencePipeline.java:632)
	at com.browserstack.utils.FunnelInstrumentation.getProducts(Unknown Source)
	at com.browserstack.utils.FunnelInstrumentation.createParamsForEvent(Unknown Source)
	at com.browserstack.utils.FunnelInstrumentation.sendSDKEvent(Unknown Source)
	at com.browserstack.testNgListeners.TmpSuiteListener.onFinish(Unknown Source)
	at org.testng.TestRunner.fireEvent(TestRunner.java:957)
	at org.testng.TestRunner.afterRun(TestRunner.java:914)
	at org.testng.TestRunner.run(TestRunner.java:622)
	at org.testng.SuiteRunner.runTest(SuiteRunner.java:443)
	at org.testng.SuiteRunner.runSequentially(SuiteRunner.java:437)
	at org.testng.SuiteRunner.privateRun(SuiteRunner.java:397)
	at org.testng.SuiteRunner.run(SuiteRunner.java:336)
	at org.testng.SuiteRunnerWorker.runSuite(SuiteRunnerWorker.java:52)
	at org.testng.SuiteRunnerWorker.run(SuiteRunnerWorker.java:95)
	at org.testng.TestNG.runSuitesSequentially(TestNG.java:1301)
	at org.testng.TestNG.runSuitesLocally(TestNG.java:1228)
	at org.testng.TestNG.runSuites(TestNG.java:1134)
	at org.testng.TestNG.run(TestNG.java:1101)
	at org.testng.remote.AbstractRemoteTestNG.run(AbstractRemoteTestNG.java:115)
	at org.testng.remote.RemoteTestNG.initAndRun(RemoteTestNG.java:293)
	at org.testng.remote.RemoteTestNG.main(RemoteTestNG.java:91)
15:54:45.850 [main] TRACE c.b.config.BrowserStackConfig - isGaugeTestOpsSession called with testObservabilityExplicit: false, framework: null, returning: false
15:54:45.864 [main] DEBUG c.b.utils.FrameworkDetectionUtils - Couldn't find dependency class: appium
15:54:45.917 [main] DEBUG com.browserstack.testOps.UsageStats - getFormattedData: Collecting data for TEST REPORTING AND ANALYTICS
15:54:45.917 [main] TRACE c.b.config.BrowserStackConfig - isGaugeTestOpsSession called with testObservabilityExplicit: false, framework: null, returning: false
15:54:45.952 [main] TRACE c.b.t.TestOrchestrationUtils - getInstrumentationData: invoked
15:54:45.961 [main] DEBUG c.b.utils.FunnelInstrumentation - Sending funnel data for SDKTestSuccessful with data: {"event_type":"SDKTestSuccessful","accessKey":"[REDACTED]","userName":"[REDACTED]","event_properties":{"isPercyAutoEnabled":false,"language":"java","sdkRunId":"0f3456a5-be84-4333-9c69-663f15f7ad99","buildIdentifier":"unknown","testhub_uuid":"","detectedAppiumVersion":"null","productMap":{"app_automate":false,"accessibility":null,"automate":true,"percy":false,"observability":false,"turboscale":false},"hostname":"DIOT4","measures":{"sdk:pre-test":0.021199999377131462},"productUsage":{"testObservability":{"buildHashedId":"","manuallySet":false,"enabled":false}},"browserStackConfig":{"browserstackLocal":null,"percy":false,"logLevel":"info","staticWebDriver":true,"autoDetectFramework":true,"percyCaptureMode":"AUTO","browserStackLocalOptions":null,"percyOptions":null,"testContextOptions":{"skipSessionName":false,"skipSessionStatus":false,"serenityOverridePlugin":false},"platforms":null,"parallelsPerPlatform":null,"framework":null,"accessibility":false,"accessibilityOptions":{},"turboScaleOptions":{},"disableAutoCaptureLogs":true,"testObservability":true,"browserstackAutomation":true,"turboScale":false,"overrideLoadTesting":false,"testObservabilityOptions":{},"gradleMConfig":null,"proxySettings":null},"automationFrameworkVersion":null,"percyBuildId":null,"product":"[automate]","buildName":"unknown","os":"Windows 10","languageVersion":"21.0.7","appiumVersion":"null","frameworkDetectionInstrumentation":{},"detectedDependencies":"","referrer":"unknown","locationTrigger":"onFinish","accessibilityConfiguration":{"pollingTimeout":30},"language_framework":"unknown","testOrchestration":{"abortBuildOnFailure":{"enabled":false},"retryTestsOnFailure":{"enabled":false},"userConfig":{}},"detectedSeleniumVersion":"4.19.1","automationFramework":"selenium","seleniumVersion":"null"}}
15:54:45.961 [main] DEBUG c.b.utils.FunnelInstrumentation - sendAmplitudeEvent failed:
java.lang.NullPointerException: Parameter specified as non-null is null: method browserstack.shaded.okhttp3.Credentials.basic$default, parameter username
	at browserstack.shaded.okhttp3.Credentials.basic(Unknown Source)
	at browserstack.shaded.okhttp3.Credentials.basic$default(Unknown Source)
	at browserstack.shaded.okhttp3.Credentials.basic(Unknown Source)
	at com.browserstack.utils.FunnelInstrumentation.fireRequest(Unknown Source)
	at com.browserstack.utils.FunnelInstrumentation.sendSDKEvent(Unknown Source)
	at com.browserstack.testNgListeners.TmpSuiteListener.onFinish(Unknown Source)
	at org.testng.TestRunner.fireEvent(TestRunner.java:957)
	at org.testng.TestRunner.afterRun(TestRunner.java:914)
	at org.testng.TestRunner.run(TestRunner.java:622)
	at org.testng.SuiteRunner.runTest(SuiteRunner.java:443)
	at org.testng.SuiteRunner.runSequentially(SuiteRunner.java:437)
	at org.testng.SuiteRunner.privateRun(SuiteRunner.java:397)
	at org.testng.SuiteRunner.run(SuiteRunner.java:336)
	at org.testng.SuiteRunnerWorker.runSuite(SuiteRunnerWorker.java:52)
	at org.testng.SuiteRunnerWorker.run(SuiteRunnerWorker.java:95)
	at org.testng.TestNG.runSuitesSequentially(TestNG.java:1301)
	at org.testng.TestNG.runSuitesLocally(TestNG.java:1228)
	at org.testng.TestNG.runSuites(TestNG.java:1134)
	at org.testng.TestNG.run(TestNG.java:1101)
	at org.testng.remote.AbstractRemoteTestNG.run(AbstractRemoteTestNG.java:115)
	at org.testng.remote.RemoteTestNG.initAndRun(RemoteTestNG.java:293)
	at org.testng.remote.RemoteTestNG.main(RemoteTestNG.java:91)
15:54:45.965 [main] DEBUG c.browserstack.utils.CurrentTestMap - Searching for Test Run ID for Thread: 1
15:54:45.965 [main] TRACE c.b.config.BrowserStackConfig - isGaugeTestOpsSession called with testObservabilityExplicit: false, framework: null, returning: false
15:54:45.965 [main] DEBUG c.browserstack.utils.CurrentTestMap - Searching for Test Run ID for Thread: 1
15:54:45.966 [main] TRACE c.b.config.BrowserStackConfig - isGaugeTestOpsSession called with testObservabilityExplicit: false, framework: null, returning: false
15:54:45.966 [main] DEBUG c.browserstack.utils.CurrentTestMap - Searching for Test Run ID for Thread: 1
15:54:45.966 [main] TRACE c.b.config.BrowserStackConfig - isGaugeTestOpsSession called with testObservabilityExplicit: false, framework: null, returning: false
15:54:45.966 [main] DEBUG c.browserstack.utils.CurrentTestMap - Searching for Test Run ID for Thread: 1
15:54:45.966 [main] TRACE c.b.config.BrowserStackConfig - isGaugeTestOpsSession called with testObservabilityExplicit: false, framework: null, returning: false
15:54:45.967 [main] DEBUG c.browserstack.utils.CurrentTestMap - Searching for Test Run ID for Thread: 1
15:54:45.968 [main] TRACE c.b.config.BrowserStackConfig - isGaugeTestOpsSession called with testObservabilityExplicit: false, framework: null, returning: false
15:54:45.968 [main] DEBUG c.browserstack.utils.CurrentTestMap - Searching for Test Run ID for Thread: 1
15:54:45.969 [main] TRACE c.b.config.BrowserStackConfig - isGaugeTestOpsSession called with testObservabilityExplicit: false, framework: null, returning: false
15:54:45.970 [main] DEBUG c.browserstack.utils.CurrentTestMap - Searching for Test Run ID for Thread: 1
15:54:45.970 [main] TRACE c.b.config.BrowserStackConfig - isGaugeTestOpsSession called with testObservabilityExplicit: false, framework: null, returning: false
15:54:46.007 [main] DEBUG c.b.monitoring.PerformanceTester - Failed to append key metrics to file C:\Users\cdac\CCST_lATEST_iNDUSATRY\CCST_LITCCST_LIT\log\key-metrics.json
15:54:46.008 [main] DEBUG c.browserstack.utils.CurrentTestMap - Searching for Test Run ID for Thread: 1
15:54:46.009 [main] TRACE c.b.config.BrowserStackConfig - isGaugeTestOpsSession called with testObservabilityExplicit: false, framework: null, returning: false
15:55:01.372 [main] TRACE c.b.config.BrowserStackConfig - isGaugeTestOpsSession called with testObservabilityExplicit: false, framework: null, returning: false
15:55:01.776 [main] DEBUG com.browserstack.v2.SdkCliUtils - File C:\Users\cdac\.browserstack already exist
15:55:01.777 [main] DEBUG com.browserstack.v2.SdkCliUtils - getExistingCliPath: no binary found
15:55:01.777 [main] DEBUG com.browserstack.v2.SdkCliUtils - Current CLI Path Found: 
15:55:01.795 [main] ERROR com.browserstack.v2.SdkCliUtils - Error in setting up cli path directory, Exception: java.lang.NullPointerException: Parameter specified as non-null is null: method browserstack.shaded.okhttp3.Credentials.basic$default, parameter username
	at browserstack.shaded.okhttp3.Credentials.basic(Unknown Source)
	at browserstack.shaded.okhttp3.Credentials.basic$default(Unknown Source)
	at browserstack.shaded.okhttp3.Credentials.basic(Unknown Source)
	at com.browserstack.v2.SdkCliUtils.a(Unknown Source)
	at com.browserstack.v2.SdkCliUtils.checkAndUpdateCli(Unknown Source)
	at com.browserstack.v2.SdkCliUtils.setupCliPath(Unknown Source)
	at com.browserstack.v2.SdkCLI.<clinit>(Unknown Source)
	at com.browserstack.monitoring.PerformanceTester.measure(Unknown Source)
	at com.browserstack.monitoring.PerformanceTester.end(Unknown Source)
	at com.browserstack.testNgListeners.BrowserstackSuiteListener.a(Unknown Source)
	at com.browserstack.testNgListeners.BrowserstackSuiteListener.onStart(Unknown Source)
	at org.testng.SuiteRunner.invokeListeners(SuiteRunner.java:268)
	at org.testng.SuiteRunner.run(SuiteRunner.java:334)
	at org.testng.SuiteRunnerWorker.runSuite(SuiteRunnerWorker.java:52)
	at org.testng.SuiteRunnerWorker.run(SuiteRunnerWorker.java:95)
	at org.testng.TestNG.runSuitesSequentially(TestNG.java:1301)
	at org.testng.TestNG.runSuitesLocally(TestNG.java:1228)
	at org.testng.TestNG.runSuites(TestNG.java:1134)
	at org.testng.TestNG.run(TestNG.java:1101)
	at org.testng.remote.AbstractRemoteTestNG.run(AbstractRemoteTestNG.java:115)
	at org.testng.remote.RemoteTestNG.initAndRun(RemoteTestNG.java:293)
	at org.testng.remote.RemoteTestNG.main(RemoteTestNG.java:91)

15:55:01.803 [main] DEBUG c.b.monitoring.PerformanceTester - Failed to append key metrics to file C:\Users\cdac\CCST_lATEST_iNDUSATRY\CCST_LITCCST_LIT\log\key-metrics.json
15:55:44.222 [main] TRACE c.b.config.BrowserStackConfig - isGaugeTestOpsSession called with testObservabilityExplicit: false, framework: null, returning: false
15:55:44.224 [main] DEBUG c.b.utils.FunnelInstrumentation - Error in getting Product:
java.lang.NullPointerException: Cannot invoke "String.equalsIgnoreCase(String)" because the return value of "com.browserstack.config.BrowserStackConfig.getFramework()" is null
	at com.browserstack.utils.FunnelInstrumentation.a(Unknown Source)
	at java.base/java.util.stream.MatchOps$1MatchSink.accept(MatchOps.java:90)
	at java.base/java.util.Spliterators$ArraySpliterator.tryAdvance(Spliterators.java:1034)
	at java.base/java.util.stream.ReferencePipeline.forEachWithCancel(ReferencePipeline.java:129)
	at java.base/java.util.stream.AbstractPipeline.copyIntoWithCancel(AbstractPipeline.java:527)
	at java.base/java.util.stream.AbstractPipeline.copyInto(AbstractPipeline.java:513)
	at java.base/java.util.stream.AbstractPipeline.wrapAndCopyInto(AbstractPipeline.java:499)
	at java.base/java.util.stream.MatchOps$MatchOp.evaluateSequential(MatchOps.java:230)
	at java.base/java.util.stream.MatchOps$MatchOp.evaluateSequential(MatchOps.java:196)
	at java.base/java.util.stream.AbstractPipeline.evaluate(AbstractPipeline.java:234)
	at java.base/java.util.stream.ReferencePipeline.anyMatch(ReferencePipeline.java:632)
	at com.browserstack.utils.FunnelInstrumentation.getProducts(Unknown Source)
	at com.browserstack.utils.FunnelInstrumentation.createParamsForEvent(Unknown Source)
	at com.browserstack.utils.FunnelInstrumentation.sendSDKEvent(Unknown Source)
	at com.browserstack.testNgListeners.TmpSuiteListener.onFinish(Unknown Source)
	at org.testng.TestRunner.fireEvent(TestRunner.java:957)
	at org.testng.TestRunner.afterRun(TestRunner.java:914)
	at org.testng.TestRunner.run(TestRunner.java:622)
	at org.testng.SuiteRunner.runTest(SuiteRunner.java:443)
	at org.testng.SuiteRunner.runSequentially(SuiteRunner.java:437)
	at org.testng.SuiteRunner.privateRun(SuiteRunner.java:397)
	at org.testng.SuiteRunner.run(SuiteRunner.java:336)
	at org.testng.SuiteRunnerWorker.runSuite(SuiteRunnerWorker.java:52)
	at org.testng.SuiteRunnerWorker.run(SuiteRunnerWorker.java:95)
	at org.testng.TestNG.runSuitesSequentially(TestNG.java:1301)
	at org.testng.TestNG.runSuitesLocally(TestNG.java:1228)
	at org.testng.TestNG.runSuites(TestNG.java:1134)
	at org.testng.TestNG.run(TestNG.java:1101)
	at org.testng.remote.AbstractRemoteTestNG.run(AbstractRemoteTestNG.java:115)
	at org.testng.remote.RemoteTestNG.initAndRun(RemoteTestNG.java:293)
	at org.testng.remote.RemoteTestNG.main(RemoteTestNG.java:91)
15:55:44.225 [main] TRACE c.b.config.BrowserStackConfig - isGaugeTestOpsSession called with testObservabilityExplicit: false, framework: null, returning: false
15:55:44.231 [main] DEBUG c.b.utils.FrameworkDetectionUtils - Couldn't find dependency class: appium
15:55:44.268 [main] DEBUG com.browserstack.testOps.UsageStats - getFormattedData: Collecting data for TEST REPORTING AND ANALYTICS
15:55:44.268 [main] TRACE c.b.config.BrowserStackConfig - isGaugeTestOpsSession called with testObservabilityExplicit: false, framework: null, returning: false
15:55:44.319 [main] TRACE c.b.t.TestOrchestrationUtils - getInstrumentationData: invoked
15:55:44.328 [main] DEBUG c.b.utils.FunnelInstrumentation - Sending funnel data for SDKTestSuccessful with data: {"event_type":"SDKTestSuccessful","accessKey":"[REDACTED]","userName":"[REDACTED]","event_properties":{"isPercyAutoEnabled":false,"language":"java","sdkRunId":"71002005-7b10-41f5-abba-561a593d4c98","buildIdentifier":"unknown","testhub_uuid":"","detectedAppiumVersion":"null","productMap":{"app_automate":false,"accessibility":null,"automate":true,"percy":false,"observability":false,"turboscale":false},"hostname":"DIOT4","measures":{"sdk:pre-test":0.012199999764561653},"productUsage":{"testObservability":{"buildHashedId":"","manuallySet":false,"enabled":false}},"browserStackConfig":{"browserstackLocal":null,"percy":false,"logLevel":"info","staticWebDriver":true,"autoDetectFramework":true,"percyCaptureMode":"AUTO","browserStackLocalOptions":null,"percyOptions":null,"testContextOptions":{"skipSessionName":false,"skipSessionStatus":false,"serenityOverridePlugin":false},"platforms":null,"parallelsPerPlatform":null,"framework":null,"accessibility":false,"accessibilityOptions":{},"turboScaleOptions":{},"disableAutoCaptureLogs":true,"testObservability":true,"browserstackAutomation":true,"turboScale":false,"overrideLoadTesting":false,"testObservabilityOptions":{},"gradleMConfig":null,"proxySettings":null},"automationFrameworkVersion":null,"percyBuildId":null,"product":"[automate]","buildName":"unknown","os":"Windows 10","languageVersion":"21.0.7","appiumVersion":"null","frameworkDetectionInstrumentation":{},"detectedDependencies":"","referrer":"unknown","locationTrigger":"onFinish","accessibilityConfiguration":{"pollingTimeout":30},"language_framework":"unknown","testOrchestration":{"abortBuildOnFailure":{"enabled":false},"retryTestsOnFailure":{"enabled":false},"userConfig":{}},"detectedSeleniumVersion":"4.19.1","automationFramework":"selenium","seleniumVersion":"null"}}
15:55:44.329 [main] DEBUG c.b.utils.FunnelInstrumentation - sendAmplitudeEvent failed:
java.lang.NullPointerException: Parameter specified as non-null is null: method browserstack.shaded.okhttp3.Credentials.basic$default, parameter username
	at browserstack.shaded.okhttp3.Credentials.basic(Unknown Source)
	at browserstack.shaded.okhttp3.Credentials.basic$default(Unknown Source)
	at browserstack.shaded.okhttp3.Credentials.basic(Unknown Source)
	at com.browserstack.utils.FunnelInstrumentation.fireRequest(Unknown Source)
	at com.browserstack.utils.FunnelInstrumentation.sendSDKEvent(Unknown Source)
	at com.browserstack.testNgListeners.TmpSuiteListener.onFinish(Unknown Source)
	at org.testng.TestRunner.fireEvent(TestRunner.java:957)
	at org.testng.TestRunner.afterRun(TestRunner.java:914)
	at org.testng.TestRunner.run(TestRunner.java:622)
	at org.testng.SuiteRunner.runTest(SuiteRunner.java:443)
	at org.testng.SuiteRunner.runSequentially(SuiteRunner.java:437)
	at org.testng.SuiteRunner.privateRun(SuiteRunner.java:397)
	at org.testng.SuiteRunner.run(SuiteRunner.java:336)
	at org.testng.SuiteRunnerWorker.runSuite(SuiteRunnerWorker.java:52)
	at org.testng.SuiteRunnerWorker.run(SuiteRunnerWorker.java:95)
	at org.testng.TestNG.runSuitesSequentially(TestNG.java:1301)
	at org.testng.TestNG.runSuitesLocally(TestNG.java:1228)
	at org.testng.TestNG.runSuites(TestNG.java:1134)
	at org.testng.TestNG.run(TestNG.java:1101)
	at org.testng.remote.AbstractRemoteTestNG.run(AbstractRemoteTestNG.java:115)
	at org.testng.remote.RemoteTestNG.initAndRun(RemoteTestNG.java:293)
	at org.testng.remote.RemoteTestNG.main(RemoteTestNG.java:91)
15:55:44.359 [main] DEBUG c.b.monitoring.PerformanceTester - Failed to append key metrics to file C:\Users\cdac\CCST_lATEST_iNDUSATRY\CCST_LITCCST_LIT\log\key-metrics.json
15:55:44.363 [main] DEBUG c.browserstack.utils.CurrentTestMap - Searching for Test Run ID for Thread: 1
15:55:44.363 [main] TRACE c.b.config.BrowserStackConfig - isGaugeTestOpsSession called with testObservabilityExplicit: false, framework: null, returning: false
16:01:52.252 [main] TRACE c.b.config.BrowserStackConfig - isGaugeTestOpsSession called with testObservabilityExplicit: false, framework: null, returning: false
16:01:52.647 [main] DEBUG com.browserstack.v2.SdkCliUtils - File C:\Users\cdac\.browserstack already exist
16:01:52.649 [main] DEBUG com.browserstack.v2.SdkCliUtils - getExistingCliPath: no binary found
16:01:52.649 [main] DEBUG com.browserstack.v2.SdkCliUtils - Current CLI Path Found: 
16:01:52.668 [main] ERROR com.browserstack.v2.SdkCliUtils - Error in setting up cli path directory, Exception: java.lang.NullPointerException: Parameter specified as non-null is null: method browserstack.shaded.okhttp3.Credentials.basic$default, parameter username
	at browserstack.shaded.okhttp3.Credentials.basic(Unknown Source)
	at browserstack.shaded.okhttp3.Credentials.basic$default(Unknown Source)
	at browserstack.shaded.okhttp3.Credentials.basic(Unknown Source)
	at com.browserstack.v2.SdkCliUtils.a(Unknown Source)
	at com.browserstack.v2.SdkCliUtils.checkAndUpdateCli(Unknown Source)
	at com.browserstack.v2.SdkCliUtils.setupCliPath(Unknown Source)
	at com.browserstack.v2.SdkCLI.<clinit>(Unknown Source)
	at com.browserstack.monitoring.PerformanceTester.measure(Unknown Source)
	at com.browserstack.monitoring.PerformanceTester.end(Unknown Source)
	at com.browserstack.testNgListeners.BrowserstackSuiteListener.a(Unknown Source)
	at com.browserstack.testNgListeners.BrowserstackSuiteListener.onStart(Unknown Source)
	at org.testng.SuiteRunner.invokeListeners(SuiteRunner.java:268)
	at org.testng.SuiteRunner.run(SuiteRunner.java:334)
	at org.testng.SuiteRunnerWorker.runSuite(SuiteRunnerWorker.java:52)
	at org.testng.SuiteRunnerWorker.run(SuiteRunnerWorker.java:95)
	at org.testng.TestNG.runSuitesSequentially(TestNG.java:1301)
	at org.testng.TestNG.runSuitesLocally(TestNG.java:1228)
	at org.testng.TestNG.runSuites(TestNG.java:1134)
	at org.testng.TestNG.run(TestNG.java:1101)
	at org.testng.remote.AbstractRemoteTestNG.run(AbstractRemoteTestNG.java:115)
	at org.testng.remote.RemoteTestNG.initAndRun(RemoteTestNG.java:293)
	at org.testng.remote.RemoteTestNG.main(RemoteTestNG.java:91)

16:01:52.676 [main] DEBUG c.b.monitoring.PerformanceTester - Failed to append key metrics to file C:\Users\cdac\CCST_lATEST_iNDUSATRY\CCST_LITCCST_LIT\log\key-metrics.json
16:01:52.773 [main] TRACE c.b.config.BrowserStackConfig - isGaugeTestOpsSession called with testObservabilityExplicit: false, framework: null, returning: false
16:01:52.775 [main] DEBUG c.b.utils.FunnelInstrumentation - Error in getting Product:
java.lang.NullPointerException: Cannot invoke "String.equalsIgnoreCase(String)" because the return value of "com.browserstack.config.BrowserStackConfig.getFramework()" is null
	at com.browserstack.utils.FunnelInstrumentation.a(Unknown Source)
	at java.base/java.util.stream.MatchOps$1MatchSink.accept(MatchOps.java:90)
	at java.base/java.util.Spliterators$ArraySpliterator.tryAdvance(Spliterators.java:1034)
	at java.base/java.util.stream.ReferencePipeline.forEachWithCancel(ReferencePipeline.java:129)
	at java.base/java.util.stream.AbstractPipeline.copyIntoWithCancel(AbstractPipeline.java:527)
	at java.base/java.util.stream.AbstractPipeline.copyInto(AbstractPipeline.java:513)
	at java.base/java.util.stream.AbstractPipeline.wrapAndCopyInto(AbstractPipeline.java:499)
	at java.base/java.util.stream.MatchOps$MatchOp.evaluateSequential(MatchOps.java:230)
	at java.base/java.util.stream.MatchOps$MatchOp.evaluateSequential(MatchOps.java:196)
	at java.base/java.util.stream.AbstractPipeline.evaluate(AbstractPipeline.java:234)
	at java.base/java.util.stream.ReferencePipeline.anyMatch(ReferencePipeline.java:632)
	at com.browserstack.utils.FunnelInstrumentation.getProducts(Unknown Source)
	at com.browserstack.utils.FunnelInstrumentation.createParamsForEvent(Unknown Source)
	at com.browserstack.utils.FunnelInstrumentation.sendSDKEvent(Unknown Source)
	at com.browserstack.testNgListeners.TmpSuiteListener.onFinish(Unknown Source)
	at org.testng.TestRunner.fireEvent(TestRunner.java:957)
	at org.testng.TestRunner.afterRun(TestRunner.java:914)
	at org.testng.TestRunner.run(TestRunner.java:622)
	at org.testng.SuiteRunner.runTest(SuiteRunner.java:443)
	at org.testng.SuiteRunner.runSequentially(SuiteRunner.java:437)
	at org.testng.SuiteRunner.privateRun(SuiteRunner.java:397)
	at org.testng.SuiteRunner.run(SuiteRunner.java:336)
	at org.testng.SuiteRunnerWorker.runSuite(SuiteRunnerWorker.java:52)
	at org.testng.SuiteRunnerWorker.run(SuiteRunnerWorker.java:95)
	at org.testng.TestNG.runSuitesSequentially(TestNG.java:1301)
	at org.testng.TestNG.runSuitesLocally(TestNG.java:1228)
	at org.testng.TestNG.runSuites(TestNG.java:1134)
	at org.testng.TestNG.run(TestNG.java:1101)
	at org.testng.remote.AbstractRemoteTestNG.run(AbstractRemoteTestNG.java:115)
	at org.testng.remote.RemoteTestNG.initAndRun(RemoteTestNG.java:293)
	at org.testng.remote.RemoteTestNG.main(RemoteTestNG.java:91)
16:01:52.776 [main] TRACE c.b.config.BrowserStackConfig - isGaugeTestOpsSession called with testObservabilityExplicit: false, framework: null, returning: false
16:01:52.791 [main] DEBUG c.b.utils.FrameworkDetectionUtils - Couldn't find dependency class: appium
16:01:52.830 [main] DEBUG com.browserstack.testOps.UsageStats - getFormattedData: Collecting data for TEST REPORTING AND ANALYTICS
16:01:52.831 [main] TRACE c.b.config.BrowserStackConfig - isGaugeTestOpsSession called with testObservabilityExplicit: false, framework: null, returning: false
16:01:52.869 [main] TRACE c.b.t.TestOrchestrationUtils - getInstrumentationData: invoked
16:01:52.878 [main] DEBUG c.b.utils.FunnelInstrumentation - Sending funnel data for SDKTestSuccessful with data: {"event_type":"SDKTestSuccessful","accessKey":"[REDACTED]","userName":"[REDACTED]","event_properties":{"isPercyAutoEnabled":false,"language":"java","sdkRunId":"37acec80-ca4d-4693-98e5-5485e16e797f","buildIdentifier":"unknown","testhub_uuid":"","detectedAppiumVersion":"null","productMap":{"app_automate":false,"accessibility":null,"automate":true,"percy":false,"observability":false,"turboscale":false},"hostname":"DIOT4","measures":{"sdk:pre-test":0.012400001287460327},"productUsage":{"testObservability":{"buildHashedId":"","manuallySet":false,"enabled":false}},"browserStackConfig":{"browserstackLocal":null,"percy":false,"logLevel":"info","staticWebDriver":true,"autoDetectFramework":true,"percyCaptureMode":"AUTO","browserStackLocalOptions":null,"percyOptions":null,"testContextOptions":{"skipSessionName":false,"serenityOverridePlugin":false,"skipSessionStatus":false},"platforms":null,"parallelsPerPlatform":null,"framework":null,"accessibility":false,"accessibilityOptions":{},"turboScaleOptions":{},"disableAutoCaptureLogs":true,"testObservability":true,"browserstackAutomation":true,"turboScale":false,"overrideLoadTesting":false,"testObservabilityOptions":{},"gradleMConfig":null,"proxySettings":null},"automationFrameworkVersion":null,"percyBuildId":null,"product":"[automate]","buildName":"unknown","os":"Windows 10","languageVersion":"21.0.7","appiumVersion":"null","frameworkDetectionInstrumentation":{},"detectedDependencies":"","referrer":"unknown","locationTrigger":"onFinish","accessibilityConfiguration":{"pollingTimeout":30},"language_framework":"unknown","testOrchestration":{"abortBuildOnFailure":{"enabled":false},"retryTestsOnFailure":{"enabled":false},"userConfig":{}},"detectedSeleniumVersion":"4.19.1","automationFramework":"selenium","seleniumVersion":"null"}}
16:01:52.878 [main] DEBUG c.b.utils.FunnelInstrumentation - sendAmplitudeEvent failed:
java.lang.NullPointerException: Parameter specified as non-null is null: method browserstack.shaded.okhttp3.Credentials.basic$default, parameter username
	at browserstack.shaded.okhttp3.Credentials.basic(Unknown Source)
	at browserstack.shaded.okhttp3.Credentials.basic$default(Unknown Source)
	at browserstack.shaded.okhttp3.Credentials.basic(Unknown Source)
	at com.browserstack.utils.FunnelInstrumentation.fireRequest(Unknown Source)
	at com.browserstack.utils.FunnelInstrumentation.sendSDKEvent(Unknown Source)
	at com.browserstack.testNgListeners.TmpSuiteListener.onFinish(Unknown Source)
	at org.testng.TestRunner.fireEvent(TestRunner.java:957)
	at org.testng.TestRunner.afterRun(TestRunner.java:914)
	at org.testng.TestRunner.run(TestRunner.java:622)
	at org.testng.SuiteRunner.runTest(SuiteRunner.java:443)
	at org.testng.SuiteRunner.runSequentially(SuiteRunner.java:437)
	at org.testng.SuiteRunner.privateRun(SuiteRunner.java:397)
	at org.testng.SuiteRunner.run(SuiteRunner.java:336)
	at org.testng.SuiteRunnerWorker.runSuite(SuiteRunnerWorker.java:52)
	at org.testng.SuiteRunnerWorker.run(SuiteRunnerWorker.java:95)
	at org.testng.TestNG.runSuitesSequentially(TestNG.java:1301)
	at org.testng.TestNG.runSuitesLocally(TestNG.java:1228)
	at org.testng.TestNG.runSuites(TestNG.java:1134)
	at org.testng.TestNG.run(TestNG.java:1101)
	at org.testng.remote.AbstractRemoteTestNG.run(AbstractRemoteTestNG.java:115)
	at org.testng.remote.RemoteTestNG.initAndRun(RemoteTestNG.java:293)
	at org.testng.remote.RemoteTestNG.main(RemoteTestNG.java:91)
16:01:52.882 [main] DEBUG c.browserstack.utils.CurrentTestMap - Searching for Test Run ID for Thread: 1
16:01:52.883 [main] TRACE c.b.config.BrowserStackConfig - isGaugeTestOpsSession called with testObservabilityExplicit: false, framework: null, returning: false
16:01:52.883 [main] DEBUG c.browserstack.utils.CurrentTestMap - Searching for Test Run ID for Thread: 1
16:01:52.883 [main] TRACE c.b.config.BrowserStackConfig - isGaugeTestOpsSession called with testObservabilityExplicit: false, framework: null, returning: false
16:01:52.884 [main] DEBUG c.browserstack.utils.CurrentTestMap - Searching for Test Run ID for Thread: 1
16:01:52.884 [main] TRACE c.b.config.BrowserStackConfig - isGaugeTestOpsSession called with testObservabilityExplicit: false, framework: null, returning: false
16:01:52.885 [main] DEBUG c.browserstack.utils.CurrentTestMap - Searching for Test Run ID for Thread: 1
16:01:52.885 [main] TRACE c.b.config.BrowserStackConfig - isGaugeTestOpsSession called with testObservabilityExplicit: false, framework: null, returning: false
16:01:52.924 [main] DEBUG c.b.monitoring.PerformanceTester - Failed to append key metrics to file C:\Users\cdac\CCST_lATEST_iNDUSATRY\CCST_LITCCST_LIT\log\key-metrics.json
16:01:52.925 [main] DEBUG c.browserstack.utils.CurrentTestMap - Searching for Test Run ID for Thread: 1
16:01:52.925 [main] TRACE c.b.config.BrowserStackConfig - isGaugeTestOpsSession called with testObservabilityExplicit: false, framework: null, returning: false
16:26:55.054 [main] TRACE c.b.config.BrowserStackConfig - isGaugeTestOpsSession called with testObservabilityExplicit: false, framework: null, returning: false
16:26:55.502 [main] DEBUG com.browserstack.v2.SdkCliUtils - File C:\Users\cdac\.browserstack already exist
16:26:55.504 [main] DEBUG com.browserstack.v2.SdkCliUtils - getExistingCliPath: no binary found
16:26:55.504 [main] DEBUG com.browserstack.v2.SdkCliUtils - Current CLI Path Found: 
16:26:55.525 [main] ERROR com.browserstack.v2.SdkCliUtils - Error in setting up cli path directory, Exception: java.lang.NullPointerException: Parameter specified as non-null is null: method browserstack.shaded.okhttp3.Credentials.basic$default, parameter username
	at browserstack.shaded.okhttp3.Credentials.basic(Unknown Source)
	at browserstack.shaded.okhttp3.Credentials.basic$default(Unknown Source)
	at browserstack.shaded.okhttp3.Credentials.basic(Unknown Source)
	at com.browserstack.v2.SdkCliUtils.a(Unknown Source)
	at com.browserstack.v2.SdkCliUtils.checkAndUpdateCli(Unknown Source)
	at com.browserstack.v2.SdkCliUtils.setupCliPath(Unknown Source)
	at com.browserstack.v2.SdkCLI.<clinit>(Unknown Source)
	at com.browserstack.monitoring.PerformanceTester.measure(Unknown Source)
	at com.browserstack.monitoring.PerformanceTester.end(Unknown Source)
	at com.browserstack.testNgListeners.BrowserstackSuiteListener.a(Unknown Source)
	at com.browserstack.testNgListeners.BrowserstackSuiteListener.onStart(Unknown Source)
	at org.testng.SuiteRunner.invokeListeners(SuiteRunner.java:268)
	at org.testng.SuiteRunner.run(SuiteRunner.java:334)
	at org.testng.SuiteRunnerWorker.runSuite(SuiteRunnerWorker.java:52)
	at org.testng.SuiteRunnerWorker.run(SuiteRunnerWorker.java:95)
	at org.testng.TestNG.runSuitesSequentially(TestNG.java:1301)
	at org.testng.TestNG.runSuitesLocally(TestNG.java:1228)
	at org.testng.TestNG.runSuites(TestNG.java:1134)
	at org.testng.TestNG.run(TestNG.java:1101)
	at org.testng.remote.AbstractRemoteTestNG.run(AbstractRemoteTestNG.java:115)
	at org.testng.remote.RemoteTestNG.initAndRun(RemoteTestNG.java:293)
	at org.testng.remote.RemoteTestNG.main(RemoteTestNG.java:91)

16:26:55.533 [main] DEBUG c.b.monitoring.PerformanceTester - Failed to append key metrics to file C:\Users\cdac\CCST_lATEST_iNDUSATRY\CCST_LITCCST_LIT\log\key-metrics.json
16:27:06.464 [main] TRACE c.b.config.BrowserStackConfig - isGaugeTestOpsSession called with testObservabilityExplicit: false, framework: null, returning: false
16:27:06.469 [main] DEBUG c.b.utils.FunnelInstrumentation - Error in getting Product:
java.lang.NullPointerException: Cannot invoke "String.equalsIgnoreCase(String)" because the return value of "com.browserstack.config.BrowserStackConfig.getFramework()" is null
	at com.browserstack.utils.FunnelInstrumentation.a(Unknown Source)
	at java.base/java.util.stream.MatchOps$1MatchSink.accept(MatchOps.java:90)
	at java.base/java.util.Spliterators$ArraySpliterator.tryAdvance(Spliterators.java:1034)
	at java.base/java.util.stream.ReferencePipeline.forEachWithCancel(ReferencePipeline.java:129)
	at java.base/java.util.stream.AbstractPipeline.copyIntoWithCancel(AbstractPipeline.java:527)
	at java.base/java.util.stream.AbstractPipeline.copyInto(AbstractPipeline.java:513)
	at java.base/java.util.stream.AbstractPipeline.wrapAndCopyInto(AbstractPipeline.java:499)
	at java.base/java.util.stream.MatchOps$MatchOp.evaluateSequential(MatchOps.java:230)
	at java.base/java.util.stream.MatchOps$MatchOp.evaluateSequential(MatchOps.java:196)
	at java.base/java.util.stream.AbstractPipeline.evaluate(AbstractPipeline.java:234)
	at java.base/java.util.stream.ReferencePipeline.anyMatch(ReferencePipeline.java:632)
	at com.browserstack.utils.FunnelInstrumentation.getProducts(Unknown Source)
	at com.browserstack.utils.FunnelInstrumentation.createParamsForEvent(Unknown Source)
	at com.browserstack.utils.FunnelInstrumentation.sendSDKEvent(Unknown Source)
	at com.browserstack.testNgListeners.TmpSuiteListener.onFinish(Unknown Source)
	at org.testng.TestRunner.fireEvent(TestRunner.java:957)
	at org.testng.TestRunner.afterRun(TestRunner.java:914)
	at org.testng.TestRunner.run(TestRunner.java:622)
	at org.testng.SuiteRunner.runTest(SuiteRunner.java:443)
	at org.testng.SuiteRunner.runSequentially(SuiteRunner.java:437)
	at org.testng.SuiteRunner.privateRun(SuiteRunner.java:397)
	at org.testng.SuiteRunner.run(SuiteRunner.java:336)
	at org.testng.SuiteRunnerWorker.runSuite(SuiteRunnerWorker.java:52)
	at org.testng.SuiteRunnerWorker.run(SuiteRunnerWorker.java:95)
	at org.testng.TestNG.runSuitesSequentially(TestNG.java:1301)
	at org.testng.TestNG.runSuitesLocally(TestNG.java:1228)
	at org.testng.TestNG.runSuites(TestNG.java:1134)
	at org.testng.TestNG.run(TestNG.java:1101)
	at org.testng.remote.AbstractRemoteTestNG.run(AbstractRemoteTestNG.java:115)
	at org.testng.remote.RemoteTestNG.initAndRun(RemoteTestNG.java:293)
	at org.testng.remote.RemoteTestNG.main(RemoteTestNG.java:91)
16:27:06.472 [main] TRACE c.b.config.BrowserStackConfig - isGaugeTestOpsSession called with testObservabilityExplicit: false, framework: null, returning: false
16:27:06.488 [main] DEBUG c.b.utils.FrameworkDetectionUtils - Couldn't find dependency class: appium
16:27:06.579 [main] DEBUG com.browserstack.testOps.UsageStats - getFormattedData: Collecting data for TEST REPORTING AND ANALYTICS
16:27:06.579 [main] TRACE c.b.config.BrowserStackConfig - isGaugeTestOpsSession called with testObservabilityExplicit: false, framework: null, returning: false
16:27:06.637 [main] TRACE c.b.t.TestOrchestrationUtils - getInstrumentationData: invoked
16:27:06.646 [main] DEBUG c.b.utils.FunnelInstrumentation - Sending funnel data for SDKTestSuccessful with data: {"event_type":"SDKTestSuccessful","accessKey":"[REDACTED]","userName":"[REDACTED]","event_properties":{"isPercyAutoEnabled":false,"language":"java","sdkRunId":"a27c2c18-b2c7-4c55-916e-c5ca7247bdbb","buildIdentifier":"unknown","testhub_uuid":"","detectedAppiumVersion":"null","productMap":{"app_automate":false,"accessibility":null,"automate":true,"percy":false,"observability":false,"turboscale":false},"hostname":"DIOT4","measures":{"sdk:pre-test":0.019899999722838402},"productUsage":{"testObservability":{"buildHashedId":"","manuallySet":false,"enabled":false}},"browserStackConfig":{"browserstackLocal":null,"percy":false,"logLevel":"info","staticWebDriver":true,"autoDetectFramework":true,"percyCaptureMode":"AUTO","browserStackLocalOptions":null,"percyOptions":null,"testContextOptions":{"skipSessionName":false,"skipSessionStatus":false,"serenityOverridePlugin":false},"platforms":null,"parallelsPerPlatform":null,"framework":null,"accessibility":false,"accessibilityOptions":{},"turboScaleOptions":{},"disableAutoCaptureLogs":true,"testObservability":true,"browserstackAutomation":true,"turboScale":false,"overrideLoadTesting":false,"testObservabilityOptions":{},"gradleMConfig":null,"proxySettings":null},"automationFrameworkVersion":null,"percyBuildId":null,"product":"[automate]","buildName":"unknown","os":"Windows 10","languageVersion":"21.0.7","appiumVersion":"null","frameworkDetectionInstrumentation":{},"detectedDependencies":"","referrer":"unknown","locationTrigger":"onFinish","accessibilityConfiguration":{"pollingTimeout":30},"language_framework":"unknown","testOrchestration":{"abortBuildOnFailure":{"enabled":false},"retryTestsOnFailure":{"enabled":false},"userConfig":{}},"detectedSeleniumVersion":"4.19.1","automationFramework":"selenium","seleniumVersion":"null"}}
16:27:06.647 [main] DEBUG c.b.utils.FunnelInstrumentation - sendAmplitudeEvent failed:
java.lang.NullPointerException: Parameter specified as non-null is null: method browserstack.shaded.okhttp3.Credentials.basic$default, parameter username
	at browserstack.shaded.okhttp3.Credentials.basic(Unknown Source)
	at browserstack.shaded.okhttp3.Credentials.basic$default(Unknown Source)
	at browserstack.shaded.okhttp3.Credentials.basic(Unknown Source)
	at com.browserstack.utils.FunnelInstrumentation.fireRequest(Unknown Source)
	at com.browserstack.utils.FunnelInstrumentation.sendSDKEvent(Unknown Source)
	at com.browserstack.testNgListeners.TmpSuiteListener.onFinish(Unknown Source)
	at org.testng.TestRunner.fireEvent(TestRunner.java:957)
	at org.testng.TestRunner.afterRun(TestRunner.java:914)
	at org.testng.TestRunner.run(TestRunner.java:622)
	at org.testng.SuiteRunner.runTest(SuiteRunner.java:443)
	at org.testng.SuiteRunner.runSequentially(SuiteRunner.java:437)
	at org.testng.SuiteRunner.privateRun(SuiteRunner.java:397)
	at org.testng.SuiteRunner.run(SuiteRunner.java:336)
	at org.testng.SuiteRunnerWorker.runSuite(SuiteRunnerWorker.java:52)
	at org.testng.SuiteRunnerWorker.run(SuiteRunnerWorker.java:95)
	at org.testng.TestNG.runSuitesSequentially(TestNG.java:1301)
	at org.testng.TestNG.runSuitesLocally(TestNG.java:1228)
	at org.testng.TestNG.runSuites(TestNG.java:1134)
	at org.testng.TestNG.run(TestNG.java:1101)
	at org.testng.remote.AbstractRemoteTestNG.run(AbstractRemoteTestNG.java:115)
	at org.testng.remote.RemoteTestNG.initAndRun(RemoteTestNG.java:293)
	at org.testng.remote.RemoteTestNG.main(RemoteTestNG.java:91)
16:27:06.687 [main] DEBUG c.b.monitoring.PerformanceTester - Failed to append key metrics to file C:\Users\cdac\CCST_lATEST_iNDUSATRY\CCST_LITCCST_LIT\log\key-metrics.json
16:27:06.691 [main] DEBUG c.browserstack.utils.CurrentTestMap - Searching for Test Run ID for Thread: 1
16:27:06.692 [main] TRACE c.b.config.BrowserStackConfig - isGaugeTestOpsSession called with testObservabilityExplicit: false, framework: null, returning: false
16:32:51.514 [main] TRACE c.b.config.BrowserStackConfig - isGaugeTestOpsSession called with testObservabilityExplicit: false, framework: null, returning: false
16:32:51.947 [main] DEBUG com.browserstack.v2.SdkCliUtils - File C:\Users\cdac\.browserstack already exist
16:32:51.948 [main] DEBUG com.browserstack.v2.SdkCliUtils - getExistingCliPath: no binary found
16:32:51.948 [main] DEBUG com.browserstack.v2.SdkCliUtils - Current CLI Path Found: 
16:32:51.968 [main] ERROR com.browserstack.v2.SdkCliUtils - Error in setting up cli path directory, Exception: java.lang.NullPointerException: Parameter specified as non-null is null: method browserstack.shaded.okhttp3.Credentials.basic$default, parameter username
	at browserstack.shaded.okhttp3.Credentials.basic(Unknown Source)
	at browserstack.shaded.okhttp3.Credentials.basic$default(Unknown Source)
	at browserstack.shaded.okhttp3.Credentials.basic(Unknown Source)
	at com.browserstack.v2.SdkCliUtils.a(Unknown Source)
	at com.browserstack.v2.SdkCliUtils.checkAndUpdateCli(Unknown Source)
	at com.browserstack.v2.SdkCliUtils.setupCliPath(Unknown Source)
	at com.browserstack.v2.SdkCLI.<clinit>(Unknown Source)
	at com.browserstack.monitoring.PerformanceTester.measure(Unknown Source)
	at com.browserstack.monitoring.PerformanceTester.end(Unknown Source)
	at com.browserstack.testNgListeners.BrowserstackSuiteListener.a(Unknown Source)
	at com.browserstack.testNgListeners.BrowserstackSuiteListener.onStart(Unknown Source)
	at org.testng.SuiteRunner.invokeListeners(SuiteRunner.java:268)
	at org.testng.SuiteRunner.run(SuiteRunner.java:334)
	at org.testng.SuiteRunnerWorker.runSuite(SuiteRunnerWorker.java:52)
	at org.testng.SuiteRunnerWorker.run(SuiteRunnerWorker.java:95)
	at org.testng.TestNG.runSuitesSequentially(TestNG.java:1301)
	at org.testng.TestNG.runSuitesLocally(TestNG.java:1228)
	at org.testng.TestNG.runSuites(TestNG.java:1134)
	at org.testng.TestNG.run(TestNG.java:1101)
	at org.testng.remote.AbstractRemoteTestNG.run(AbstractRemoteTestNG.java:115)
	at org.testng.remote.RemoteTestNG.initAndRun(RemoteTestNG.java:293)
	at org.testng.remote.RemoteTestNG.main(RemoteTestNG.java:91)

16:32:51.976 [main] DEBUG c.b.monitoring.PerformanceTester - Failed to append key metrics to file C:\Users\cdac\CCST_lATEST_iNDUSATRY\CCST_LITCCST_LIT\log\key-metrics.json
16:32:52.066 [main] TRACE c.b.config.BrowserStackConfig - isGaugeTestOpsSession called with testObservabilityExplicit: false, framework: null, returning: false
16:32:52.068 [main] DEBUG c.b.utils.FunnelInstrumentation - Error in getting Product:
java.lang.NullPointerException: Cannot invoke "String.equalsIgnoreCase(String)" because the return value of "com.browserstack.config.BrowserStackConfig.getFramework()" is null
	at com.browserstack.utils.FunnelInstrumentation.a(Unknown Source)
	at java.base/java.util.stream.MatchOps$1MatchSink.accept(MatchOps.java:90)
	at java.base/java.util.Spliterators$ArraySpliterator.tryAdvance(Spliterators.java:1034)
	at java.base/java.util.stream.ReferencePipeline.forEachWithCancel(ReferencePipeline.java:129)
	at java.base/java.util.stream.AbstractPipeline.copyIntoWithCancel(AbstractPipeline.java:527)
	at java.base/java.util.stream.AbstractPipeline.copyInto(AbstractPipeline.java:513)
	at java.base/java.util.stream.AbstractPipeline.wrapAndCopyInto(AbstractPipeline.java:499)
	at java.base/java.util.stream.MatchOps$MatchOp.evaluateSequential(MatchOps.java:230)
	at java.base/java.util.stream.MatchOps$MatchOp.evaluateSequential(MatchOps.java:196)
	at java.base/java.util.stream.AbstractPipeline.evaluate(AbstractPipeline.java:234)
	at java.base/java.util.stream.ReferencePipeline.anyMatch(ReferencePipeline.java:632)
	at com.browserstack.utils.FunnelInstrumentation.getProducts(Unknown Source)
	at com.browserstack.utils.FunnelInstrumentation.createParamsForEvent(Unknown Source)
	at com.browserstack.utils.FunnelInstrumentation.sendSDKEvent(Unknown Source)
	at com.browserstack.testNgListeners.TmpSuiteListener.onFinish(Unknown Source)
	at org.testng.TestRunner.fireEvent(TestRunner.java:957)
	at org.testng.TestRunner.afterRun(TestRunner.java:914)
	at org.testng.TestRunner.run(TestRunner.java:622)
	at org.testng.SuiteRunner.runTest(SuiteRunner.java:443)
	at org.testng.SuiteRunner.runSequentially(SuiteRunner.java:437)
	at org.testng.SuiteRunner.privateRun(SuiteRunner.java:397)
	at org.testng.SuiteRunner.run(SuiteRunner.java:336)
	at org.testng.SuiteRunnerWorker.runSuite(SuiteRunnerWorker.java:52)
	at org.testng.SuiteRunnerWorker.run(SuiteRunnerWorker.java:95)
	at org.testng.TestNG.runSuitesSequentially(TestNG.java:1301)
	at org.testng.TestNG.runSuitesLocally(TestNG.java:1228)
	at org.testng.TestNG.runSuites(TestNG.java:1134)
	at org.testng.TestNG.run(TestNG.java:1101)
	at org.testng.remote.AbstractRemoteTestNG.run(AbstractRemoteTestNG.java:115)
	at org.testng.remote.RemoteTestNG.initAndRun(RemoteTestNG.java:293)
	at org.testng.remote.RemoteTestNG.main(RemoteTestNG.java:91)
16:32:52.070 [main] TRACE c.b.config.BrowserStackConfig - isGaugeTestOpsSession called with testObservabilityExplicit: false, framework: null, returning: false
16:32:52.083 [main] DEBUG c.b.utils.FrameworkDetectionUtils - Couldn't find dependency class: appium
16:32:52.131 [main] DEBUG com.browserstack.testOps.UsageStats - getFormattedData: Collecting data for TEST REPORTING AND ANALYTICS
16:32:52.131 [main] TRACE c.b.config.BrowserStackConfig - isGaugeTestOpsSession called with testObservabilityExplicit: false, framework: null, returning: false
16:32:52.172 [main] TRACE c.b.t.TestOrchestrationUtils - getInstrumentationData: invoked
16:32:52.189 [main] DEBUG c.b.utils.FunnelInstrumentation - Sending funnel data for SDKTestSuccessful with data: {"event_type":"SDKTestSuccessful","accessKey":"[REDACTED]","userName":"[REDACTED]","event_properties":{"isPercyAutoEnabled":false,"language":"java","sdkRunId":"8ccf18c2-6e87-420e-a307-58a83fa41879","buildIdentifier":"unknown","testhub_uuid":"","detectedAppiumVersion":"null","productMap":{"app_automate":false,"accessibility":null,"automate":true,"percy":false,"observability":false,"turboscale":false},"hostname":"DIOT4","measures":{"sdk:pre-test":0.01249999925494194},"productUsage":{"testObservability":{"buildHashedId":"","manuallySet":false,"enabled":false}},"browserStackConfig":{"browserstackLocal":null,"percy":false,"logLevel":"info","staticWebDriver":true,"autoDetectFramework":true,"percyCaptureMode":"AUTO","browserStackLocalOptions":null,"percyOptions":null,"testContextOptions":{"skipSessionStatus":false,"serenityOverridePlugin":false,"skipSessionName":false},"platforms":null,"parallelsPerPlatform":null,"framework":null,"accessibility":false,"accessibilityOptions":{},"turboScaleOptions":{},"disableAutoCaptureLogs":true,"testObservability":true,"browserstackAutomation":true,"turboScale":false,"overrideLoadTesting":false,"testObservabilityOptions":{},"gradleMConfig":null,"proxySettings":null},"automationFrameworkVersion":null,"percyBuildId":null,"product":"[automate]","buildName":"unknown","os":"Windows 10","languageVersion":"21.0.7","appiumVersion":"null","frameworkDetectionInstrumentation":{},"detectedDependencies":"","referrer":"unknown","locationTrigger":"onFinish","accessibilityConfiguration":{"pollingTimeout":30},"language_framework":"unknown","testOrchestration":{"abortBuildOnFailure":{"enabled":false},"retryTestsOnFailure":{"enabled":false},"userConfig":{}},"detectedSeleniumVersion":"4.19.1","automationFramework":"selenium","seleniumVersion":"null"}}
16:32:52.189 [main] DEBUG c.b.utils.FunnelInstrumentation - sendAmplitudeEvent failed:
java.lang.NullPointerException: Parameter specified as non-null is null: method browserstack.shaded.okhttp3.Credentials.basic$default, parameter username
	at browserstack.shaded.okhttp3.Credentials.basic(Unknown Source)
	at browserstack.shaded.okhttp3.Credentials.basic$default(Unknown Source)
	at browserstack.shaded.okhttp3.Credentials.basic(Unknown Source)
	at com.browserstack.utils.FunnelInstrumentation.fireRequest(Unknown Source)
	at com.browserstack.utils.FunnelInstrumentation.sendSDKEvent(Unknown Source)
	at com.browserstack.testNgListeners.TmpSuiteListener.onFinish(Unknown Source)
	at org.testng.TestRunner.fireEvent(TestRunner.java:957)
	at org.testng.TestRunner.afterRun(TestRunner.java:914)
	at org.testng.TestRunner.run(TestRunner.java:622)
	at org.testng.SuiteRunner.runTest(SuiteRunner.java:443)
	at org.testng.SuiteRunner.runSequentially(SuiteRunner.java:437)
	at org.testng.SuiteRunner.privateRun(SuiteRunner.java:397)
	at org.testng.SuiteRunner.run(SuiteRunner.java:336)
	at org.testng.SuiteRunnerWorker.runSuite(SuiteRunnerWorker.java:52)
	at org.testng.SuiteRunnerWorker.run(SuiteRunnerWorker.java:95)
	at org.testng.TestNG.runSuitesSequentially(TestNG.java:1301)
	at org.testng.TestNG.runSuitesLocally(TestNG.java:1228)
	at org.testng.TestNG.runSuites(TestNG.java:1134)
	at org.testng.TestNG.run(TestNG.java:1101)
	at org.testng.remote.AbstractRemoteTestNG.run(AbstractRemoteTestNG.java:115)
	at org.testng.remote.RemoteTestNG.initAndRun(RemoteTestNG.java:293)
	at org.testng.remote.RemoteTestNG.main(RemoteTestNG.java:91)
16:32:52.194 [main] DEBUG c.browserstack.utils.CurrentTestMap - Searching for Test Run ID for Thread: 1
16:32:52.194 [main] TRACE c.b.config.BrowserStackConfig - isGaugeTestOpsSession called with testObservabilityExplicit: false, framework: null, returning: false
16:32:52.195 [main] DEBUG c.browserstack.utils.CurrentTestMap - Searching for Test Run ID for Thread: 1
16:32:52.195 [main] TRACE c.b.config.BrowserStackConfig - isGaugeTestOpsSession called with testObservabilityExplicit: false, framework: null, returning: false
16:32:52.196 [main] DEBUG c.browserstack.utils.CurrentTestMap - Searching for Test Run ID for Thread: 1
16:32:52.196 [main] TRACE c.b.config.BrowserStackConfig - isGaugeTestOpsSession called with testObservabilityExplicit: false, framework: null, returning: false
16:32:52.197 [main] DEBUG c.browserstack.utils.CurrentTestMap - Searching for Test Run ID for Thread: 1
16:32:52.197 [main] TRACE c.b.config.BrowserStackConfig - isGaugeTestOpsSession called with testObservabilityExplicit: false, framework: null, returning: false
16:32:52.242 [main] DEBUG c.b.monitoring.PerformanceTester - Failed to append key metrics to file C:\Users\cdac\CCST_lATEST_iNDUSATRY\CCST_LITCCST_LIT\log\key-metrics.json
16:32:52.244 [main] DEBUG c.browserstack.utils.CurrentTestMap - Searching for Test Run ID for Thread: 1
16:32:52.244 [main] TRACE c.b.config.BrowserStackConfig - isGaugeTestOpsSession called with testObservabilityExplicit: false, framework: null, returning: false
16:32:57.135 [main] TRACE c.b.config.BrowserStackConfig - isGaugeTestOpsSession called with testObservabilityExplicit: false, framework: null, returning: false
16:32:57.561 [main] DEBUG com.browserstack.v2.SdkCliUtils - File C:\Users\cdac\.browserstack already exist
16:32:57.562 [main] DEBUG com.browserstack.v2.SdkCliUtils - getExistingCliPath: no binary found
16:32:57.563 [main] DEBUG com.browserstack.v2.SdkCliUtils - Current CLI Path Found: 
16:32:57.583 [main] ERROR com.browserstack.v2.SdkCliUtils - Error in setting up cli path directory, Exception: java.lang.NullPointerException: Parameter specified as non-null is null: method browserstack.shaded.okhttp3.Credentials.basic$default, parameter username
	at browserstack.shaded.okhttp3.Credentials.basic(Unknown Source)
	at browserstack.shaded.okhttp3.Credentials.basic$default(Unknown Source)
	at browserstack.shaded.okhttp3.Credentials.basic(Unknown Source)
	at com.browserstack.v2.SdkCliUtils.a(Unknown Source)
	at com.browserstack.v2.SdkCliUtils.checkAndUpdateCli(Unknown Source)
	at com.browserstack.v2.SdkCliUtils.setupCliPath(Unknown Source)
	at com.browserstack.v2.SdkCLI.<clinit>(Unknown Source)
	at com.browserstack.monitoring.PerformanceTester.measure(Unknown Source)
	at com.browserstack.monitoring.PerformanceTester.end(Unknown Source)
	at com.browserstack.testNgListeners.BrowserstackSuiteListener.a(Unknown Source)
	at com.browserstack.testNgListeners.BrowserstackSuiteListener.onStart(Unknown Source)
	at org.testng.SuiteRunner.invokeListeners(SuiteRunner.java:268)
	at org.testng.SuiteRunner.run(SuiteRunner.java:334)
	at org.testng.SuiteRunnerWorker.runSuite(SuiteRunnerWorker.java:52)
	at org.testng.SuiteRunnerWorker.run(SuiteRunnerWorker.java:95)
	at org.testng.TestNG.runSuitesSequentially(TestNG.java:1301)
	at org.testng.TestNG.runSuitesLocally(TestNG.java:1228)
	at org.testng.TestNG.runSuites(TestNG.java:1134)
	at org.testng.TestNG.run(TestNG.java:1101)
	at org.testng.remote.AbstractRemoteTestNG.run(AbstractRemoteTestNG.java:115)
	at org.testng.remote.RemoteTestNG.initAndRun(RemoteTestNG.java:293)
	at org.testng.remote.RemoteTestNG.main(RemoteTestNG.java:91)

16:32:57.591 [main] DEBUG c.b.monitoring.PerformanceTester - Failed to append key metrics to file C:\Users\cdac\CCST_lATEST_iNDUSATRY\CCST_LITCCST_LIT\log\key-metrics.json
16:32:57.679 [main] TRACE c.b.config.BrowserStackConfig - isGaugeTestOpsSession called with testObservabilityExplicit: false, framework: null, returning: false
16:32:57.683 [main] DEBUG c.b.utils.FunnelInstrumentation - Error in getting Product:
java.lang.NullPointerException: Cannot invoke "String.equalsIgnoreCase(String)" because the return value of "com.browserstack.config.BrowserStackConfig.getFramework()" is null
	at com.browserstack.utils.FunnelInstrumentation.a(Unknown Source)
	at java.base/java.util.stream.MatchOps$1MatchSink.accept(MatchOps.java:90)
	at java.base/java.util.Spliterators$ArraySpliterator.tryAdvance(Spliterators.java:1034)
	at java.base/java.util.stream.ReferencePipeline.forEachWithCancel(ReferencePipeline.java:129)
	at java.base/java.util.stream.AbstractPipeline.copyIntoWithCancel(AbstractPipeline.java:527)
	at java.base/java.util.stream.AbstractPipeline.copyInto(AbstractPipeline.java:513)
	at java.base/java.util.stream.AbstractPipeline.wrapAndCopyInto(AbstractPipeline.java:499)
	at java.base/java.util.stream.MatchOps$MatchOp.evaluateSequential(MatchOps.java:230)
	at java.base/java.util.stream.MatchOps$MatchOp.evaluateSequential(MatchOps.java:196)
	at java.base/java.util.stream.AbstractPipeline.evaluate(AbstractPipeline.java:234)
	at java.base/java.util.stream.ReferencePipeline.anyMatch(ReferencePipeline.java:632)
	at com.browserstack.utils.FunnelInstrumentation.getProducts(Unknown Source)
	at com.browserstack.utils.FunnelInstrumentation.createParamsForEvent(Unknown Source)
	at com.browserstack.utils.FunnelInstrumentation.sendSDKEvent(Unknown Source)
	at com.browserstack.testNgListeners.TmpSuiteListener.onFinish(Unknown Source)
	at org.testng.TestRunner.fireEvent(TestRunner.java:957)
	at org.testng.TestRunner.afterRun(TestRunner.java:914)
	at org.testng.TestRunner.run(TestRunner.java:622)
	at org.testng.SuiteRunner.runTest(SuiteRunner.java:443)
	at org.testng.SuiteRunner.runSequentially(SuiteRunner.java:437)
	at org.testng.SuiteRunner.privateRun(SuiteRunner.java:397)
	at org.testng.SuiteRunner.run(SuiteRunner.java:336)
	at org.testng.SuiteRunnerWorker.runSuite(SuiteRunnerWorker.java:52)
	at org.testng.SuiteRunnerWorker.run(SuiteRunnerWorker.java:95)
	at org.testng.TestNG.runSuitesSequentially(TestNG.java:1301)
	at org.testng.TestNG.runSuitesLocally(TestNG.java:1228)
	at org.testng.TestNG.runSuites(TestNG.java:1134)
	at org.testng.TestNG.run(TestNG.java:1101)
	at org.testng.remote.AbstractRemoteTestNG.run(AbstractRemoteTestNG.java:115)
	at org.testng.remote.RemoteTestNG.initAndRun(RemoteTestNG.java:293)
	at org.testng.remote.RemoteTestNG.main(RemoteTestNG.java:91)
16:32:57.691 [main] TRACE c.b.config.BrowserStackConfig - isGaugeTestOpsSession called with testObservabilityExplicit: false, framework: null, returning: false
16:32:57.708 [main] DEBUG c.b.utils.FrameworkDetectionUtils - Couldn't find dependency class: appium
16:32:57.750 [main] DEBUG com.browserstack.testOps.UsageStats - getFormattedData: Collecting data for TEST REPORTING AND ANALYTICS
16:32:57.750 [main] TRACE c.b.config.BrowserStackConfig - isGaugeTestOpsSession called with testObservabilityExplicit: false, framework: null, returning: false
16:32:57.787 [main] TRACE c.b.t.TestOrchestrationUtils - getInstrumentationData: invoked
16:32:57.796 [main] DEBUG c.b.utils.FunnelInstrumentation - Sending funnel data for SDKTestSuccessful with data: {"event_type":"SDKTestSuccessful","accessKey":"[REDACTED]","userName":"[REDACTED]","event_properties":{"isPercyAutoEnabled":false,"language":"java","sdkRunId":"e8d3b4d4-5a85-4840-961f-321891674424","buildIdentifier":"unknown","testhub_uuid":"","detectedAppiumVersion":"null","productMap":{"app_automate":false,"accessibility":null,"automate":true,"percy":false,"observability":false,"turboscale":false},"hostname":"DIOT4","measures":{"sdk:pre-test":0.01380000077188015},"productUsage":{"testObservability":{"buildHashedId":"","manuallySet":false,"enabled":false}},"browserStackConfig":{"browserstackLocal":null,"percy":false,"logLevel":"info","staticWebDriver":true,"autoDetectFramework":true,"percyCaptureMode":"AUTO","browserStackLocalOptions":null,"percyOptions":null,"testContextOptions":{"skipSessionStatus":false,"serenityOverridePlugin":false,"skipSessionName":false},"platforms":null,"parallelsPerPlatform":null,"framework":null,"accessibility":false,"accessibilityOptions":{},"turboScaleOptions":{},"disableAutoCaptureLogs":true,"testObservability":true,"browserstackAutomation":true,"turboScale":false,"overrideLoadTesting":false,"testObservabilityOptions":{},"gradleMConfig":null,"proxySettings":null},"automationFrameworkVersion":null,"percyBuildId":null,"product":"[automate]","buildName":"unknown","os":"Windows 10","languageVersion":"21.0.7","appiumVersion":"null","frameworkDetectionInstrumentation":{},"detectedDependencies":"","referrer":"unknown","locationTrigger":"onFinish","accessibilityConfiguration":{"pollingTimeout":30},"language_framework":"unknown","testOrchestration":{"abortBuildOnFailure":{"enabled":false},"retryTestsOnFailure":{"enabled":false},"userConfig":{}},"detectedSeleniumVersion":"4.19.1","automationFramework":"selenium","seleniumVersion":"null"}}
16:32:57.797 [main] DEBUG c.b.utils.FunnelInstrumentation - sendAmplitudeEvent failed:
java.lang.NullPointerException: Parameter specified as non-null is null: method browserstack.shaded.okhttp3.Credentials.basic$default, parameter username
	at browserstack.shaded.okhttp3.Credentials.basic(Unknown Source)
	at browserstack.shaded.okhttp3.Credentials.basic$default(Unknown Source)
	at browserstack.shaded.okhttp3.Credentials.basic(Unknown Source)
	at com.browserstack.utils.FunnelInstrumentation.fireRequest(Unknown Source)
	at com.browserstack.utils.FunnelInstrumentation.sendSDKEvent(Unknown Source)
	at com.browserstack.testNgListeners.TmpSuiteListener.onFinish(Unknown Source)
	at org.testng.TestRunner.fireEvent(TestRunner.java:957)
	at org.testng.TestRunner.afterRun(TestRunner.java:914)
	at org.testng.TestRunner.run(TestRunner.java:622)
	at org.testng.SuiteRunner.runTest(SuiteRunner.java:443)
	at org.testng.SuiteRunner.runSequentially(SuiteRunner.java:437)
	at org.testng.SuiteRunner.privateRun(SuiteRunner.java:397)
	at org.testng.SuiteRunner.run(SuiteRunner.java:336)
	at org.testng.SuiteRunnerWorker.runSuite(SuiteRunnerWorker.java:52)
	at org.testng.SuiteRunnerWorker.run(SuiteRunnerWorker.java:95)
	at org.testng.TestNG.runSuitesSequentially(TestNG.java:1301)
	at org.testng.TestNG.runSuitesLocally(TestNG.java:1228)
	at org.testng.TestNG.runSuites(TestNG.java:1134)
	at org.testng.TestNG.run(TestNG.java:1101)
	at org.testng.remote.AbstractRemoteTestNG.run(AbstractRemoteTestNG.java:115)
	at org.testng.remote.RemoteTestNG.initAndRun(RemoteTestNG.java:293)
	at org.testng.remote.RemoteTestNG.main(RemoteTestNG.java:91)
16:32:57.800 [main] DEBUG c.browserstack.utils.CurrentTestMap - Searching for Test Run ID for Thread: 1
16:32:57.800 [main] TRACE c.b.config.BrowserStackConfig - isGaugeTestOpsSession called with testObservabilityExplicit: false, framework: null, returning: false
16:32:57.800 [main] DEBUG c.browserstack.utils.CurrentTestMap - Searching for Test Run ID for Thread: 1
16:32:57.801 [main] TRACE c.b.config.BrowserStackConfig - isGaugeTestOpsSession called with testObservabilityExplicit: false, framework: null, returning: false
16:32:57.802 [main] DEBUG c.browserstack.utils.CurrentTestMap - Searching for Test Run ID for Thread: 1
16:32:57.802 [main] TRACE c.b.config.BrowserStackConfig - isGaugeTestOpsSession called with testObservabilityExplicit: false, framework: null, returning: false
16:32:57.803 [main] DEBUG c.browserstack.utils.CurrentTestMap - Searching for Test Run ID for Thread: 1
16:32:57.803 [main] TRACE c.b.config.BrowserStackConfig - isGaugeTestOpsSession called with testObservabilityExplicit: false, framework: null, returning: false
16:32:57.847 [main] DEBUG c.b.monitoring.PerformanceTester - Failed to append key metrics to file C:\Users\cdac\CCST_lATEST_iNDUSATRY\CCST_LITCCST_LIT\log\key-metrics.json
16:32:57.849 [main] DEBUG c.browserstack.utils.CurrentTestMap - Searching for Test Run ID for Thread: 1
16:32:57.849 [main] TRACE c.b.config.BrowserStackConfig - isGaugeTestOpsSession called with testObservabilityExplicit: false, framework: null, returning: false
16:33:01.918 [main] TRACE c.b.config.BrowserStackConfig - isGaugeTestOpsSession called with testObservabilityExplicit: false, framework: null, returning: false
16:33:02.337 [main] DEBUG com.browserstack.v2.SdkCliUtils - File C:\Users\cdac\.browserstack already exist
16:33:02.340 [main] DEBUG com.browserstack.v2.SdkCliUtils - getExistingCliPath: no binary found
16:33:02.340 [main] DEBUG com.browserstack.v2.SdkCliUtils - Current CLI Path Found: 
16:33:02.359 [main] ERROR com.browserstack.v2.SdkCliUtils - Error in setting up cli path directory, Exception: java.lang.NullPointerException: Parameter specified as non-null is null: method browserstack.shaded.okhttp3.Credentials.basic$default, parameter username
	at browserstack.shaded.okhttp3.Credentials.basic(Unknown Source)
	at browserstack.shaded.okhttp3.Credentials.basic$default(Unknown Source)
	at browserstack.shaded.okhttp3.Credentials.basic(Unknown Source)
	at com.browserstack.v2.SdkCliUtils.a(Unknown Source)
	at com.browserstack.v2.SdkCliUtils.checkAndUpdateCli(Unknown Source)
	at com.browserstack.v2.SdkCliUtils.setupCliPath(Unknown Source)
	at com.browserstack.v2.SdkCLI.<clinit>(Unknown Source)
	at com.browserstack.monitoring.PerformanceTester.measure(Unknown Source)
	at com.browserstack.monitoring.PerformanceTester.end(Unknown Source)
	at com.browserstack.testNgListeners.BrowserstackSuiteListener.a(Unknown Source)
	at com.browserstack.testNgListeners.BrowserstackSuiteListener.onStart(Unknown Source)
	at org.testng.SuiteRunner.invokeListeners(SuiteRunner.java:268)
	at org.testng.SuiteRunner.run(SuiteRunner.java:334)
	at org.testng.SuiteRunnerWorker.runSuite(SuiteRunnerWorker.java:52)
	at org.testng.SuiteRunnerWorker.run(SuiteRunnerWorker.java:95)
	at org.testng.TestNG.runSuitesSequentially(TestNG.java:1301)
	at org.testng.TestNG.runSuitesLocally(TestNG.java:1228)
	at org.testng.TestNG.runSuites(TestNG.java:1134)
	at org.testng.TestNG.run(TestNG.java:1101)
	at org.testng.remote.AbstractRemoteTestNG.run(AbstractRemoteTestNG.java:115)
	at org.testng.remote.RemoteTestNG.initAndRun(RemoteTestNG.java:293)
	at org.testng.remote.RemoteTestNG.main(RemoteTestNG.java:91)

16:33:02.365 [main] DEBUG c.b.monitoring.PerformanceTester - Failed to append key metrics to file C:\Users\cdac\CCST_lATEST_iNDUSATRY\CCST_LITCCST_LIT\log\key-metrics.json
16:33:02.451 [main] TRACE c.b.config.BrowserStackConfig - isGaugeTestOpsSession called with testObservabilityExplicit: false, framework: null, returning: false
16:33:02.453 [main] DEBUG c.b.utils.FunnelInstrumentation - Error in getting Product:
java.lang.NullPointerException: Cannot invoke "String.equalsIgnoreCase(String)" because the return value of "com.browserstack.config.BrowserStackConfig.getFramework()" is null
	at com.browserstack.utils.FunnelInstrumentation.a(Unknown Source)
	at java.base/java.util.stream.MatchOps$1MatchSink.accept(MatchOps.java:90)
	at java.base/java.util.Spliterators$ArraySpliterator.tryAdvance(Spliterators.java:1034)
	at java.base/java.util.stream.ReferencePipeline.forEachWithCancel(ReferencePipeline.java:129)
	at java.base/java.util.stream.AbstractPipeline.copyIntoWithCancel(AbstractPipeline.java:527)
	at java.base/java.util.stream.AbstractPipeline.copyInto(AbstractPipeline.java:513)
	at java.base/java.util.stream.AbstractPipeline.wrapAndCopyInto(AbstractPipeline.java:499)
	at java.base/java.util.stream.MatchOps$MatchOp.evaluateSequential(MatchOps.java:230)
	at java.base/java.util.stream.MatchOps$MatchOp.evaluateSequential(MatchOps.java:196)
	at java.base/java.util.stream.AbstractPipeline.evaluate(AbstractPipeline.java:234)
	at java.base/java.util.stream.ReferencePipeline.anyMatch(ReferencePipeline.java:632)
	at com.browserstack.utils.FunnelInstrumentation.getProducts(Unknown Source)
	at com.browserstack.utils.FunnelInstrumentation.createParamsForEvent(Unknown Source)
	at com.browserstack.utils.FunnelInstrumentation.sendSDKEvent(Unknown Source)
	at com.browserstack.testNgListeners.TmpSuiteListener.onFinish(Unknown Source)
	at org.testng.TestRunner.fireEvent(TestRunner.java:957)
	at org.testng.TestRunner.afterRun(TestRunner.java:914)
	at org.testng.TestRunner.run(TestRunner.java:622)
	at org.testng.SuiteRunner.runTest(SuiteRunner.java:443)
	at org.testng.SuiteRunner.runSequentially(SuiteRunner.java:437)
	at org.testng.SuiteRunner.privateRun(SuiteRunner.java:397)
	at org.testng.SuiteRunner.run(SuiteRunner.java:336)
	at org.testng.SuiteRunnerWorker.runSuite(SuiteRunnerWorker.java:52)
	at org.testng.SuiteRunnerWorker.run(SuiteRunnerWorker.java:95)
	at org.testng.TestNG.runSuitesSequentially(TestNG.java:1301)
	at org.testng.TestNG.runSuitesLocally(TestNG.java:1228)
	at org.testng.TestNG.runSuites(TestNG.java:1134)
	at org.testng.TestNG.run(TestNG.java:1101)
	at org.testng.remote.AbstractRemoteTestNG.run(AbstractRemoteTestNG.java:115)
	at org.testng.remote.RemoteTestNG.initAndRun(RemoteTestNG.java:293)
	at org.testng.remote.RemoteTestNG.main(RemoteTestNG.java:91)
16:33:02.454 [main] TRACE c.b.config.BrowserStackConfig - isGaugeTestOpsSession called with testObservabilityExplicit: false, framework: null, returning: false
16:33:02.467 [main] DEBUG c.b.utils.FrameworkDetectionUtils - Couldn't find dependency class: appium
16:33:02.515 [main] DEBUG com.browserstack.testOps.UsageStats - getFormattedData: Collecting data for TEST REPORTING AND ANALYTICS
16:33:02.516 [main] TRACE c.b.config.BrowserStackConfig - isGaugeTestOpsSession called with testObservabilityExplicit: false, framework: null, returning: false
16:33:02.560 [main] TRACE c.b.t.TestOrchestrationUtils - getInstrumentationData: invoked
16:33:02.569 [main] DEBUG c.b.utils.FunnelInstrumentation - Sending funnel data for SDKTestSuccessful with data: {"event_type":"SDKTestSuccessful","accessKey":"[REDACTED]","userName":"[REDACTED]","event_properties":{"isPercyAutoEnabled":false,"language":"java","sdkRunId":"50e60e12-68ea-480c-be41-76ddfabbfff9","buildIdentifier":"unknown","testhub_uuid":"","detectedAppiumVersion":"null","productMap":{"app_automate":false,"accessibility":null,"automate":true,"percy":false,"observability":false,"turboscale":false},"hostname":"DIOT4","measures":{"sdk:pre-test":0.02120000123977661},"productUsage":{"testObservability":{"buildHashedId":"","manuallySet":false,"enabled":false}},"browserStackConfig":{"browserstackLocal":null,"percy":false,"logLevel":"info","staticWebDriver":true,"autoDetectFramework":true,"percyCaptureMode":"AUTO","browserStackLocalOptions":null,"percyOptions":null,"testContextOptions":{"skipSessionStatus":false,"serenityOverridePlugin":false,"skipSessionName":false},"platforms":null,"parallelsPerPlatform":null,"framework":null,"accessibility":false,"accessibilityOptions":{},"turboScaleOptions":{},"disableAutoCaptureLogs":true,"testObservability":true,"browserstackAutomation":true,"turboScale":false,"overrideLoadTesting":false,"testObservabilityOptions":{},"gradleMConfig":null,"proxySettings":null},"automationFrameworkVersion":null,"percyBuildId":null,"product":"[automate]","buildName":"unknown","os":"Windows 10","languageVersion":"21.0.7","appiumVersion":"null","frameworkDetectionInstrumentation":{},"detectedDependencies":"","referrer":"unknown","locationTrigger":"onFinish","accessibilityConfiguration":{"pollingTimeout":30},"language_framework":"unknown","testOrchestration":{"abortBuildOnFailure":{"enabled":false},"retryTestsOnFailure":{"enabled":false},"userConfig":{}},"detectedSeleniumVersion":"4.19.1","automationFramework":"selenium","seleniumVersion":"null"}}
16:33:02.569 [main] DEBUG c.b.utils.FunnelInstrumentation - sendAmplitudeEvent failed:
java.lang.NullPointerException: Parameter specified as non-null is null: method browserstack.shaded.okhttp3.Credentials.basic$default, parameter username
	at browserstack.shaded.okhttp3.Credentials.basic(Unknown Source)
	at browserstack.shaded.okhttp3.Credentials.basic$default(Unknown Source)
	at browserstack.shaded.okhttp3.Credentials.basic(Unknown Source)
	at com.browserstack.utils.FunnelInstrumentation.fireRequest(Unknown Source)
	at com.browserstack.utils.FunnelInstrumentation.sendSDKEvent(Unknown Source)
	at com.browserstack.testNgListeners.TmpSuiteListener.onFinish(Unknown Source)
	at org.testng.TestRunner.fireEvent(TestRunner.java:957)
	at org.testng.TestRunner.afterRun(TestRunner.java:914)
	at org.testng.TestRunner.run(TestRunner.java:622)
	at org.testng.SuiteRunner.runTest(SuiteRunner.java:443)
	at org.testng.SuiteRunner.runSequentially(SuiteRunner.java:437)
	at org.testng.SuiteRunner.privateRun(SuiteRunner.java:397)
	at org.testng.SuiteRunner.run(SuiteRunner.java:336)
	at org.testng.SuiteRunnerWorker.runSuite(SuiteRunnerWorker.java:52)
	at org.testng.SuiteRunnerWorker.run(SuiteRunnerWorker.java:95)
	at org.testng.TestNG.runSuitesSequentially(TestNG.java:1301)
	at org.testng.TestNG.runSuitesLocally(TestNG.java:1228)
	at org.testng.TestNG.runSuites(TestNG.java:1134)
	at org.testng.TestNG.run(TestNG.java:1101)
	at org.testng.remote.AbstractRemoteTestNG.run(AbstractRemoteTestNG.java:115)
	at org.testng.remote.RemoteTestNG.initAndRun(RemoteTestNG.java:293)
	at org.testng.remote.RemoteTestNG.main(RemoteTestNG.java:91)
16:33:02.573 [main] DEBUG c.browserstack.utils.CurrentTestMap - Searching for Test Run ID for Thread: 1
16:33:02.573 [main] TRACE c.b.config.BrowserStackConfig - isGaugeTestOpsSession called with testObservabilityExplicit: false, framework: null, returning: false
16:33:02.574 [main] DEBUG c.browserstack.utils.CurrentTestMap - Searching for Test Run ID for Thread: 1
16:33:02.574 [main] TRACE c.b.config.BrowserStackConfig - isGaugeTestOpsSession called with testObservabilityExplicit: false, framework: null, returning: false
16:33:02.574 [main] DEBUG c.browserstack.utils.CurrentTestMap - Searching for Test Run ID for Thread: 1
16:33:02.574 [main] TRACE c.b.config.BrowserStackConfig - isGaugeTestOpsSession called with testObservabilityExplicit: false, framework: null, returning: false
16:33:02.575 [main] DEBUG c.browserstack.utils.CurrentTestMap - Searching for Test Run ID for Thread: 1
16:33:02.575 [main] TRACE c.b.config.BrowserStackConfig - isGaugeTestOpsSession called with testObservabilityExplicit: false, framework: null, returning: false
16:33:02.613 [main] DEBUG c.b.monitoring.PerformanceTester - Failed to append key metrics to file C:\Users\cdac\CCST_lATEST_iNDUSATRY\CCST_LITCCST_LIT\log\key-metrics.json
16:33:02.614 [main] DEBUG c.browserstack.utils.CurrentTestMap - Searching for Test Run ID for Thread: 1
16:33:02.614 [main] TRACE c.b.config.BrowserStackConfig - isGaugeTestOpsSession called with testObservabilityExplicit: false, framework: null, returning: false
16:35:32.152 [main] TRACE c.b.config.BrowserStackConfig - isGaugeTestOpsSession called with testObservabilityExplicit: false, framework: null, returning: false
16:35:32.556 [main] DEBUG com.browserstack.v2.SdkCliUtils - File C:\Users\cdac\.browserstack already exist
16:35:32.557 [main] DEBUG com.browserstack.v2.SdkCliUtils - getExistingCliPath: no binary found
16:35:32.557 [main] DEBUG com.browserstack.v2.SdkCliUtils - Current CLI Path Found: 
16:35:32.577 [main] ERROR com.browserstack.v2.SdkCliUtils - Error in setting up cli path directory, Exception: java.lang.NullPointerException: Parameter specified as non-null is null: method browserstack.shaded.okhttp3.Credentials.basic$default, parameter username
	at browserstack.shaded.okhttp3.Credentials.basic(Unknown Source)
	at browserstack.shaded.okhttp3.Credentials.basic$default(Unknown Source)
	at browserstack.shaded.okhttp3.Credentials.basic(Unknown Source)
	at com.browserstack.v2.SdkCliUtils.a(Unknown Source)
	at com.browserstack.v2.SdkCliUtils.checkAndUpdateCli(Unknown Source)
	at com.browserstack.v2.SdkCliUtils.setupCliPath(Unknown Source)
	at com.browserstack.v2.SdkCLI.<clinit>(Unknown Source)
	at com.browserstack.monitoring.PerformanceTester.measure(Unknown Source)
	at com.browserstack.monitoring.PerformanceTester.end(Unknown Source)
	at com.browserstack.testNgListeners.BrowserstackSuiteListener.a(Unknown Source)
	at com.browserstack.testNgListeners.BrowserstackSuiteListener.onStart(Unknown Source)
	at org.testng.SuiteRunner.invokeListeners(SuiteRunner.java:268)
	at org.testng.SuiteRunner.run(SuiteRunner.java:334)
	at org.testng.SuiteRunnerWorker.runSuite(SuiteRunnerWorker.java:52)
	at org.testng.SuiteRunnerWorker.run(SuiteRunnerWorker.java:95)
	at org.testng.TestNG.runSuitesSequentially(TestNG.java:1301)
	at org.testng.TestNG.runSuitesLocally(TestNG.java:1228)
	at org.testng.TestNG.runSuites(TestNG.java:1134)
	at org.testng.TestNG.run(TestNG.java:1101)
	at org.testng.remote.AbstractRemoteTestNG.run(AbstractRemoteTestNG.java:115)
	at org.testng.remote.RemoteTestNG.initAndRun(RemoteTestNG.java:293)
	at org.testng.remote.RemoteTestNG.main(RemoteTestNG.java:91)

16:35:32.583 [main] DEBUG c.b.monitoring.PerformanceTester - Failed to append key metrics to file C:\Users\cdac\CCST_lATEST_iNDUSATRY\CCST_LITCCST_LIT\log\key-metrics.json
16:35:32.665 [main] TRACE c.b.config.BrowserStackConfig - isGaugeTestOpsSession called with testObservabilityExplicit: false, framework: null, returning: false
16:35:32.668 [main] DEBUG c.b.utils.FunnelInstrumentation - Error in getting Product:
java.lang.NullPointerException: Cannot invoke "String.equalsIgnoreCase(String)" because the return value of "com.browserstack.config.BrowserStackConfig.getFramework()" is null
	at com.browserstack.utils.FunnelInstrumentation.a(Unknown Source)
	at java.base/java.util.stream.MatchOps$1MatchSink.accept(MatchOps.java:90)
	at java.base/java.util.Spliterators$ArraySpliterator.tryAdvance(Spliterators.java:1034)
	at java.base/java.util.stream.ReferencePipeline.forEachWithCancel(ReferencePipeline.java:129)
	at java.base/java.util.stream.AbstractPipeline.copyIntoWithCancel(AbstractPipeline.java:527)
	at java.base/java.util.stream.AbstractPipeline.copyInto(AbstractPipeline.java:513)
	at java.base/java.util.stream.AbstractPipeline.wrapAndCopyInto(AbstractPipeline.java:499)
	at java.base/java.util.stream.MatchOps$MatchOp.evaluateSequential(MatchOps.java:230)
	at java.base/java.util.stream.MatchOps$MatchOp.evaluateSequential(MatchOps.java:196)
	at java.base/java.util.stream.AbstractPipeline.evaluate(AbstractPipeline.java:234)
	at java.base/java.util.stream.ReferencePipeline.anyMatch(ReferencePipeline.java:632)
	at com.browserstack.utils.FunnelInstrumentation.getProducts(Unknown Source)
	at com.browserstack.utils.FunnelInstrumentation.createParamsForEvent(Unknown Source)
	at com.browserstack.utils.FunnelInstrumentation.sendSDKEvent(Unknown Source)
	at com.browserstack.testNgListeners.TmpSuiteListener.onFinish(Unknown Source)
	at org.testng.TestRunner.fireEvent(TestRunner.java:957)
	at org.testng.TestRunner.afterRun(TestRunner.java:914)
	at org.testng.TestRunner.run(TestRunner.java:622)
	at org.testng.SuiteRunner.runTest(SuiteRunner.java:443)
	at org.testng.SuiteRunner.runSequentially(SuiteRunner.java:437)
	at org.testng.SuiteRunner.privateRun(SuiteRunner.java:397)
	at org.testng.SuiteRunner.run(SuiteRunner.java:336)
	at org.testng.SuiteRunnerWorker.runSuite(SuiteRunnerWorker.java:52)
	at org.testng.SuiteRunnerWorker.run(SuiteRunnerWorker.java:95)
	at org.testng.TestNG.runSuitesSequentially(TestNG.java:1301)
	at org.testng.TestNG.runSuitesLocally(TestNG.java:1228)
	at org.testng.TestNG.runSuites(TestNG.java:1134)
	at org.testng.TestNG.run(TestNG.java:1101)
	at org.testng.remote.AbstractRemoteTestNG.run(AbstractRemoteTestNG.java:115)
	at org.testng.remote.RemoteTestNG.initAndRun(RemoteTestNG.java:293)
	at org.testng.remote.RemoteTestNG.main(RemoteTestNG.java:91)
16:35:32.669 [main] TRACE c.b.config.BrowserStackConfig - isGaugeTestOpsSession called with testObservabilityExplicit: false, framework: null, returning: false
16:35:32.681 [main] DEBUG c.b.utils.FrameworkDetectionUtils - Couldn't find dependency class: appium
16:35:32.726 [main] DEBUG com.browserstack.testOps.UsageStats - getFormattedData: Collecting data for TEST REPORTING AND ANALYTICS
16:35:32.726 [main] TRACE c.b.config.BrowserStackConfig - isGaugeTestOpsSession called with testObservabilityExplicit: false, framework: null, returning: false
16:35:32.766 [main] TRACE c.b.t.TestOrchestrationUtils - getInstrumentationData: invoked
16:35:32.776 [main] DEBUG c.b.utils.FunnelInstrumentation - Sending funnel data for SDKTestSuccessful with data: {"event_type":"SDKTestSuccessful","accessKey":"[REDACTED]","userName":"[REDACTED]","event_properties":{"isPercyAutoEnabled":false,"language":"java","sdkRunId":"57a63822-9002-45e9-ad17-5ffd4dd5eb59","buildIdentifier":"unknown","testhub_uuid":"","detectedAppiumVersion":"null","productMap":{"app_automate":false,"accessibility":null,"automate":true,"percy":false,"observability":false,"turboscale":false},"hostname":"DIOT4","measures":{"sdk:pre-test":0.010900000110268593},"productUsage":{"testObservability":{"buildHashedId":"","manuallySet":false,"enabled":false}},"browserStackConfig":{"browserstackLocal":null,"percy":false,"logLevel":"info","staticWebDriver":true,"autoDetectFramework":true,"percyCaptureMode":"AUTO","browserStackLocalOptions":null,"percyOptions":null,"testContextOptions":{"skipSessionStatus":false,"serenityOverridePlugin":false,"skipSessionName":false},"platforms":null,"parallelsPerPlatform":null,"framework":null,"accessibility":false,"accessibilityOptions":{},"turboScaleOptions":{},"disableAutoCaptureLogs":true,"testObservability":true,"browserstackAutomation":true,"turboScale":false,"overrideLoadTesting":false,"testObservabilityOptions":{},"gradleMConfig":null,"proxySettings":null},"automationFrameworkVersion":null,"percyBuildId":null,"product":"[automate]","buildName":"unknown","os":"Windows 10","languageVersion":"21.0.7","appiumVersion":"null","frameworkDetectionInstrumentation":{},"detectedDependencies":"","referrer":"unknown","locationTrigger":"onFinish","accessibilityConfiguration":{"pollingTimeout":30},"language_framework":"unknown","testOrchestration":{"abortBuildOnFailure":{"enabled":false},"retryTestsOnFailure":{"enabled":false},"userConfig":{}},"detectedSeleniumVersion":"4.19.1","automationFramework":"selenium","seleniumVersion":"null"}}
16:35:32.776 [main] DEBUG c.b.utils.FunnelInstrumentation - sendAmplitudeEvent failed:
java.lang.NullPointerException: Parameter specified as non-null is null: method browserstack.shaded.okhttp3.Credentials.basic$default, parameter username
	at browserstack.shaded.okhttp3.Credentials.basic(Unknown Source)
	at browserstack.shaded.okhttp3.Credentials.basic$default(Unknown Source)
	at browserstack.shaded.okhttp3.Credentials.basic(Unknown Source)
	at com.browserstack.utils.FunnelInstrumentation.fireRequest(Unknown Source)
	at com.browserstack.utils.FunnelInstrumentation.sendSDKEvent(Unknown Source)
	at com.browserstack.testNgListeners.TmpSuiteListener.onFinish(Unknown Source)
	at org.testng.TestRunner.fireEvent(TestRunner.java:957)
	at org.testng.TestRunner.afterRun(TestRunner.java:914)
	at org.testng.TestRunner.run(TestRunner.java:622)
	at org.testng.SuiteRunner.runTest(SuiteRunner.java:443)
	at org.testng.SuiteRunner.runSequentially(SuiteRunner.java:437)
	at org.testng.SuiteRunner.privateRun(SuiteRunner.java:397)
	at org.testng.SuiteRunner.run(SuiteRunner.java:336)
	at org.testng.SuiteRunnerWorker.runSuite(SuiteRunnerWorker.java:52)
	at org.testng.SuiteRunnerWorker.run(SuiteRunnerWorker.java:95)
	at org.testng.TestNG.runSuitesSequentially(TestNG.java:1301)
	at org.testng.TestNG.runSuitesLocally(TestNG.java:1228)
	at org.testng.TestNG.runSuites(TestNG.java:1134)
	at org.testng.TestNG.run(TestNG.java:1101)
	at org.testng.remote.AbstractRemoteTestNG.run(AbstractRemoteTestNG.java:115)
	at org.testng.remote.RemoteTestNG.initAndRun(RemoteTestNG.java:293)
	at org.testng.remote.RemoteTestNG.main(RemoteTestNG.java:91)
16:35:32.780 [main] DEBUG c.browserstack.utils.CurrentTestMap - Searching for Test Run ID for Thread: 1
16:35:32.780 [main] TRACE c.b.config.BrowserStackConfig - isGaugeTestOpsSession called with testObservabilityExplicit: false, framework: null, returning: false
16:35:32.781 [main] DEBUG c.browserstack.utils.CurrentTestMap - Searching for Test Run ID for Thread: 1
16:35:32.781 [main] TRACE c.b.config.BrowserStackConfig - isGaugeTestOpsSession called with testObservabilityExplicit: false, framework: null, returning: false
16:35:32.782 [main] DEBUG c.browserstack.utils.CurrentTestMap - Searching for Test Run ID for Thread: 1
16:35:32.782 [main] TRACE c.b.config.BrowserStackConfig - isGaugeTestOpsSession called with testObservabilityExplicit: false, framework: null, returning: false
16:35:32.783 [main] DEBUG c.browserstack.utils.CurrentTestMap - Searching for Test Run ID for Thread: 1
16:35:32.783 [main] TRACE c.b.config.BrowserStackConfig - isGaugeTestOpsSession called with testObservabilityExplicit: false, framework: null, returning: false
16:35:32.831 [main] DEBUG c.b.monitoring.PerformanceTester - Failed to append key metrics to file C:\Users\cdac\CCST_lATEST_iNDUSATRY\CCST_LITCCST_LIT\log\key-metrics.json
16:35:32.833 [main] DEBUG c.browserstack.utils.CurrentTestMap - Searching for Test Run ID for Thread: 1
16:35:32.833 [main] TRACE c.b.config.BrowserStackConfig - isGaugeTestOpsSession called with testObservabilityExplicit: false, framework: null, returning: false
19:50:36.283 [main] TRACE c.b.config.BrowserStackConfig - isGaugeTestOpsSession called with testObservabilityExplicit: false, framework: null, returning: false
19:50:36.774 [main] DEBUG com.browserstack.v2.SdkCliUtils - File C:\Users\cdac\.browserstack already exist
19:50:36.784 [main] DEBUG com.browserstack.v2.SdkCliUtils - getExistingCliPath: no binary found
19:50:36.784 [main] DEBUG com.browserstack.v2.SdkCliUtils - Current CLI Path Found: 
19:50:36.803 [main] ERROR com.browserstack.v2.SdkCliUtils - Error in setting up cli path directory, Exception: java.lang.NullPointerException: Parameter specified as non-null is null: method browserstack.shaded.okhttp3.Credentials.basic$default, parameter username
	at browserstack.shaded.okhttp3.Credentials.basic(Unknown Source)
	at browserstack.shaded.okhttp3.Credentials.basic$default(Unknown Source)
	at browserstack.shaded.okhttp3.Credentials.basic(Unknown Source)
	at com.browserstack.v2.SdkCliUtils.a(Unknown Source)
	at com.browserstack.v2.SdkCliUtils.checkAndUpdateCli(Unknown Source)
	at com.browserstack.v2.SdkCliUtils.setupCliPath(Unknown Source)
	at com.browserstack.v2.SdkCLI.<clinit>(Unknown Source)
	at com.browserstack.monitoring.PerformanceTester.measure(Unknown Source)
	at com.browserstack.monitoring.PerformanceTester.end(Unknown Source)
	at com.browserstack.testNgListeners.BrowserstackSuiteListener.a(Unknown Source)
	at com.browserstack.testNgListeners.BrowserstackSuiteListener.onStart(Unknown Source)
	at org.testng.SuiteRunner.invokeListeners(SuiteRunner.java:268)
	at org.testng.SuiteRunner.run(SuiteRunner.java:334)
	at org.testng.SuiteRunnerWorker.runSuite(SuiteRunnerWorker.java:52)
	at org.testng.SuiteRunnerWorker.run(SuiteRunnerWorker.java:95)
	at org.testng.TestNG.runSuitesSequentially(TestNG.java:1301)
	at org.testng.TestNG.runSuitesLocally(TestNG.java:1228)
	at org.testng.TestNG.runSuites(TestNG.java:1134)
	at org.testng.TestNG.run(TestNG.java:1101)
	at org.testng.remote.AbstractRemoteTestNG.run(AbstractRemoteTestNG.java:115)
	at org.testng.remote.RemoteTestNG.initAndRun(RemoteTestNG.java:293)
	at org.testng.remote.RemoteTestNG.main(RemoteTestNG.java:91)

19:50:36.817 [main] DEBUG c.b.monitoring.PerformanceTester - Failed to append key metrics to file C:\Users\cdac\CCST_lATEST_iNDUSATRY\CCST_LITCCST_LIT\log\key-metrics.json
19:50:44.665 [main] TRACE c.b.config.BrowserStackConfig - isGaugeTestOpsSession called with testObservabilityExplicit: false, framework: null, returning: false
19:50:44.667 [main] DEBUG c.b.utils.FunnelInstrumentation - Error in getting Product:
java.lang.NullPointerException: Cannot invoke "String.equalsIgnoreCase(String)" because the return value of "com.browserstack.config.BrowserStackConfig.getFramework()" is null
	at com.browserstack.utils.FunnelInstrumentation.a(Unknown Source)
	at java.base/java.util.stream.MatchOps$1MatchSink.accept(MatchOps.java:90)
	at java.base/java.util.Spliterators$ArraySpliterator.tryAdvance(Spliterators.java:1034)
	at java.base/java.util.stream.ReferencePipeline.forEachWithCancel(ReferencePipeline.java:129)
	at java.base/java.util.stream.AbstractPipeline.copyIntoWithCancel(AbstractPipeline.java:527)
	at java.base/java.util.stream.AbstractPipeline.copyInto(AbstractPipeline.java:513)
	at java.base/java.util.stream.AbstractPipeline.wrapAndCopyInto(AbstractPipeline.java:499)
	at java.base/java.util.stream.MatchOps$MatchOp.evaluateSequential(MatchOps.java:230)
	at java.base/java.util.stream.MatchOps$MatchOp.evaluateSequential(MatchOps.java:196)
	at java.base/java.util.stream.AbstractPipeline.evaluate(AbstractPipeline.java:234)
	at java.base/java.util.stream.ReferencePipeline.anyMatch(ReferencePipeline.java:632)
	at com.browserstack.utils.FunnelInstrumentation.getProducts(Unknown Source)
	at com.browserstack.utils.FunnelInstrumentation.createParamsForEvent(Unknown Source)
	at com.browserstack.utils.FunnelInstrumentation.sendSDKEvent(Unknown Source)
	at com.browserstack.testNgListeners.TmpSuiteListener.onFinish(Unknown Source)
	at org.testng.TestRunner.fireEvent(TestRunner.java:957)
	at org.testng.TestRunner.afterRun(TestRunner.java:914)
	at org.testng.TestRunner.run(TestRunner.java:622)
	at org.testng.SuiteRunner.runTest(SuiteRunner.java:443)
	at org.testng.SuiteRunner.runSequentially(SuiteRunner.java:437)
	at org.testng.SuiteRunner.privateRun(SuiteRunner.java:397)
	at org.testng.SuiteRunner.run(SuiteRunner.java:336)
	at org.testng.SuiteRunnerWorker.runSuite(SuiteRunnerWorker.java:52)
	at org.testng.SuiteRunnerWorker.run(SuiteRunnerWorker.java:95)
	at org.testng.TestNG.runSuitesSequentially(TestNG.java:1301)
	at org.testng.TestNG.runSuitesLocally(TestNG.java:1228)
	at org.testng.TestNG.runSuites(TestNG.java:1134)
	at org.testng.TestNG.run(TestNG.java:1101)
	at org.testng.remote.AbstractRemoteTestNG.run(AbstractRemoteTestNG.java:115)
	at org.testng.remote.RemoteTestNG.initAndRun(RemoteTestNG.java:293)
	at org.testng.remote.RemoteTestNG.main(RemoteTestNG.java:91)
19:50:44.668 [main] TRACE c.b.config.BrowserStackConfig - isGaugeTestOpsSession called with testObservabilityExplicit: false, framework: null, returning: false
19:50:44.674 [main] DEBUG c.b.utils.FrameworkDetectionUtils - Couldn't find dependency class: appium
19:50:44.710 [main] DEBUG com.browserstack.testOps.UsageStats - getFormattedData: Collecting data for TEST REPORTING AND ANALYTICS
19:50:44.711 [main] TRACE c.b.config.BrowserStackConfig - isGaugeTestOpsSession called with testObservabilityExplicit: false, framework: null, returning: false
19:50:44.752 [main] TRACE c.b.t.TestOrchestrationUtils - getInstrumentationData: invoked
19:50:44.764 [main] DEBUG c.b.utils.FunnelInstrumentation - Sending funnel data for SDKTestSuccessful with data: {"event_type":"SDKTestSuccessful","accessKey":"[REDACTED]","userName":"[REDACTED]","event_properties":{"isPercyAutoEnabled":false,"language":"java","sdkRunId":"99e7cb8c-61d7-41ad-8992-266086e2ad56","buildIdentifier":"unknown","testhub_uuid":"","detectedAppiumVersion":"null","productMap":{"app_automate":false,"accessibility":null,"automate":true,"percy":false,"observability":false,"turboscale":false},"hostname":"DIOT4","measures":{"sdk:pre-test":0.01340000331401825},"productUsage":{"testObservability":{"buildHashedId":"","manuallySet":false,"enabled":false}},"browserStackConfig":{"browserstackLocal":null,"percy":false,"logLevel":"info","staticWebDriver":true,"autoDetectFramework":true,"percyCaptureMode":"AUTO","browserStackLocalOptions":null,"percyOptions":null,"testContextOptions":{"skipSessionName":false,"skipSessionStatus":false,"serenityOverridePlugin":false},"platforms":null,"parallelsPerPlatform":null,"framework":null,"accessibility":false,"accessibilityOptions":{},"turboScaleOptions":{},"disableAutoCaptureLogs":true,"testObservability":true,"browserstackAutomation":true,"turboScale":false,"overrideLoadTesting":false,"testObservabilityOptions":{},"gradleMConfig":null,"proxySettings":null},"automationFrameworkVersion":null,"percyBuildId":null,"product":"[automate]","buildName":"unknown","os":"Windows 10","languageVersion":"21.0.7","appiumVersion":"null","frameworkDetectionInstrumentation":{},"detectedDependencies":"","referrer":"unknown","locationTrigger":"onFinish","accessibilityConfiguration":{"pollingTimeout":30},"language_framework":"unknown","testOrchestration":{"abortBuildOnFailure":{"enabled":false},"retryTestsOnFailure":{"enabled":false},"userConfig":{}},"detectedSeleniumVersion":"4.19.1","automationFramework":"selenium","seleniumVersion":"null"}}
19:50:44.765 [main] DEBUG c.b.utils.FunnelInstrumentation - sendAmplitudeEvent failed:
java.lang.NullPointerException: Parameter specified as non-null is null: method browserstack.shaded.okhttp3.Credentials.basic$default, parameter username
	at browserstack.shaded.okhttp3.Credentials.basic(Unknown Source)
	at browserstack.shaded.okhttp3.Credentials.basic$default(Unknown Source)
	at browserstack.shaded.okhttp3.Credentials.basic(Unknown Source)
	at com.browserstack.utils.FunnelInstrumentation.fireRequest(Unknown Source)
	at com.browserstack.utils.FunnelInstrumentation.sendSDKEvent(Unknown Source)
	at com.browserstack.testNgListeners.TmpSuiteListener.onFinish(Unknown Source)
	at org.testng.TestRunner.fireEvent(TestRunner.java:957)
	at org.testng.TestRunner.afterRun(TestRunner.java:914)
	at org.testng.TestRunner.run(TestRunner.java:622)
	at org.testng.SuiteRunner.runTest(SuiteRunner.java:443)
	at org.testng.SuiteRunner.runSequentially(SuiteRunner.java:437)
	at org.testng.SuiteRunner.privateRun(SuiteRunner.java:397)
	at org.testng.SuiteRunner.run(SuiteRunner.java:336)
	at org.testng.SuiteRunnerWorker.runSuite(SuiteRunnerWorker.java:52)
	at org.testng.SuiteRunnerWorker.run(SuiteRunnerWorker.java:95)
	at org.testng.TestNG.runSuitesSequentially(TestNG.java:1301)
	at org.testng.TestNG.runSuitesLocally(TestNG.java:1228)
	at org.testng.TestNG.runSuites(TestNG.java:1134)
	at org.testng.TestNG.run(TestNG.java:1101)
	at org.testng.remote.AbstractRemoteTestNG.run(AbstractRemoteTestNG.java:115)
	at org.testng.remote.RemoteTestNG.initAndRun(RemoteTestNG.java:293)
	at org.testng.remote.RemoteTestNG.main(RemoteTestNG.java:91)
19:50:44.768 [main] DEBUG c.browserstack.utils.CurrentTestMap - Searching for Test Run ID for Thread: 1
19:50:44.768 [main] TRACE c.b.config.BrowserStackConfig - isGaugeTestOpsSession called with testObservabilityExplicit: false, framework: null, returning: false
19:50:44.769 [main] DEBUG c.browserstack.utils.CurrentTestMap - Searching for Test Run ID for Thread: 1
19:50:44.769 [main] TRACE c.b.config.BrowserStackConfig - isGaugeTestOpsSession called with testObservabilityExplicit: false, framework: null, returning: false
19:50:44.770 [main] DEBUG c.browserstack.utils.CurrentTestMap - Searching for Test Run ID for Thread: 1
19:50:44.770 [main] TRACE c.b.config.BrowserStackConfig - isGaugeTestOpsSession called with testObservabilityExplicit: false, framework: null, returning: false
19:50:44.811 [main] DEBUG c.b.monitoring.PerformanceTester - Failed to append key metrics to file C:\Users\cdac\CCST_lATEST_iNDUSATRY\CCST_LITCCST_LIT\log\key-metrics.json
19:50:44.812 [main] DEBUG c.browserstack.utils.CurrentTestMap - Searching for Test Run ID for Thread: 1
19:50:44.812 [main] TRACE c.b.config.BrowserStackConfig - isGaugeTestOpsSession called with testObservabilityExplicit: false, framework: null, returning: false
19:52:16.718 [main] TRACE c.b.config.BrowserStackConfig - isGaugeTestOpsSession called with testObservabilityExplicit: false, framework: null, returning: false
19:52:17.109 [main] DEBUG com.browserstack.v2.SdkCliUtils - File C:\Users\cdac\.browserstack already exist
19:52:17.110 [main] DEBUG com.browserstack.v2.SdkCliUtils - getExistingCliPath: no binary found
19:52:17.110 [main] DEBUG com.browserstack.v2.SdkCliUtils - Current CLI Path Found: 
19:52:17.128 [main] ERROR com.browserstack.v2.SdkCliUtils - Error in setting up cli path directory, Exception: java.lang.NullPointerException: Parameter specified as non-null is null: method browserstack.shaded.okhttp3.Credentials.basic$default, parameter username
	at browserstack.shaded.okhttp3.Credentials.basic(Unknown Source)
	at browserstack.shaded.okhttp3.Credentials.basic$default(Unknown Source)
	at browserstack.shaded.okhttp3.Credentials.basic(Unknown Source)
	at com.browserstack.v2.SdkCliUtils.a(Unknown Source)
	at com.browserstack.v2.SdkCliUtils.checkAndUpdateCli(Unknown Source)
	at com.browserstack.v2.SdkCliUtils.setupCliPath(Unknown Source)
	at com.browserstack.v2.SdkCLI.<clinit>(Unknown Source)
	at com.browserstack.monitoring.PerformanceTester.measure(Unknown Source)
	at com.browserstack.monitoring.PerformanceTester.end(Unknown Source)
	at com.browserstack.testNgListeners.BrowserstackSuiteListener.a(Unknown Source)
	at com.browserstack.testNgListeners.BrowserstackSuiteListener.onStart(Unknown Source)
	at org.testng.SuiteRunner.invokeListeners(SuiteRunner.java:268)
	at org.testng.SuiteRunner.run(SuiteRunner.java:334)
	at org.testng.SuiteRunnerWorker.runSuite(SuiteRunnerWorker.java:52)
	at org.testng.SuiteRunnerWorker.run(SuiteRunnerWorker.java:95)
	at org.testng.TestNG.runSuitesSequentially(TestNG.java:1301)
	at org.testng.TestNG.runSuitesLocally(TestNG.java:1228)
	at org.testng.TestNG.runSuites(TestNG.java:1134)
	at org.testng.TestNG.run(TestNG.java:1101)
	at org.testng.remote.AbstractRemoteTestNG.run(AbstractRemoteTestNG.java:115)
	at org.testng.remote.RemoteTestNG.initAndRun(RemoteTestNG.java:293)
	at org.testng.remote.RemoteTestNG.main(RemoteTestNG.java:91)

19:52:17.136 [main] DEBUG c.b.monitoring.PerformanceTester - Failed to append key metrics to file C:\Users\cdac\CCST_lATEST_iNDUSATRY\CCST_LITCCST_LIT\log\key-metrics.json
19:52:19.555 [main] TRACE c.b.config.BrowserStackConfig - isGaugeTestOpsSession called with testObservabilityExplicit: false, framework: null, returning: false
19:52:19.558 [main] DEBUG c.b.utils.FunnelInstrumentation - Error in getting Product:
java.lang.NullPointerException: Cannot invoke "String.equalsIgnoreCase(String)" because the return value of "com.browserstack.config.BrowserStackConfig.getFramework()" is null
	at com.browserstack.utils.FunnelInstrumentation.a(Unknown Source)
	at java.base/java.util.stream.MatchOps$1MatchSink.accept(MatchOps.java:90)
	at java.base/java.util.Spliterators$ArraySpliterator.tryAdvance(Spliterators.java:1034)
	at java.base/java.util.stream.ReferencePipeline.forEachWithCancel(ReferencePipeline.java:129)
	at java.base/java.util.stream.AbstractPipeline.copyIntoWithCancel(AbstractPipeline.java:527)
	at java.base/java.util.stream.AbstractPipeline.copyInto(AbstractPipeline.java:513)
	at java.base/java.util.stream.AbstractPipeline.wrapAndCopyInto(AbstractPipeline.java:499)
	at java.base/java.util.stream.MatchOps$MatchOp.evaluateSequential(MatchOps.java:230)
	at java.base/java.util.stream.MatchOps$MatchOp.evaluateSequential(MatchOps.java:196)
	at java.base/java.util.stream.AbstractPipeline.evaluate(AbstractPipeline.java:234)
	at java.base/java.util.stream.ReferencePipeline.anyMatch(ReferencePipeline.java:632)
	at com.browserstack.utils.FunnelInstrumentation.getProducts(Unknown Source)
	at com.browserstack.utils.FunnelInstrumentation.createParamsForEvent(Unknown Source)
	at com.browserstack.utils.FunnelInstrumentation.sendSDKEvent(Unknown Source)
	at com.browserstack.testNgListeners.TmpSuiteListener.onFinish(Unknown Source)
	at org.testng.TestRunner.fireEvent(TestRunner.java:957)
	at org.testng.TestRunner.afterRun(TestRunner.java:914)
	at org.testng.TestRunner.run(TestRunner.java:622)
	at org.testng.SuiteRunner.runTest(SuiteRunner.java:443)
	at org.testng.SuiteRunner.runSequentially(SuiteRunner.java:437)
	at org.testng.SuiteRunner.privateRun(SuiteRunner.java:397)
	at org.testng.SuiteRunner.run(SuiteRunner.java:336)
	at org.testng.SuiteRunnerWorker.runSuite(SuiteRunnerWorker.java:52)
	at org.testng.SuiteRunnerWorker.run(SuiteRunnerWorker.java:95)
	at org.testng.TestNG.runSuitesSequentially(TestNG.java:1301)
	at org.testng.TestNG.runSuitesLocally(TestNG.java:1228)
	at org.testng.TestNG.runSuites(TestNG.java:1134)
	at org.testng.TestNG.run(TestNG.java:1101)
	at org.testng.remote.AbstractRemoteTestNG.run(AbstractRemoteTestNG.java:115)
	at org.testng.remote.RemoteTestNG.initAndRun(RemoteTestNG.java:293)
	at org.testng.remote.RemoteTestNG.main(RemoteTestNG.java:91)
19:52:19.559 [main] TRACE c.b.config.BrowserStackConfig - isGaugeTestOpsSession called with testObservabilityExplicit: false, framework: null, returning: false
19:52:19.568 [main] DEBUG c.b.utils.FrameworkDetectionUtils - Couldn't find dependency class: appium
19:52:19.605 [main] DEBUG com.browserstack.testOps.UsageStats - getFormattedData: Collecting data for TEST REPORTING AND ANALYTICS
19:52:19.605 [main] TRACE c.b.config.BrowserStackConfig - isGaugeTestOpsSession called with testObservabilityExplicit: false, framework: null, returning: false
19:52:19.645 [main] TRACE c.b.t.TestOrchestrationUtils - getInstrumentationData: invoked
19:52:19.656 [main] DEBUG c.b.utils.FunnelInstrumentation - Sending funnel data for SDKTestSuccessful with data: {"event_type":"SDKTestSuccessful","accessKey":"[REDACTED]","userName":"[REDACTED]","event_properties":{"isPercyAutoEnabled":false,"language":"java","sdkRunId":"be170002-9d4b-46f0-b186-22392d54eb2a","buildIdentifier":"unknown","testhub_uuid":"","detectedAppiumVersion":"null","productMap":{"app_automate":false,"accessibility":null,"automate":true,"percy":false,"observability":false,"turboscale":false},"hostname":"DIOT4","measures":{"sdk:pre-test":0.010800004005432129},"productUsage":{"testObservability":{"buildHashedId":"","manuallySet":false,"enabled":false}},"browserStackConfig":{"browserstackLocal":null,"percy":false,"logLevel":"info","staticWebDriver":true,"autoDetectFramework":true,"percyCaptureMode":"AUTO","browserStackLocalOptions":null,"percyOptions":null,"testContextOptions":{"skipSessionName":false,"serenityOverridePlugin":false,"skipSessionStatus":false},"platforms":null,"parallelsPerPlatform":null,"framework":null,"accessibility":false,"accessibilityOptions":{},"turboScaleOptions":{},"disableAutoCaptureLogs":true,"testObservability":true,"browserstackAutomation":true,"turboScale":false,"overrideLoadTesting":false,"testObservabilityOptions":{},"gradleMConfig":null,"proxySettings":null},"automationFrameworkVersion":null,"percyBuildId":null,"product":"[automate]","buildName":"unknown","os":"Windows 10","languageVersion":"21.0.7","appiumVersion":"null","frameworkDetectionInstrumentation":{},"detectedDependencies":"","referrer":"unknown","locationTrigger":"onFinish","accessibilityConfiguration":{"pollingTimeout":30},"language_framework":"unknown","testOrchestration":{"abortBuildOnFailure":{"enabled":false},"retryTestsOnFailure":{"enabled":false},"userConfig":{}},"detectedSeleniumVersion":"4.19.1","automationFramework":"selenium","seleniumVersion":"null"}}
19:52:19.657 [main] DEBUG c.b.utils.FunnelInstrumentation - sendAmplitudeEvent failed:
java.lang.NullPointerException: Parameter specified as non-null is null: method browserstack.shaded.okhttp3.Credentials.basic$default, parameter username
	at browserstack.shaded.okhttp3.Credentials.basic(Unknown Source)
	at browserstack.shaded.okhttp3.Credentials.basic$default(Unknown Source)
	at browserstack.shaded.okhttp3.Credentials.basic(Unknown Source)
	at com.browserstack.utils.FunnelInstrumentation.fireRequest(Unknown Source)
	at com.browserstack.utils.FunnelInstrumentation.sendSDKEvent(Unknown Source)
	at com.browserstack.testNgListeners.TmpSuiteListener.onFinish(Unknown Source)
	at org.testng.TestRunner.fireEvent(TestRunner.java:957)
	at org.testng.TestRunner.afterRun(TestRunner.java:914)
	at org.testng.TestRunner.run(TestRunner.java:622)
	at org.testng.SuiteRunner.runTest(SuiteRunner.java:443)
	at org.testng.SuiteRunner.runSequentially(SuiteRunner.java:437)
	at org.testng.SuiteRunner.privateRun(SuiteRunner.java:397)
	at org.testng.SuiteRunner.run(SuiteRunner.java:336)
	at org.testng.SuiteRunnerWorker.runSuite(SuiteRunnerWorker.java:52)
	at org.testng.SuiteRunnerWorker.run(SuiteRunnerWorker.java:95)
	at org.testng.TestNG.runSuitesSequentially(TestNG.java:1301)
	at org.testng.TestNG.runSuitesLocally(TestNG.java:1228)
	at org.testng.TestNG.runSuites(TestNG.java:1134)
	at org.testng.TestNG.run(TestNG.java:1101)
	at org.testng.remote.AbstractRemoteTestNG.run(AbstractRemoteTestNG.java:115)
	at org.testng.remote.RemoteTestNG.initAndRun(RemoteTestNG.java:293)
	at org.testng.remote.RemoteTestNG.main(RemoteTestNG.java:91)
19:52:19.659 [main] DEBUG c.browserstack.utils.CurrentTestMap - Searching for Test Run ID for Thread: 1
19:52:19.659 [main] TRACE c.b.config.BrowserStackConfig - isGaugeTestOpsSession called with testObservabilityExplicit: false, framework: null, returning: false
19:52:19.660 [main] DEBUG c.browserstack.utils.CurrentTestMap - Searching for Test Run ID for Thread: 1
19:52:19.660 [main] TRACE c.b.config.BrowserStackConfig - isGaugeTestOpsSession called with testObservabilityExplicit: false, framework: null, returning: false
19:52:19.683 [main] DEBUG c.b.monitoring.PerformanceTester - Failed to append key metrics to file C:\Users\cdac\CCST_lATEST_iNDUSATRY\CCST_LITCCST_LIT\log\key-metrics.json
19:52:19.684 [main] DEBUG c.browserstack.utils.CurrentTestMap - Searching for Test Run ID for Thread: 1
19:52:19.684 [main] TRACE c.b.config.BrowserStackConfig - isGaugeTestOpsSession called with testObservabilityExplicit: false, framework: null, returning: false
