<?xml version="1.0" encoding="UTF-8"?>
<testng-results ignored="0" total="2" passed="2" failed="0" skipped="0">
  <reporter-output>
  </reporter-output>
  <suite started-at="2025-11-25T16:04:14 IST" name="BrowserStack Suite" finished-at="2025-11-25T16:04:40 IST" duration-ms="25658">
    <groups>
    </groups>
    <test started-at="2025-11-25T16:04:14 IST" name="Simple TestNG Tests" finished-at="2025-11-25T16:04:40 IST" duration-ms="25658">
      <class name="ccstDemo.Login_SauceDemo_TestNG">
        <test-method is-config="true" signature="setUp()[pri:0, instance:ccstDemo.Login_SauceDemo_TestNG@2c532cd8]" started-at="2025-11-25T16:04:14 IST" name="setUp" finished-at="2025-11-25T16:04:15 IST" duration-ms="1448" status="PASS">
          <reporter-output>
          </reporter-output>
        </test-method> <!-- setUp -->
        <test-method signature="testPositiveLoginSauceDemo()[pri:1, instance:ccstDemo.Login_SauceDemo_TestNG@2c532cd8]" started-at="2025-11-25T16:04:15 IST" name="testPositiveLoginSauceDemo" finished-at="2025-11-25T16:04:16 IST" duration-ms="1023" status="PASS">
          <reporter-output>
          </reporter-output>
        </test-method> <!-- testPositiveLoginSauceDemo -->
        <test-method is-config="true" signature="tearDown()[pri:0, instance:ccstDemo.Login_SauceDemo_TestNG@2c532cd8]" started-at="2025-11-25T16:04:16 IST" name="tearDown" finished-at="2025-11-25T16:04:17 IST" duration-ms="141" status="PASS">
          <reporter-output>
          </reporter-output>
        </test-method> <!-- tearDown -->
        <test-method is-config="true" signature="setUp()[pri:0, instance:ccstDemo.Login_SauceDemo_TestNG@2c532cd8]" started-at="2025-11-25T16:04:17 IST" name="setUp" finished-at="2025-11-25T16:04:18 IST" duration-ms="1014" status="PASS">
          <reporter-output>
          </reporter-output>
        </test-method> <!-- setUp -->
        <test-method signature="testNegativeLoginSauceDemo()[pri:2, instance:ccstDemo.Login_SauceDemo_TestNG@2c532cd8]" started-at="2025-11-25T16:04:18 IST" name="testNegativeLoginSauceDemo" finished-at="2025-11-25T16:04:39 IST" duration-ms="21756" status="PASS">
          <reporter-output>
          </reporter-output>
        </test-method> <!-- testNegativeLoginSauceDemo -->
        <test-method is-config="true" signature="tearDown()[pri:0, instance:ccstDemo.Login_SauceDemo_TestNG@2c532cd8]" started-at="2025-11-25T16:04:39 IST" name="tearDown" finished-at="2025-11-25T16:04:40 IST" duration-ms="220" status="PASS">
          <reporter-output>
          </reporter-output>
        </test-method> <!-- tearDown -->
      </class> <!-- ccstDemo.Login_SauceDemo_TestNG -->
    </test> <!-- Simple TestNG Tests -->
  </suite> <!-- BrowserStack Suite -->
</testng-results>
