<?xml version="1.0" encoding="UTF-8"?>
<testng-results ignored="0" total="1" passed="1" failed="0" skipped="0">
  <reporter-output>
  </reporter-output>
  <suite started-at="2025-11-27T19:52:17 IST" name="Default suite" finished-at="2025-11-27T19:52:19 IST" duration-ms="2410">
    <groups>
    </groups>
    <test started-at="2025-11-27T19:52:17 IST" name="Default test" finished-at="2025-11-27T19:52:19 IST" duration-ms="2410">
      <class name="ccstDemo.Login_SauceDemo_TestNG">
        <test-method is-config="true" signature="setUp()[pri:0, instance:ccstDemo.Login_SauceDemo_TestNG@2c5529ab]" started-at="2025-11-27T19:52:17 IST" name="setUp" finished-at="2025-11-27T19:52:18 IST" duration-ms="1595" status="PASS">
          <reporter-output>
          </reporter-output>
        </test-method> <!-- setUp -->
        <test-method signature="testPositiveLoginSauceDemo()[pri:1, instance:ccstDemo.Login_SauceDemo_TestNG@2c5529ab]" started-at="2025-11-27T19:52:18 IST" name="testPositiveLoginSauceDemo" finished-at="2025-11-27T19:52:19 IST" duration-ms="763" status="PASS">
          <reporter-output>
          </reporter-output>
        </test-method> <!-- testPositiveLoginSauceDemo -->
      </class> <!-- ccstDemo.Login_SauceDemo_TestNG -->
    </test> <!-- Default test -->
  </suite> <!-- Default suite -->
</testng-results>
