<?xml version="1.0" encoding="UTF-8"?>
<testng-results ignored="0" total="1" passed="1" failed="0" skipped="0">
  <reporter-output>
  </reporter-output>
  <suite started-at="2025-12-23T13:57:35 IST" name="Default suite" finished-at="2025-12-23T13:57:39 IST" duration-ms="3348">
    <groups>
    </groups>
    <test started-at="2025-12-23T13:57:35 IST" name="Default test" finished-at="2025-12-23T13:57:39 IST" duration-ms="3348">
      <class name="com.assignmnet.TestRestAssured">
        <test-method signature="TestSomething()[pri:0, instance:com.assignmnet.TestRestAssured@3a7442c7]" started-at="2025-12-23T13:57:35 IST" name="TestSomething" finished-at="2025-12-23T13:57:39 IST" duration-ms="3291" status="PASS">
          <reporter-output>
          </reporter-output>
        </test-method> <!-- TestSomething -->
      </class> <!-- com.assignmnet.TestRestAssured -->
    </test> <!-- Default test -->
  </suite> <!-- Default suite -->
</testng-results>
